This is pdfTeX, Version 3.14159265-2.6-1.40.16 (TeX Live 2015/Debian) (preloaded format=pdflatex 2015.11.11)  24 NOV 2015 12:01
entering extended mode
 \write18 enabled.
 file:line:error style messages enabled.
 %&-line parsing enabled.
**\input ZABR.tex
(./ZABR.tex (/usr/share/texlive/texmf-dist/tex/latex/amscls/amsart.cls
Document Class: amsart 2015/03/04 v2.20.2
\linespacing=\dimen102
\normalparindent=\dimen103
\normaltopskip=\skip41
(/usr/share/texlive/texmf-dist/tex/latex/amsmath/amsmath.sty
Package: amsmath 2013/01/14 v2.14 AMS math features
\@mathmargin=\skip42

For additional information on amsmath, use the `?' option.
(/usr/share/texlive/texmf-dist/tex/latex/amsmath/amstext.sty
Package: amstext 2000/06/29 v2.01

(/usr/share/texlive/texmf-dist/tex/latex/amsmath/amsgen.sty
File: amsgen.sty 1999/11/30 v2.0
\@emptytoks=\toks14
\ex@=\dimen104
))
(/usr/share/texlive/texmf-dist/tex/latex/amsmath/amsbsy.sty
Package: amsbsy 1999/11/29 v1.2d
\pmbraise@=\dimen105
)
(/usr/share/texlive/texmf-dist/tex/latex/amsmath/amsopn.sty
Package: amsopn 1999/12/14 v2.01 operator names
)
\inf@bad=\count79
LaTeX Info: Redefining \frac on input line 210.
\uproot@=\count80
\leftroot@=\count81
LaTeX Info: Redefining \overline on input line 306.
\classnum@=\count82
\DOTSCASE@=\count83
LaTeX Info: Redefining \ldots on input line 378.
LaTeX Info: Redefining \dots on input line 381.
LaTeX Info: Redefining \cdots on input line 466.
\Mathstrutbox@=\box26
\strutbox@=\box27
\big@size=\dimen106
LaTeX Font Info:    Redeclaring font encoding OML on input line 566.
LaTeX Font Info:    Redeclaring font encoding OMS on input line 567.
\macc@depth=\count84
\c@MaxMatrixCols=\count85
\dotsspace@=\muskip10
\c@parentequation=\count86
\dspbrk@lvl=\count87
\tag@help=\toks15
\row@=\count88
\column@=\count89
\maxfields@=\count90
\andhelp@=\toks16
\eqnshift@=\dimen107
\alignsep@=\dimen108
\tagshift@=\dimen109
\tagwidth@=\dimen110
\totwidth@=\dimen111
\lineht@=\dimen112
\@envbody=\toks17
\multlinegap=\skip43
\multlinetaggap=\skip44
\mathdisplay@stack=\toks18
LaTeX Info: Redefining \[ on input line 2665.
LaTeX Info: Redefining \] on input line 2666.
)
LaTeX Font Info:    Try loading font information for U+msa on input line 388.

(/usr/share/texlive/texmf-dist/tex/latex/amsfonts/umsa.fd
File: umsa.fd 2013/01/14 v3.01 AMS symbols A
)
(/usr/share/texlive/texmf-dist/tex/latex/amsfonts/amsfonts.sty
Package: amsfonts 2013/01/14 v3.01 Basic AMSFonts support
\symAMSa=\mathgroup4
\symAMSb=\mathgroup5
LaTeX Font Info:    Overwriting math alphabet `\mathfrak' in version `bold'
(Font)                  U/euf/m/n --> U/euf/b/n on input line 106.
)
\copyins=\insert233
\abstractbox=\box28
\listisep=\skip45
\c@part=\count91
\c@section=\count92
\c@subsection=\count93
\c@subsubsection=\count94
\c@paragraph=\count95
\c@subparagraph=\count96
\c@figure=\count97
\c@table=\count98
\abovecaptionskip=\skip46
\belowcaptionskip=\skip47
\captionindent=\dimen113
\thm@style=\toks19
\thm@bodyfont=\toks20
\thm@headfont=\toks21
\thm@notefont=\toks22
\thm@headpunct=\toks23
\thm@preskip=\skip48
\thm@postskip=\skip49
\thm@headsep=\skip50
\dth@everypar=\toks24
)
(/usr/share/texlive/texmf-dist/tex/latex/amsfonts/amssymb.sty
Package: amssymb 2013/01/14 v3.01 AMS font symbols
)
(/usr/share/texlive/texmf-dist/tex/latex/graphics/graphicx.sty
Package: graphicx 2014/10/28 v1.0g Enhanced LaTeX Graphics (DPC,SPQR)

(/usr/share/texlive/texmf-dist/tex/latex/graphics/keyval.sty
Package: keyval 2014/10/28 v1.15 key=value parser (DPC)
\KV@toks@=\toks25
)
(/usr/share/texlive/texmf-dist/tex/latex/graphics/graphics.sty
Package: graphics 2014/10/28 v1.0p Standard LaTeX Graphics (DPC,SPQR)

(/usr/share/texlive/texmf-dist/tex/latex/graphics/trig.sty
Package: trig 1999/03/16 v1.09 sin cos tan (DPC)
)
(/usr/share/texlive/texmf-dist/tex/latex/latexconfig/graphics.cfg
File: graphics.cfg 2010/04/23 v1.9 graphics configuration of TeX Live
)
Package graphics Info: Driver file: pdftex.def on input line 94.

(/usr/share/texlive/texmf-dist/tex/latex/pdftex-def/pdftex.def
File: pdftex.def 2011/05/27 v0.06d Graphics/color for pdfTeX

(/usr/share/texlive/texmf-dist/tex/generic/oberdiek/infwarerr.sty
Package: infwarerr 2010/04/08 v1.3 Providing info/warning/error messages (HO)
)
(/usr/share/texlive/texmf-dist/tex/generic/oberdiek/ltxcmds.sty
Package: ltxcmds 2011/11/09 v1.22 LaTeX kernel commands for general use (HO)
)
\Gread@gobject=\count99
))
\Gin@req@height=\dimen114
\Gin@req@width=\dimen115
)
(/usr/share/texlive/texmf-dist/tex/latex/gnuplottex/gnuplottex.sty
Package: gnuplottex 2013/11/24 v0.8 gnuplot graphs in LaTeX

(/usr/share/texlive/texmf-dist/tex/latex/base/latexsym.sty
Package: latexsym 1998/08/17 v2.2e Standard LaTeX package (lasy symbols)
\symlasy=\mathgroup6
LaTeX Font Info:    Overwriting symbol font `lasy' in version `bold'
(Font)                  U/lasy/m/n --> U/lasy/b/n on input line 52.
)
(/usr/share/texlive/texmf-dist/tex/latex/moreverb/moreverb.sty
Package: moreverb 2008/06/03 v2.3a `more' verbatim facilities

(/usr/share/texlive/texmf-dist/tex/latex/tools/verbatim.sty
Package: verbatim 2014/10/28 v1.5q LaTeX2e package for verbatim enhancements
\every@verbatim=\toks26
\verbatim@line=\toks27
\verbatim@in@stream=\read1
)
\tab@position=\count100
\tab@size=\count101
\listing@line=\count102
)
(/usr/share/texlive/texmf-dist/tex/latex/base/ifthen.sty
Package: ifthen 2014/09/29 v1.1c Standard LaTeX ifthen package (DPC)
)
\verbatim@out=\write3
runsystem(touch w18-test-20151124721.tex)...executed.

runsystem(rm -f w18-test-20151124721.tex)...executed.

Package gnuplottex Info: Automatically converting gnuplot files. on input line 
109.
\c@fignum=\count103
)
(/usr/share/texlive/texmf-dist/tex/latex/oberdiek/epstopdf.sty
Package: epstopdf 2010/02/09 v2.5 Conversion with epstopdf on the fly (HO)

(/usr/share/texlive/texmf-dist/tex/latex/oberdiek/epstopdf-base.sty
Package: epstopdf-base 2010/02/09 v2.5 Base part for package epstopdf

(/usr/share/texlive/texmf-dist/tex/latex/oberdiek/grfext.sty
Package: grfext 2010/08/19 v1.1 Manage graphics extensions (HO)

(/usr/share/texlive/texmf-dist/tex/generic/oberdiek/kvdefinekeys.sty
Package: kvdefinekeys 2011/04/07 v1.3 Define keys (HO)
))
(/usr/share/texlive/texmf-dist/tex/latex/oberdiek/kvoptions.sty
Package: kvoptions 2011/06/30 v3.11 Key value format for package options (HO)

(/usr/share/texlive/texmf-dist/tex/generic/oberdiek/kvsetkeys.sty
Package: kvsetkeys 2012/04/25 v1.16 Key value parser (HO)

(/usr/share/texlive/texmf-dist/tex/generic/oberdiek/etexcmds.sty
Package: etexcmds 2011/02/16 v1.5 Avoid name clashes with e-TeX commands (HO)

(/usr/share/texlive/texmf-dist/tex/generic/oberdiek/ifluatex.sty
Package: ifluatex 2010/03/01 v1.3 Provides the ifluatex switch (HO)
Package ifluatex Info: LuaTeX not detected.
)
Package etexcmds Info: Could not find \expanded.
(etexcmds)             That can mean that you are not using pdfTeX 1.50 or
(etexcmds)             that some package has redefined \expanded.
(etexcmds)             In the latter case, load this package earlier.
)))
(/usr/share/texlive/texmf-dist/tex/generic/oberdiek/pdftexcmds.sty
Package: pdftexcmds 2011/11/29 v0.20 Utility functions of pdfTeX for LuaTeX (HO
)

(/usr/share/texlive/texmf-dist/tex/generic/oberdiek/ifpdf.sty
Package: ifpdf 2011/01/30 v2.3 Provides the ifpdf switch (HO)
Package ifpdf Info: pdfTeX in PDF mode is detected.
)
Package pdftexcmds Info: LuaTeX not detected.
Package pdftexcmds Info: \pdf@primitive is available.
Package pdftexcmds Info: \pdf@ifprimitive is available.
Package pdftexcmds Info: \pdfdraftmode found.
)
Package grfext Info: Graphics extension search list:
(grfext)             [.png,.pdf,.jpg,.mps,.jpeg,.jbig2,.jb2,.PNG,.PDF,.JPG,.JPE
G,.JBIG2,.JB2,.eps]
(grfext)             \AppendGraphicsExtensions on input line 452.

(/usr/share/texlive/texmf-dist/tex/latex/latexconfig/epstopdf-sys.cfg
File: epstopdf-sys.cfg 2010/07/13 v1.3 Configuration of (r)epstopdf for TeX Liv
e
)))
\c@theorem=\count104
\c@acknowledgement=\count105
\c@algorithm=\count106
\c@axiom=\count107
\c@case=\count108
\c@claim=\count109
\c@conclusion=\count110
\c@condition=\count111
\c@conjecture=\count112
\c@corollary=\count113
\c@criterion=\count114
\c@definition=\count115
\c@example=\count116
\c@exercise=\count117
\c@lemma=\count118
\c@notation=\count119
\c@problem=\count120
\c@proposition=\count121
\c@remark=\count122
\c@solution=\count123
\c@summary=\count124

(./ZABR.aux)
\openout1 = `ZABR.aux'.

LaTeX Font Info:    Checking defaults for OML/cmm/m/it on input line 73.
LaTeX Font Info:    ... okay on input line 73.
LaTeX Font Info:    Checking defaults for T1/cmr/m/n on input line 73.
LaTeX Font Info:    ... okay on input line 73.
LaTeX Font Info:    Checking defaults for OT1/cmr/m/n on input line 73.
LaTeX Font Info:    ... okay on input line 73.
LaTeX Font Info:    Checking defaults for OMS/cmsy/m/n on input line 73.
LaTeX Font Info:    ... okay on input line 73.
LaTeX Font Info:    Checking defaults for OMX/cmex/m/n on input line 73.
LaTeX Font Info:    ... okay on input line 73.
LaTeX Font Info:    Checking defaults for U/cmr/m/n on input line 73.
LaTeX Font Info:    ... okay on input line 73.
LaTeX Font Info:    Try loading font information for U+msa on input line 73.
 (/usr/share/texlive/texmf-dist/tex/latex/amsfonts/umsa.fd
File: umsa.fd 2013/01/14 v3.01 AMS symbols A
)
LaTeX Font Info:    Try loading font information for U+msb on input line 73.

(/usr/share/texlive/texmf-dist/tex/latex/amsfonts/umsb.fd
File: umsb.fd 2013/01/14 v3.01 AMS symbols B
)
LaTeX Font Info:    Try loading font information for U+lasy on input line 73.

(/usr/share/texlive/texmf-dist/tex/latex/base/ulasy.fd
File: ulasy.fd 1998/08/17 v2.2e LaTeX symbol font definitions
)
(/usr/share/texlive/texmf-dist/tex/context/base/supp-pdf.mkii
[Loading MPS to PDF converter (version 2006.09.02).]
\scratchcounter=\count125
\scratchdimen=\dimen116
\scratchbox=\box29
\nofMPsegments=\count126
\nofMParguments=\count127
\everyMPshowfont=\toks28
\MPscratchCnt=\count128
\MPscratchDim=\dimen117
\MPnumerator=\count129
\makeMPintoPDFobject=\count130
\everyMPtoPDFconversion=\toks29
)

Class amsart Warning: Abstract should precede \maketitle in AMS document classe
s; reported on input line 81.

[1{/var/lib/texmf/fonts/map/pdftex/updmap/pdftex.map}] [2] [3] [4] [5] [6]
[7]
\openout3 = `ZABR-gnuplottex-fig1.gnuplot'.

 Opening gnuplot stream ZABR-gnuplottex-fig1.gnuplot
runsystem(gnuplot ZABR-gnuplottex-fig1.gnuplot)...executed.

Package gnuplottex Info: ZABR-gnuplottex-fig1.gnuplot converted on input line 5
17.

(./ZABR-gnuplottex-fig1.tex
Package epstopdf Info: Source file: <ZABR-gnuplottex-fig1.eps>
(epstopdf)                    date: 2015-11-24 12:01:59
(epstopdf)                    size: 55912 bytes
(epstopdf)             Output file: <ZABR-gnuplottex-fig1-eps-converted-to.pdf>

(epstopdf)                    date: 2015-11-24 12:01:54
(epstopdf)                    size: 21385 bytes
(epstopdf)             Command: <epstopdf --outfile=ZABR-gnuplottex-fig1-eps-co
nverted-to.pdf ZABR-gnuplottex-fig1.eps>
(epstopdf)             \includegraphics on input line 115.
runsystem(epstopdf --outfile=ZABR-gnuplottex-fig1-eps-converted-to.pdf ZABR-gnu
plottex-fig1.eps)...executed.

Package epstopdf Info: Result file: <ZABR-gnuplottex-fig1-eps-converted-to.pdf>

(epstopdf)                    date: 2015-11-24 12:01:59
(epstopdf)                    size: 21385 bytes.

<ZABR-gnuplottex-fig1-eps-converted-to.pdf, id=36, 361.35pt x 252.945pt>
File: ZABR-gnuplottex-fig1-eps-converted-to.pdf Graphic file (type pdf)

<use ZABR-gnuplottex-fig1-eps-converted-to.pdf>
Package pdftex.def Info: ZABR-gnuplottex-fig1-eps-converted-to.pdf used on inpu
t line 115.
(pdftex.def)             Requested size: 361.34912pt x 252.94438pt.
)
Overfull \hbox (1.34033pt too wide) in paragraph at lines 517--518
 [][] 
 []

\openout3 = `ZABR-gnuplottex-fig2.gnuplot'.

Opening gnuplot stream ZABR-gnuplottex-fig2.gnuplot
runsystem(gnuplot ZABR-gnuplottex-fig2.gnuplot)...executed.

Package gnuplottex Info: ZABR-gnuplottex-fig2.gnuplot converted on input line 5
34.
 (./ZABR-gnuplottex-fig2.tex
Package epstopdf Info: Source file: <ZABR-gnuplottex-fig2.eps>
(epstopdf)                    date: 2015-11-24 12:01:59
(epstopdf)                    size: 56137 bytes
(epstopdf)             Output file: <ZABR-gnuplottex-fig2-eps-converted-to.pdf>

(epstopdf)                    date: 2015-11-24 12:01:54
(epstopdf)                    size: 14580 bytes
(epstopdf)             Command: <epstopdf --outfile=ZABR-gnuplottex-fig2-eps-co
nverted-to.pdf ZABR-gnuplottex-fig2.eps>
(epstopdf)             \includegraphics on input line 113.
runsystem(epstopdf --outfile=ZABR-gnuplottex-fig2-eps-converted-to.pdf ZABR-gnu
plottex-fig2.eps)...executed.

Package epstopdf Info: Result file: <ZABR-gnuplottex-fig2-eps-converted-to.pdf>

(epstopdf)                    date: 2015-11-24 12:01:59
(epstopdf)                    size: 14580 bytes.
<ZABR-gnuplottex-fig2-eps-converted-to.pdf, id=37, 361.35pt x 252.945pt>
File: ZABR-gnuplottex-fig2-eps-converted-to.pdf Graphic file (type pdf)

<use ZABR-gnuplottex-fig2-eps-converted-to.pdf>
Package pdftex.def Info: ZABR-gnuplottex-fig2-eps-converted-to.pdf used on inpu
t line 113.
(pdftex.def)             Requested size: 361.34912pt x 252.94438pt.
)
Overfull \hbox (1.34033pt too wide) in paragraph at lines 534--535
 [][] 
 []

\openout3 = `ZABR-gnuplottex-fig3.gnuplot'.

Opening gnuplot stream ZABR-gnuplottex-fig3.gnuplot
runsystem(gnuplot ZABR-gnuplottex-fig3.gnuplot)...executed.

Package gnuplottex Info: ZABR-gnuplottex-fig3.gnuplot converted on input line 5
56.
 (./ZABR-gnuplottex-fig3.tex
Package epstopdf Info: Source file: <ZABR-gnuplottex-fig3.eps>
(epstopdf)                    date: 2015-11-24 12:01:59
(epstopdf)                    size: 81963 bytes
(epstopdf)             Output file: <ZABR-gnuplottex-fig3-eps-converted-to.pdf>

(epstopdf)                    date: 2015-11-24 12:01:55
(epstopdf)                    size: 30994 bytes
(epstopdf)             Command: <epstopdf --outfile=ZABR-gnuplottex-fig3-eps-co
nverted-to.pdf ZABR-gnuplottex-fig3.eps>
(epstopdf)             \includegraphics on input line 125.
runsystem(epstopdf --outfile=ZABR-gnuplottex-fig3-eps-converted-to.pdf ZABR-gnu
plottex-fig3.eps)...executed.

Package epstopdf Info: Result file: <ZABR-gnuplottex-fig3-eps-converted-to.pdf>

(epstopdf)                    date: 2015-11-24 12:01:59
(epstopdf)                    size: 30994 bytes.
<ZABR-gnuplottex-fig3-eps-converted-to.pdf, id=38, 361.35pt x 252.945pt>
File: ZABR-gnuplottex-fig3-eps-converted-to.pdf Graphic file (type pdf)

<use ZABR-gnuplottex-fig3-eps-converted-to.pdf>
Package pdftex.def Info: ZABR-gnuplottex-fig3-eps-converted-to.pdf used on inpu
t line 125.
(pdftex.def)             Requested size: 361.34912pt x 252.94438pt.
)
Overfull \hbox (1.34033pt too wide) in paragraph at lines 556--557
 [][] 
 []

[8 <./ZABR-gnuplottex-fig1-eps-converted-to.pdf>]
\openout3 = `ZABR-gnuplottex-fig4.gnuplot'.


Opening gnuplot stream ZABR-gnuplottex-fig4.gnuplot
runsystem(gnuplot ZABR-gnuplottex-fig4.gnuplot)...executed.

Package gnuplottex Info: ZABR-gnuplottex-fig4.gnuplot converted on input line 5
80.
 (./ZABR-gnuplottex-fig4.tex
Package epstopdf Info: Source file: <ZABR-gnuplottex-fig4.eps>
(epstopdf)                    date: 2015-11-24 12:01:59
(epstopdf)                    size: 24387 bytes
(epstopdf)             Output file: <ZABR-gnuplottex-fig4-eps-converted-to.pdf>

(epstopdf)                    date: 2015-11-24 12:01:55
(epstopdf)                    size: 7466 bytes
(epstopdf)             Command: <epstopdf --outfile=ZABR-gnuplottex-fig4-eps-co
nverted-to.pdf ZABR-gnuplottex-fig4.eps>
(epstopdf)             \includegraphics on input line 117.
runsystem(epstopdf --outfile=ZABR-gnuplottex-fig4-eps-converted-to.pdf ZABR-gnu
plottex-fig4.eps)...executed.

Package epstopdf Info: Result file: <ZABR-gnuplottex-fig4-eps-converted-to.pdf>

(epstopdf)                    date: 2015-11-24 12:02:00
(epstopdf)                    size: 7466 bytes.
<ZABR-gnuplottex-fig4-eps-converted-to.pdf, id=44, 361.35pt x 252.945pt>
File: ZABR-gnuplottex-fig4-eps-converted-to.pdf Graphic file (type pdf)

<use ZABR-gnuplottex-fig4-eps-converted-to.pdf>
Package pdftex.def Info: ZABR-gnuplottex-fig4-eps-converted-to.pdf used on inpu
t line 117.
(pdftex.def)             Requested size: 361.34912pt x 252.94438pt.
)
Overfull \hbox (1.34033pt too wide) in paragraph at lines 580--581
 [][] 
 []

\openout3 = `ZABR-gnuplottex-fig5.gnuplot'.

Opening gnuplot stream ZABR-gnuplottex-fig5.gnuplot
runsystem(gnuplot ZABR-gnuplottex-fig5.gnuplot)...executed.

Package gnuplottex Info: ZABR-gnuplottex-fig5.gnuplot converted on input line 5
99.
 (./ZABR-gnuplottex-fig5.tex
Package epstopdf Info: Source file: <ZABR-gnuplottex-fig5.eps>
(epstopdf)                    date: 2015-11-24 12:02:00
(epstopdf)                    size: 43336 bytes
(epstopdf)             Output file: <ZABR-gnuplottex-fig5-eps-converted-to.pdf>

(epstopdf)                    date: 2015-11-24 12:01:55
(epstopdf)                    size: 11699 bytes
(epstopdf)             Command: <epstopdf --outfile=ZABR-gnuplottex-fig5-eps-co
nverted-to.pdf ZABR-gnuplottex-fig5.eps>
(epstopdf)             \includegraphics on input line 111.
runsystem(epstopdf --outfile=ZABR-gnuplottex-fig5-eps-converted-to.pdf ZABR-gnu
plottex-fig5.eps)...executed.

Package epstopdf Info: Result file: <ZABR-gnuplottex-fig5-eps-converted-to.pdf>

(epstopdf)                    date: 2015-11-24 12:02:00
(epstopdf)                    size: 11699 bytes.
<ZABR-gnuplottex-fig5-eps-converted-to.pdf, id=45, 361.35pt x 252.945pt>
File: ZABR-gnuplottex-fig5-eps-converted-to.pdf Graphic file (type pdf)

<use ZABR-gnuplottex-fig5-eps-converted-to.pdf>
Package pdftex.def Info: ZABR-gnuplottex-fig5-eps-converted-to.pdf used on inpu
t line 111.
(pdftex.def)             Requested size: 361.34912pt x 252.94438pt.
)
Overfull \hbox (1.34033pt too wide) in paragraph at lines 599--600
 [][] 
 []

[9 <./ZABR-gnuplottex-fig2-eps-converted-to.pdf>] [10 <./ZABR-gnuplottex-fig3-e
ps-converted-to.pdf>] [11 <./ZABR-gnuplottex-fig4-eps-converted-to.pdf> <./ZABR
-gnuplottex-fig5-eps-converted-to.pdf>] (./ZABR.aux) ) 
Here is how much of TeX's memory you used:
 3269 strings out of 495000
 42628 string characters out of 6181168
 103435 words of memory out of 5000000
 6263 multiletter control sequences out of 15000+600000
 10231 words of font info for 43 fonts, out of 8000000 for 9000
 175 hyphenation exceptions out of 8191
 42i,9n,32p,405b,331s stack positions out of 5000i,500n,10000p,200000b,80000s
</usr/share/texlive/texmf
-dist/fonts/type1/public/amsfonts/cm/cmbx10.pfb></usr/share/texlive/texmf-dist/
fonts/type1/public/amsfonts/cm/cmcsc10.pfb></usr/share/texlive/texmf-dist/fonts
/type1/public/amsfonts/cm/cmex10.pfb></usr/share/texlive/texmf-dist/fonts/type1
/public/amsfonts/cm/cmmi10.pfb></usr/share/texlive/texmf-dist/fonts/type1/publi
c/amsfonts/cm/cmmi7.pfb></usr/share/texlive/texmf-dist/fonts/type1/public/amsfo
nts/cm/cmr10.pfb></usr/share/texlive/texmf-dist/fonts/type1/public/amsfonts/cm/
cmr7.pfb></usr/share/texlive/texmf-dist/fonts/type1/public/amsfonts/cm/cmr8.pfb
></usr/share/texlive/texmf-dist/fonts/type1/public/amsfonts/cm/cmsy10.pfb></usr
/share/texlive/texmf-dist/fonts/type1/public/amsfonts/cm/cmsy7.pfb></usr/share/
texlive/texmf-dist/fonts/type1/public/amsfonts/cm/cmti8.pfb>
Output written on ZABR.pdf (11 pages, 244180 bytes).
PDF statistics:
 99 PDF objects out of 1000 (max. 8388607)
 69 compressed objects within 1 object stream
 0 named destinations out of 1000 (max. 500000)
 26 words of extra memory for PDF output out of 10000 (max. 10000000)

