This is pdfTeX, Version 3.1415926-1.40.10 (TeX Live 2009/Debian) (format=pdflatex 2013.5.29)  8 NOV 2013 20:12
entering extended mode
 \write18 enabled.
 %&-line parsing enabled.
**\input mfpresql.tex
(./mfpresql.tex (/usr/share/texmf/tex/latex/beamer/base/beamer.cls
(/usr/share/texmf/tex/latex/beamer/base/beamerbasercs.sty
Package: beamerbasercs 2010/06/12 (rcs-revision c3821710bb40)
)
Document Class: beamer 2010/06/21 development version 3.10 A class for typesett
ing presentations (rcs-revision a6b1a8434d30)
(/usr/share/texmf/tex/latex/beamer/base/beamerbasemodes.sty
Package: beamerbasemodes 2010/05/01 (rcs-revision efa082c6111d)
\beamer@tempbox=\box26
\beamer@tempcount=\count79
\c@beamerpauses=\count80

(/usr/share/texmf/tex/latex/beamer/base/beamerbasedecode.sty
Package: beamerbasedecode 2010/05/01 (rcs-revision efa082c6111d)
\beamer@slideinframe=\count81
\beamer@minimum=\count82
)
\beamer@commentbox=\box27
\beamer@modecount=\count83
)
\headheight=\dimen102
\headdp=\dimen103
\footheight=\dimen104
\sidebarheight=\dimen105
\beamer@tempdim=\dimen106
\beamer@finalheight=\dimen107
\beamer@animht=\dimen108
\beamer@animdp=\dimen109
\beamer@animwd=\dimen110
\beamer@leftmargin=\dimen111
\beamer@rightmargin=\dimen112
\beamer@leftsidebar=\dimen113
\beamer@rightsidebar=\dimen114
\beamer@boxsize=\dimen115
\beamer@vboxoffset=\dimen116
\beamer@descdefault=\dimen117
\beamer@descriptionwidth=\dimen118
\beamer@lastskip=\skip41
\beamer@areabox=\box28
\beamer@animcurrent=\box29
\beamer@animshowbox=\box30
\beamer@sectionbox=\box31
\beamer@logobox=\box32
\beamer@linebox=\box33
\beamer@sectioncount=\count84
\beamer@subsubsectionmax=\count85
\beamer@subsectionmax=\count86
\beamer@sectionmax=\count87
\beamer@totalheads=\count88
\beamer@headcounter=\count89
\beamer@partstartpage=\count90
\beamer@sectionstartpage=\count91
\beamer@subsectionstartpage=\count92
\beamer@animationtempa=\count93
\beamer@animationtempb=\count94
\beamer@xpos=\count95
\beamer@ypos=\count96
\beamer@showpartnumber=\count97
\beamer@currentsubsection=\count98
\beamer@coveringdepth=\count99
\beamer@sectionadjust=\count100
\beamer@tocsectionnumber=\count101

(/usr/share/texmf/tex/latex/beamer/base/beamerbaseoptions.sty
Package: beamerbaseoptions 2010/04/27 (rcs-revision 982469101dd6)

(/usr/share/texmf-texlive/tex/latex/graphics/keyval.sty
Package: keyval 1999/03/16 v1.13 key=value parser (DPC)
\KV@toks@=\toks14
))
\beamer@paperwidth=\skip42
\beamer@paperheight=\skip43

(/usr/share/texmf-texlive/tex/latex/geometry/geometry.sty
Package: geometry 2008/12/21 v4.2 Page Geometry

(/usr/share/texmf-texlive/tex/generic/oberdiek/ifpdf.sty
Package: ifpdf 2009/04/10 v2.0 Provides the ifpdf switch (HO)
Package ifpdf Info: pdfTeX in pdf mode detected.
)
(/usr/share/texmf-texlive/tex/generic/oberdiek/ifvtex.sty
Package: ifvtex 2008/11/04 v1.4 Switches for detecting VTeX and its modes (HO)
Package ifvtex Info: VTeX not detected.
)
\Gm@cnth=\count102
\Gm@cntv=\count103
\c@Gm@tempcnt=\count104
\Gm@bindingoffset=\dimen119
\Gm@wd@mp=\dimen120
\Gm@odd@mp=\dimen121
\Gm@even@mp=\dimen122
\Gm@dimlist=\toks15
)
(/usr/share/texmf-texlive/tex/latex/base/size11.clo
File: size11.clo 2007/10/19 v1.4h Standard LaTeX file (size option)
)
(/usr/share/texmf/tex/latex/pgf/basiclayer/pgfcore.sty
(/usr/share/texmf-texlive/tex/latex/graphics/graphicx.sty
Package: graphicx 1999/02/16 v1.0f Enhanced LaTeX Graphics (DPC,SPQR)

(/usr/share/texmf-texlive/tex/latex/graphics/graphics.sty
Package: graphics 2009/02/05 v1.0o Standard LaTeX Graphics (DPC,SPQR)

(/usr/share/texmf-texlive/tex/latex/graphics/trig.sty
Package: trig 1999/03/16 v1.09 sin cos tan (DPC)
)
(/etc/texmf/tex/latex/config/graphics.cfg
File: graphics.cfg 2009/08/28 v1.8 graphics configuration of TeX Live
)
Package graphics Info: Driver file: pdftex.def on input line 91.

(/usr/share/texmf-texlive/tex/latex/pdftex-def/pdftex.def
File: pdftex.def 2010/03/12 v0.04p Graphics/color for pdfTeX
\Gread@gobject=\count105
))
\Gin@req@height=\dimen123
\Gin@req@width=\dimen124
)
(/usr/share/texmf/tex/latex/pgf/systemlayer/pgfsys.sty
(/usr/share/texmf/tex/latex/pgf/utilities/pgfrcs.sty
(/usr/share/texmf/tex/generic/pgf/utilities/pgfutil-common.tex
\pgfutil@everybye=\toks16
)
(/usr/share/texmf/tex/generic/pgf/utilities/pgfutil-latex.def
\pgfutil@abb=\box34

(/usr/share/texmf-texlive/tex/latex/ms/everyshi.sty
Package: everyshi 2001/05/15 v3.00 EveryShipout Package (MS)
))
(/usr/share/texmf/tex/generic/pgf/utilities/pgfrcs.code.tex
Package: pgfrcs 2010/10/25 v2.10 (rcs-revision 1.24)
))
(/usr/share/texmf/tex/generic/pgf/systemlayer/pgfsys.code.tex
Package: pgfsys 2010/06/30 v2.10 (rcs-revision 1.37)

(/usr/share/texmf/tex/generic/pgf/utilities/pgfkeys.code.tex
\pgfkeys@pathtoks=\toks17
\pgfkeys@temptoks=\toks18

(/usr/share/texmf/tex/generic/pgf/utilities/pgfkeysfiltered.code.tex
\pgfkeys@tmptoks=\toks19
))
\pgf@x=\dimen125
\pgf@y=\dimen126
\pgf@xa=\dimen127
\pgf@ya=\dimen128
\pgf@xb=\dimen129
\pgf@yb=\dimen130
\pgf@xc=\dimen131
\pgf@yc=\dimen132
\w@pgf@writea=\write3
\r@pgf@reada=\read1
\c@pgf@counta=\count106
\c@pgf@countb=\count107
\c@pgf@countc=\count108
\c@pgf@countd=\count109

(/usr/share/texmf/tex/generic/pgf/systemlayer/pgf.cfg
File: pgf.cfg 2008/05/14  (rcs-revision 1.7)
)
Package pgfsys Info: Driver file for pgf: pgfsys-pdftex.def on input line 900.

(/usr/share/texmf/tex/generic/pgf/systemlayer/pgfsys-pdftex.def
File: pgfsys-pdftex.def 2009/05/22  (rcs-revision 1.26)

(/usr/share/texmf/tex/generic/pgf/systemlayer/pgfsys-common-pdf.def
File: pgfsys-common-pdf.def 2008/05/19  (rcs-revision 1.10)
)))
(/usr/share/texmf/tex/generic/pgf/systemlayer/pgfsyssoftpath.code.tex
File: pgfsyssoftpath.code.tex 2008/07/18  (rcs-revision 1.7)
\pgfsyssoftpath@smallbuffer@items=\count110
\pgfsyssoftpath@bigbuffer@items=\count111
)
(/usr/share/texmf/tex/generic/pgf/systemlayer/pgfsysprotocol.code.tex
File: pgfsysprotocol.code.tex 2006/10/16  (rcs-revision 1.4)
))
(/usr/share/texmf/tex/latex/xcolor/xcolor.sty
Package: xcolor 2007/01/21 v2.11 LaTeX color extensions (UK)

(/etc/texmf/tex/latex/config/color.cfg
File: color.cfg 2007/01/18 v1.5 color configuration of teTeX/TeXLive
)
Package xcolor Info: Driver file: pdftex.def on input line 225.
Package xcolor Info: Model `cmy' substituted by `cmy0' on input line 1337.
Package xcolor Info: Model `hsb' substituted by `rgb' on input line 1341.
Package xcolor Info: Model `RGB' extended on input line 1353.
Package xcolor Info: Model `HTML' substituted by `rgb' on input line 1355.
Package xcolor Info: Model `Hsb' substituted by `hsb' on input line 1356.
Package xcolor Info: Model `tHsb' substituted by `hsb' on input line 1357.
Package xcolor Info: Model `HSB' substituted by `hsb' on input line 1358.
Package xcolor Info: Model `Gray' substituted by `gray' on input line 1359.
Package xcolor Info: Model `wave' substituted by `hsb' on input line 1360.
)
(/usr/share/texmf/tex/generic/pgf/basiclayer/pgfcore.code.tex
Package: pgfcore 2010/04/11 v2.10 (rcs-revision 1.7)

(/usr/share/texmf/tex/generic/pgf/math/pgfmath.code.tex
(/usr/share/texmf/tex/generic/pgf/math/pgfmathcalc.code.tex
(/usr/share/texmf/tex/generic/pgf/math/pgfmathutil.code.tex)
(/usr/share/texmf/tex/generic/pgf/math/pgfmathparser.code.tex
\pgfmath@dimen=\dimen133
\pgfmath@count=\count112
\pgfmath@box=\box35
\pgfmath@toks=\toks20
\pgfmath@stack@operand=\toks21
\pgfmath@stack@operation=\toks22
)
(/usr/share/texmf/tex/generic/pgf/math/pgfmathfunctions.code.tex
(/usr/share/texmf/tex/generic/pgf/math/pgfmathfunctions.basic.code.tex)
(/usr/share/texmf/tex/generic/pgf/math/pgfmathfunctions.trigonometric.code.tex)
(/usr/share/texmf/tex/generic/pgf/math/pgfmathfunctions.random.code.tex)
(/usr/share/texmf/tex/generic/pgf/math/pgfmathfunctions.comparison.code.tex)
(/usr/share/texmf/tex/generic/pgf/math/pgfmathfunctions.base.code.tex)
(/usr/share/texmf/tex/generic/pgf/math/pgfmathfunctions.round.code.tex)
(/usr/share/texmf/tex/generic/pgf/math/pgfmathfunctions.misc.code.tex)))
(/usr/share/texmf/tex/generic/pgf/math/pgfmathfloat.code.tex
\c@pgfmathroundto@lastzeros=\count113
))
(/usr/share/texmf/tex/generic/pgf/basiclayer/pgfcorepoints.code.tex
File: pgfcorepoints.code.tex 2010/04/09  (rcs-revision 1.20)
\pgf@picminx=\dimen134
\pgf@picmaxx=\dimen135
\pgf@picminy=\dimen136
\pgf@picmaxy=\dimen137
\pgf@pathminx=\dimen138
\pgf@pathmaxx=\dimen139
\pgf@pathminy=\dimen140
\pgf@pathmaxy=\dimen141
\pgf@xx=\dimen142
\pgf@xy=\dimen143
\pgf@yx=\dimen144
\pgf@yy=\dimen145
\pgf@zx=\dimen146
\pgf@zy=\dimen147
)
(/usr/share/texmf/tex/generic/pgf/basiclayer/pgfcorepathconstruct.code.tex
File: pgfcorepathconstruct.code.tex 2010/08/03  (rcs-revision 1.24)
\pgf@path@lastx=\dimen148
\pgf@path@lasty=\dimen149
)
(/usr/share/texmf/tex/generic/pgf/basiclayer/pgfcorepathusage.code.tex
File: pgfcorepathusage.code.tex 2008/04/22  (rcs-revision 1.12)
\pgf@shorten@end@additional=\dimen150
\pgf@shorten@start@additional=\dimen151
)
(/usr/share/texmf/tex/generic/pgf/basiclayer/pgfcorescopes.code.tex
File: pgfcorescopes.code.tex 2010/09/08  (rcs-revision 1.34)
\pgfpic=\box36
\pgf@hbox=\box37
\pgf@layerbox@main=\box38
\pgf@picture@serial@count=\count114
)
(/usr/share/texmf/tex/generic/pgf/basiclayer/pgfcoregraphicstate.code.tex
File: pgfcoregraphicstate.code.tex 2008/04/22  (rcs-revision 1.9)
\pgflinewidth=\dimen152
)
(/usr/share/texmf/tex/generic/pgf/basiclayer/pgfcoretransformations.code.tex
File: pgfcoretransformations.code.tex 2009/06/10  (rcs-revision 1.11)
\pgf@pt@x=\dimen153
\pgf@pt@y=\dimen154
\pgf@pt@temp=\dimen155
)
(/usr/share/texmf/tex/generic/pgf/basiclayer/pgfcorequick.code.tex
File: pgfcorequick.code.tex 2008/10/09  (rcs-revision 1.3)
)
(/usr/share/texmf/tex/generic/pgf/basiclayer/pgfcoreobjects.code.tex
File: pgfcoreobjects.code.tex 2006/10/11  (rcs-revision 1.2)
)
(/usr/share/texmf/tex/generic/pgf/basiclayer/pgfcorepathprocessing.code.tex
File: pgfcorepathprocessing.code.tex 2008/10/09  (rcs-revision 1.8)
)
(/usr/share/texmf/tex/generic/pgf/basiclayer/pgfcorearrows.code.tex
File: pgfcorearrows.code.tex 2008/04/23  (rcs-revision 1.11)
)
(/usr/share/texmf/tex/generic/pgf/basiclayer/pgfcoreshade.code.tex
File: pgfcoreshade.code.tex 2008/11/23  (rcs-revision 1.13)
\pgf@max=\dimen156
\pgf@sys@shading@range@num=\count115
)
(/usr/share/texmf/tex/generic/pgf/basiclayer/pgfcoreimage.code.tex
File: pgfcoreimage.code.tex 2010/03/25  (rcs-revision 1.16)

(/usr/share/texmf/tex/generic/pgf/basiclayer/pgfcoreexternal.code.tex
File: pgfcoreexternal.code.tex 2010/09/01  (rcs-revision 1.17)
\pgfexternal@startupbox=\box39
))
(/usr/share/texmf/tex/generic/pgf/basiclayer/pgfcorelayers.code.tex
File: pgfcorelayers.code.tex 2010/08/27  (rcs-revision 1.2)
)
(/usr/share/texmf/tex/generic/pgf/basiclayer/pgfcoretransparency.code.tex
File: pgfcoretransparency.code.tex 2008/01/17  (rcs-revision 1.2)
)
(/usr/share/texmf/tex/generic/pgf/basiclayer/pgfcorepatterns.code.tex
File: pgfcorepatterns.code.tex 2009/07/02  (rcs-revision 1.3)
)))
(/usr/share/texmf/tex/latex/pgf/utilities/xxcolor.sty
Package: xxcolor 2003/10/24 ver 0.1
\XC@nummixins=\count116
\XC@countmixins=\count117
)
(/usr/share/texmf-texlive/tex/latex/hyperref/hyperref.sty
Package: hyperref 2009/10/09 v6.79a Hypertext links for LaTeX

(/usr/share/texmf-texlive/tex/generic/ifxetex/ifxetex.sty
Package: ifxetex 2009/01/23 v0.5 Provides ifxetex conditional
)
(/usr/share/texmf-texlive/tex/latex/oberdiek/hycolor.sty
Package: hycolor 2009/10/02 v1.5 Code for color options of hyperref/bookmark (H
O)

(/usr/share/texmf-texlive/tex/latex/oberdiek/xcolor-patch.sty
Package: xcolor-patch 2009/10/02 xcolor patch
))
\@linkdim=\dimen157
\Hy@linkcounter=\count118
\Hy@pagecounter=\count119

(/usr/share/texmf-texlive/tex/latex/hyperref/pd1enc.def
File: pd1enc.def 2009/10/09 v6.79a Hyperref: PDFDocEncoding definition (HO)
)
(/usr/share/texmf-texlive/tex/generic/oberdiek/etexcmds.sty
Package: etexcmds 2007/12/12 v1.2 Prefix for e-TeX command names (HO)

(/usr/share/texmf-texlive/tex/generic/oberdiek/infwarerr.sty
Package: infwarerr 2007/09/09 v1.2 Providing info/warning/message (HO)
)
Package etexcmds Info: Could not find \expanded.
(etexcmds)             That can mean that you are not using pdfTeX 1.50 or
(etexcmds)             that some package has redefined \expanded.
(etexcmds)             In the latter case, load this package earlier.
)
(/usr/share/texmf-texlive/tex/latex/latexconfig/hyperref.cfg
File: hyperref.cfg 2002/06/06 v1.2 hyperref configuration of TeXLive
)
(/usr/share/texmf-texlive/tex/latex/oberdiek/kvoptions.sty
Package: kvoptions 2009/08/13 v3.4 Keyval support for LaTeX options (HO)

(/usr/share/texmf-texlive/tex/generic/oberdiek/kvsetkeys.sty
Package: kvsetkeys 2009/07/30 v1.5 Key value parser with default handler suppor
t (HO)
))
Package hyperref Info: Option `bookmarks' set `true' on input line 2864.
Package hyperref Info: Option `bookmarksopen' set `true' on input line 2864.
Package hyperref Info: Option `implicit' set `false' on input line 2864.
Package hyperref Info: Hyper figures OFF on input line 2975.
Package hyperref Info: Link nesting OFF on input line 2980.
Package hyperref Info: Hyper index ON on input line 2983.
Package hyperref Info: Plain pages OFF on input line 2990.
Package hyperref Info: Backreferencing OFF on input line 2995.

Implicit mode OFF; no redefinition of LaTeX internals
Package hyperref Info: Bookmarks ON on input line 3191.
(/usr/share/texmf-texlive/tex/latex/ltxmisc/url.sty
\Urlmuskip=\muskip10
Package: url 2006/04/12  ver 3.3  Verb mode for urls, etc.
)
LaTeX Info: Redefining \url on input line 3428.

(/usr/share/texmf-texlive/tex/generic/oberdiek/bitset.sty
Package: bitset 2007/09/28 v1.0 Data type bit set (HO)

(/usr/share/texmf-texlive/tex/generic/oberdiek/intcalc.sty
Package: intcalc 2007/09/27 v1.1 Expandable integer calculations (HO)
)
(/usr/share/texmf-texlive/tex/generic/oberdiek/bigintcalc.sty
Package: bigintcalc 2007/11/11 v1.1 Expandable big integer calculations (HO)

(/usr/share/texmf-texlive/tex/generic/oberdiek/pdftexcmds.sty
Package: pdftexcmds 2009/09/23 v0.6 LuaTeX support for pdfTeX utility functions
 (HO)

(/usr/share/texmf-texlive/tex/generic/oberdiek/ifluatex.sty
Package: ifluatex 2009/04/17 v1.2 Provides the ifluatex switch (HO)
Package ifluatex Info: LuaTeX not detected.
)
(/usr/share/texmf-texlive/tex/generic/oberdiek/ltxcmds.sty
Package: ltxcmds 2009/08/05 v1.0 Some LaTeX kernel commands for general use (HO
)
)
Package pdftexcmds Info: LuaTeX not detected.
Package pdftexcmds Info: \pdf@primitive is available.
Package pdftexcmds Info: \pdf@ifprimitive is available.
)))
\Fld@menulength=\count120
\Field@Width=\dimen158
\Fld@charsize=\dimen159
\Field@toks=\toks23
Package hyperref Info: Hyper figures OFF on input line 4377.
Package hyperref Info: Link nesting OFF on input line 4382.
Package hyperref Info: Hyper index ON on input line 4385.
Package hyperref Info: backreferencing OFF on input line 4392.
Package hyperref Info: Link coloring OFF on input line 4397.
Package hyperref Info: Link coloring with OCG OFF on input line 4402.
Package hyperref Info: PDF/A mode OFF on input line 4407.

(/usr/share/texmf-texlive/tex/generic/oberdiek/atbegshi.sty
Package: atbegshi 2008/07/31 v1.9 At begin shipout hook (HO)
)
\Hy@abspage=\count121

Hyperref stopped early
)
*hyperref using default driver hpdftex*
(/usr/share/texmf-texlive/tex/latex/hyperref/hpdftex.def
File: hpdftex.def 2009/10/09 v6.79a Hyperref driver for pdfTeX
\Fld@listcount=\count122
)
(/usr/share/texmf/tex/latex/beamer/base/beamerbaserequires.sty
Package: beamerbaserequires 2010/05/01  (rcs-revision efa082c6111d)

(/usr/share/texmf/tex/latex/beamer/base/beamerbasecompatibility.sty
Package: beamerbasecompatibility 2010/07/12  (rcs-revision 6648c3177e4e)
)
(/usr/share/texmf/tex/latex/beamer/base/beamerbasefont.sty
Package: beamerbasefont 2010/05/10  (rcs-revision cd36e8a33c6b)

(/usr/share/texmf-texlive/tex/latex/amsfonts/amssymb.sty
Package: amssymb 2009/06/22 v3.00

(/usr/share/texmf-texlive/tex/latex/amsfonts/amsfonts.sty
Package: amsfonts 2009/06/22 v3.00 Basic AMSFonts support
\@emptytoks=\toks24
\symAMSa=\mathgroup4
\symAMSb=\mathgroup5
LaTeX Font Info:    Overwriting math alphabet `\mathfrak' in version `bold'
(Font)                  U/euf/m/n --> U/euf/b/n on input line 96.
)))
(/usr/share/texmf/tex/latex/beamer/base/beamerbasetranslator.sty
Package: beamerbasetranslator 2010/06/11  (rcs-revision 85fd1cc7fc42)

(/usr/share/texmf/tex/latex/beamer/base/translator/translator.sty
Package: translator 2010/06/12 ver 1.10

(/usr/share/texmf/tex/latex/beamer/base/translator/translator-language-mappings
.tex))) (/usr/share/texmf/tex/latex/beamer/base/beamerbasemisc.sty
Package: beamerbasemisc 2010/06/06  (rcs-revision bff0a9294b45)
)
(/usr/share/texmf/tex/latex/beamer/base/beamerbasetwoscreens.sty
Package: beamerbasetwoscreens 2010/05/01  (rcs-revision efa082c6111d)
)
(/usr/share/texmf/tex/latex/beamer/base/beamerbaseoverlay.sty
Package: beamerbaseoverlay 2010/05/07  (rcs-revision 5584dad462a9)
\beamer@argscount=\count123
\beamer@lastskipcover=\skip44
\beamer@trivlistdepth=\count124
)
(/usr/share/texmf/tex/latex/beamer/base/beamerbasetitle.sty
Package: beamerbasetitle 2010/06/12  (rcs-revision 717e481ca47a)
)
(/usr/share/texmf/tex/latex/beamer/base/beamerbasesection.sty
Package: beamerbasesection 2010/06/17  (rcs-revision e0d9401bb743)
\c@lecture=\count125
\c@part=\count126
\c@section=\count127
\c@subsection=\count128
\c@subsubsection=\count129
)
(/usr/share/texmf/tex/latex/beamer/base/beamerbaseframe.sty
Package: beamerbaseframe 2010/06/06  (rcs-revision bff0a9294b45)
\beamer@framebox=\box40
\beamer@frametitlebox=\box41
\beamer@zoombox=\box42
\beamer@zoomcount=\count130
\beamer@zoomframecount=\count131
\beamer@frametextheight=\dimen160
\c@subsectionslide=\count132
\beamer@frametopskip=\skip45
\beamer@framebottomskip=\skip46
\beamer@frametopskipautobreak=\skip47
\beamer@framebottomskipautobreak=\skip48
\beamer@envbody=\toks25
\c@framenumber=\count133
)
(/usr/share/texmf/tex/latex/beamer/base/beamerbaseverbatim.sty
Package: beamerbaseverbatim 2010/05/01  (rcs-revision efa082c6111d)
\beamer@verbatimfileout=\write4
)
(/usr/share/texmf/tex/latex/beamer/base/beamerbaseframesize.sty
Package: beamerbaseframesize 2010/06/27  (rcs-revision 6baa2d92e6f1)
\beamer@splitbox=\box43
\beamer@autobreakcount=\count134
\beamer@autobreaklastheight=\dimen161
\beamer@frametitletoks=\toks26
\beamer@framesubtitletoks=\toks27
)
(/usr/share/texmf/tex/latex/beamer/base/beamerbaseframecomponents.sty
Package: beamerbaseframecomponents 2010/07/12  (rcs-revision 09e82992d9b1)
\beamer@footins=\box44
)
(/usr/share/texmf/tex/latex/beamer/base/beamerbasecolor.sty
Package: beamerbasecolor 2010/06/06  (rcs-revision d1a9b48be06d)
)
(/usr/share/texmf/tex/latex/beamer/base/beamerbasenotes.sty
Package: beamerbasenotes 2010/05/01  (rcs-revision efa082c6111d)
\beamer@frameboxcopy=\box45
)
(/usr/share/texmf/tex/latex/beamer/base/beamerbasetoc.sty
Package: beamerbasetoc 2010/06/11  (rcs-revision 242ecaa6783b)
)
(/usr/share/texmf/tex/latex/beamer/base/beamerbasetemplates.sty
Package: beamerbasetemplates 2010/05/01  (rcs-revision efa082c6111d)
\beamer@sbttoks=\toks28

(/usr/share/texmf/tex/latex/beamer/base/beamerbaseauxtemplates.sty
Package: beamerbaseauxtemplates 2010/05/01  (rcs-revision efa082c6111d)

(/usr/share/texmf/tex/latex/beamer/base/beamerbaseboxes.sty
Package: beamerbaseboxes 2010/05/01  (rcs-revision efa082c6111d)
\bmb@box=\box46
\bmb@colorbox=\box47
\bmb@boxshadow=\box48
\bmb@boxshadowball=\box49
\bmb@boxshadowballlarge=\box50
\bmb@temp=\dimen162
\bmb@dima=\dimen163
\bmb@dimb=\dimen164
\bmb@prevheight=\dimen165
)
\beamer@blockheadheight=\dimen166
))
(/usr/share/texmf/tex/latex/beamer/base/beamerbaselocalstructure.sty
Package: beamerbaselocalstructure 2010/06/01  (rcs-revision 81f9e33f7cc2)

(/usr/share/texmf-texlive/tex/latex/tools/enumerate.sty
Package: enumerate 1999/03/05 v3.00 enumerate extensions (DPC)
\@enLab=\toks29
)
\c@figure=\count135
\c@table=\count136
\abovecaptionskip=\skip49
\belowcaptionskip=\skip50
)
(/usr/share/texmf/tex/latex/beamer/base/beamerbasenavigation.sty
Package: beamerbasenavigation 2010/05/01  (rcs-revision efa082c6111d)
)
(/usr/share/texmf/tex/latex/beamer/base/beamerbasetheorems.sty
Package: beamerbasetheorems 2010/06/06  (rcs-revision 7e7cc5e53e9d)

(/usr/share/texmf-texlive/tex/latex/amsmath/amsmath.sty
Package: amsmath 2000/07/18 v2.13 AMS math features
\@mathmargin=\skip51

For additional information on amsmath, use the `?' option.
(/usr/share/texmf-texlive/tex/latex/amsmath/amstext.sty
Package: amstext 2000/06/29 v2.01

(/usr/share/texmf-texlive/tex/latex/amsmath/amsgen.sty
File: amsgen.sty 1999/11/30 v2.0
\@emptytoks=\toks30
\ex@=\dimen167
))
(/usr/share/texmf-texlive/tex/latex/amsmath/amsbsy.sty
Package: amsbsy 1999/11/29 v1.2d
\pmbraise@=\dimen168
)
(/usr/share/texmf-texlive/tex/latex/amsmath/amsopn.sty
Package: amsopn 1999/12/14 v2.01 operator names
)
\inf@bad=\count137
LaTeX Info: Redefining \frac on input line 211.
\uproot@=\count138
\leftroot@=\count139
LaTeX Info: Redefining \overline on input line 307.
\classnum@=\count140
\DOTSCASE@=\count141
LaTeX Info: Redefining \ldots on input line 379.
LaTeX Info: Redefining \dots on input line 382.
LaTeX Info: Redefining \cdots on input line 467.
\Mathstrutbox@=\box51
\strutbox@=\box52
\big@size=\dimen169
LaTeX Font Info:    Redeclaring font encoding OML on input line 567.
LaTeX Font Info:    Redeclaring font encoding OMS on input line 568.
\macc@depth=\count142
\c@MaxMatrixCols=\count143
\dotsspace@=\muskip11
\c@parentequation=\count144
\dspbrk@lvl=\count145
\tag@help=\toks31
\row@=\count146
\column@=\count147
\maxfields@=\count148
\andhelp@=\toks32
\eqnshift@=\dimen170
\alignsep@=\dimen171
\tagshift@=\dimen172
\tagwidth@=\dimen173
\totwidth@=\dimen174
\lineht@=\dimen175
\@envbody=\toks33
\multlinegap=\skip52
\multlinetaggap=\skip53
\mathdisplay@stack=\toks34
LaTeX Info: Redefining \[ on input line 2666.
LaTeX Info: Redefining \] on input line 2667.
)
(/usr/share/texmf-texlive/tex/latex/amscls/amsthm.sty
Package: amsthm 2004/08/06 v2.20
\thm@style=\toks35
\thm@bodyfont=\toks36
\thm@headfont=\toks37
\thm@notefont=\toks38
\thm@headpunct=\toks39
\thm@preskip=\skip54
\thm@postskip=\skip55
\thm@headsep=\skip56
\dth@everypar=\toks40
)
\c@theorem=\count149
)
(/usr/share/texmf/tex/latex/beamer/base/beamerbasethemes.sty
Package: beamerbasethemes 2010/05/01  (rcs-revision efa082c6111d)
))
(/usr/share/texmf/tex/latex/beamer/base/themes/theme/beamerthemedefault.sty
Package: beamerthemedefault 2010/06/17  (rcs-revision d02a7cf4d8ae)

(/usr/share/texmf/tex/latex/beamer/base/themes/font/beamerfontthemedefault.sty
Package: beamerfontthemedefault 2010/06/17  (rcs-revision d02a7cf4d8ae)
)
(/usr/share/texmf/tex/latex/beamer/base/themes/color/beamercolorthemedefault.st
y
Package: beamercolorthemedefault 2010/06/17  (rcs-revision d02a7cf4d8ae)
)
(/usr/share/texmf/tex/latex/beamer/base/themes/inner/beamerinnerthemedefault.st
y
Package: beamerinnerthemedefault 2010/06/17  (rcs-revision d02a7cf4d8ae)
\beamer@dima=\dimen176
\beamer@dimb=\dimen177
)
(/usr/share/texmf/tex/latex/beamer/base/themes/outer/beamerouterthemedefault.st
y
Package: beamerouterthemedefault 2010/06/17  (rcs-revision d02a7cf4d8ae)
)))
(/usr/share/texmf/tex/latex/beamer/base/themes/theme/beamerthemeCambridgeUS.sty
Package: beamerthemeCambridgeUS 2010/06/17  (rcs-revision d02a7cf4d8ae)

(/usr/share/texmf/tex/latex/beamer/base/themes/inner/beamerinnerthemerounded.st
y
Package: beamerinnerthemerounded 2010/06/17  (rcs-revision d02a7cf4d8ae)
)
(/usr/share/texmf/tex/latex/beamer/base/themes/outer/beamerouterthemeinfolines.
sty
Package: beamerouterthemeinfolines 2010/07/10  (rcs-revision 445340293dde)
)
(/usr/share/texmf/tex/latex/beamer/base/themes/color/beamercolorthemebeaver.sty
Package: beamercolorthemebeaver 2010/06/17  (rcs-revision d02a7cf4d8ae)
))
(/usr/share/texmf/tex/latex/beamer/base/themes/font/beamerfontthemeprofessional
fonts.sty
Package: beamerfontthemeprofessionalfonts 2010/06/17  (rcs-revision d02a7cf4d8a
e)
) (/usr/share/texmf-texlive/tex/latex/oberdiek/epstopdf.sty
Package: epstopdf 2009/10/17 v2.4 Conversion with epstopdf on the fly (HO)

(/usr/share/texmf-texlive/tex/latex/oberdiek/epstopdf-base.sty
Package: epstopdf-base 2009/10/17 v2.4 Base part for package epstopdf

(/usr/share/texmf-texlive/tex/latex/oberdiek/grfext.sty
Package: grfext 2007/09/30 v1.0 Managing graphics extensions (HO)
)
Package grfext Info: Graphics extension search list:
(grfext)             [.png,.pdf,.jpg,.mps,.jpeg,.jbig2,.jb2,.PNG,.PDF,.JPG,.JPE
G,.JBIG2,.JB2,.eps]
(grfext)             \AppendGraphicsExtensions on input line 433.

(/usr/share/texmf-texlive/tex/latex/latexconfig/epstopdf-sys.cfg
File: epstopdf-sys.cfg 2009/10/26 v1.1 Configuration of epstopdf for TeX Live
)))
(/usr/share/texmf/tex/latex/gnuplottex/gnuplottex.sty
Package: gnuplottex 2013/06/03 v0.5 gnuplot graphs in LaTeX

(/usr/share/texmf-texlive/tex/latex/base/latexsym.sty
Package: latexsym 1998/08/17 v2.2e Standard LaTeX package (lasy symbols)
\symlasy=\mathgroup6
LaTeX Font Info:    Overwriting symbol font `lasy' in version `bold'
(Font)                  U/lasy/m/n --> U/lasy/b/n on input line 47.
)
(/usr/share/texmf/tex/latex/moreverb/moreverb.sty
Package: moreverb 2008/06/03 v2.3a `more' verbatim facilities

(/usr/share/texmf-texlive/tex/latex/tools/verbatim.sty
Package: verbatim 2003/08/22 v1.5q LaTeX2e package for verbatim enhancements
\every@verbatim=\toks41
\verbatim@line=\toks42
\verbatim@in@stream=\read2
)
\tab@position=\count150
\tab@size=\count151
\listing@line=\count152
)
(/usr/share/texmf-texlive/tex/latex/base/ifthen.sty
Package: ifthen 2001/05/26 v1.1c Standard LaTeX ifthen package (DPC)
)
\verbatim@out=\write5
runsystem(echo t > "w18-test-20131181212.tex")...executed.

runsystem(del "w18-test-20131181212.tex")...executed.



Package gnuplottex Warning: Shell escape not enabled.
(gnuplottex)                You'll need to convert the graphs yourself..

\c@fignum=\count153
) (/usr/share/texmf-texlive/tex/latex/minted/minted.sty
Package: minted 2011/09/17 v1.7 Yet another Pygments shim for LaTeX

(/usr/share/texmf-texlive/tex/latex/fancyvrb/fancyvrb.sty
Package: fancyvrb 2008/02/07

Style option: `fancyvrb' v2.7a, with DG/SPQR fixes, and firstline=lastline fix 
<2008/02/07> (tvz)
\FV@CodeLineNo=\count154
\FV@InFile=\read3
\FV@TabBox=\box53
\c@FancyVerbLine=\count155
\FV@StepNumber=\count156
\FV@OutFile=\write6
) (/usr/share/texmf-texlive/tex/latex/float/float.sty
Package: float 2001/11/08 v1.3d Float enhancements (AL)
\c@float@type=\count157
\float@exts=\toks43
\float@box=\box54
\@float@everytoks=\toks44
\@floatcapt=\box55
)
(/usr/share/texmf-texlive/tex/latex/tools/calc.sty
Package: calc 2007/08/22 v4.3 Infix arithmetic (KKT,FJ)
\calc@Acount=\count158
\calc@Bcount=\count159
\calc@Adimen=\dimen178
\calc@Bdimen=\dimen179
\calc@Askip=\skip57
\calc@Bskip=\skip58
LaTeX Info: Redefining \setlength on input line 76.
LaTeX Info: Redefining \addtolength on input line 77.
\calc@Ccount=\count160
\calc@Cskip=\skip59
)
(/usr/local/share/texmf/tex/latex/ifplatform/ifplatform.sty
Package: ifplatform 2010/10/22 v0.4 Testing for the operating system

(/usr/share/texmf-texlive/tex/generic/oberdiek/catchfile.sty
Package: catchfile 2007/11/11 v1.2 Catches the contents of a file (HO)
)
runsystem(uname -s > "mfpresql.w18")...executed.

 (./mfpresql.w18)
runsystem(rm -- "mfpresql.w18")...executed.

)
\minted@bgbox=\box56
\minted@code=\write7
\@float@every@listing=\toks45
\c@listing=\count161
)
runsystem(which pygmentize && touch mfpresql.aex)...executed.

runsystem(rm mfpresql.aex)...executed.

runsystem(pygmentize -S manni -f latex > mfpresql.pyg)...executed.

 (./mfpresql.pyg) (./mfpresql.aux)
\openout1 = `mfpresql.aux'.

LaTeX Font Info:    Checking defaults for OML/cmm/m/it on input line 14.
LaTeX Font Info:    ... okay on input line 14.
LaTeX Font Info:    Checking defaults for T1/cmr/m/n on input line 14.
LaTeX Font Info:    ... okay on input line 14.
LaTeX Font Info:    Checking defaults for OT1/cmr/m/n on input line 14.
LaTeX Font Info:    ... okay on input line 14.
LaTeX Font Info:    Checking defaults for OMS/cmsy/m/n on input line 14.
LaTeX Font Info:    ... okay on input line 14.
LaTeX Font Info:    Checking defaults for OMX/cmex/m/n on input line 14.
LaTeX Font Info:    ... okay on input line 14.
LaTeX Font Info:    Checking defaults for U/cmr/m/n on input line 14.
LaTeX Font Info:    ... okay on input line 14.
LaTeX Font Info:    Checking defaults for PD1/pdf/m/n on input line 14.
LaTeX Font Info:    ... okay on input line 14.

*geometry auto-detecting driver*
*geometry detected driver: pdftex*
-------------------- Geometry parameters
paper: user defined
landscape: --
twocolumn: --
twoside: --
asymmetric: --
h-parts: 10.95003pt, 342.2953pt, 10.95003pt
v-parts: 0.0pt, 273.14662pt, 0.0pt
hmarginratio: --
vmarginratio: --
lines: --
heightrounded: --
bindingoffset: 0.0pt
truedimen: --
includehead: true
includefoot: true
includemp: --
driver: pdftex
-------------------- Page layout dimensions and switches
\paperwidth  364.19536pt
\paperheight 273.14662pt
\textwidth  342.2953pt
\textheight 244.6939pt
\oddsidemargin  -61.31996pt
\evensidemargin -61.31996pt
\topmargin  -72.26999pt
\headheight 14.22636pt
\headsep    0.0pt
\footskip   14.22636pt
\marginparwidth 4.0pt
\marginparsep   10.0pt
\columnsep  10.0pt
\skip\footins  10.0pt plus 4.0pt minus 2.0pt
\hoffset 0.0pt
\voffset 0.0pt
\mag 1000

(1in=72.27pt, 1cm=28.45pt)
-----------------------
(/usr/share/texmf-texlive/tex/context/base/supp-pdf.mkii
[Loading MPS to PDF converter (version 2006.09.02).]
\scratchcounter=\count162
\scratchdimen=\dimen180
\scratchbox=\box57
\nofMPsegments=\count163
\nofMParguments=\count164
\everyMPshowfont=\toks46
\MPscratchCnt=\count165
\MPscratchDim=\dimen181
\MPnumerator=\count166
\everyMPtoPDFconversion=\toks47
) ABD: EveryShipout initializing macros
Package hyperref Info: Link coloring OFF on input line 14.

(/usr/share/texmf-texlive/tex/latex/hyperref/nameref.sty
Package: nameref 2007/05/29 v2.31 Cross-referencing by name of section

(/usr/share/texmf-texlive/tex/latex/oberdiek/refcount.sty
Package: refcount 2008/08/11 v3.1 Data extraction from references (HO)
)
\c@section@level=\count167
)
LaTeX Info: Redefining \ref on input line 14.
LaTeX Info: Redefining \pageref on input line 14.
 (./mfpresql.out)
(./mfpresql.out)
\@outlinefile=\write8
\openout8 = `mfpresql.out'.

\AtBeginShipoutBox=\box58

(/usr/share/texmf/tex/latex/beamer/base/translator/dicts/translator-basic-dicti
onary/translator-basic-dictionary-English.dict
Dictionary: translator-basic-dictionary, Language: English 
)
(/usr/share/texmf/tex/latex/beamer/base/translator/dicts/translator-bibliograph
y-dictionary/translator-bibliography-dictionary-English.dict
Dictionary: translator-bibliography-dictionary, Language: English 
)
(/usr/share/texmf/tex/latex/beamer/base/translator/dicts/translator-environment
-dictionary/translator-environment-dictionary-English.dict
Dictionary: translator-environment-dictionary, Language: English 
)
(/usr/share/texmf/tex/latex/beamer/base/translator/dicts/translator-months-dict
ionary/translator-months-dictionary-English.dict
Dictionary: translator-months-dictionary, Language: English 
)
(/usr/share/texmf/tex/latex/beamer/base/translator/dicts/translator-numbers-dic
tionary/translator-numbers-dictionary-English.dict
Dictionary: translator-numbers-dictionary, Language: English 
)
(/usr/share/texmf/tex/latex/beamer/base/translator/dicts/translator-theorem-dic
tionary/translator-theorem-dictionary-English.dict
Dictionary: translator-theorem-dictionary, Language: English 
) (./mfpresql.nav)

Package hyperref Warning: Option `pdfauthor' has already been used,
(hyperref)                setting the option has no effect on input line 16.


LaTeX Font Warning: Font shape `OT1/cmss/m/n' in size <4> not available
(Font)              size <5> substituted on input line 20.

[1

{/var/lib/texmf/fonts/map/pdftex/updmap/pdftex.map}] [2

] (./mfpresql.toc)
[3

] [4

]
LaTeX Font Info:    Try loading font information for U+msa on input line 50.
 (/usr/share/texmf-texlive/tex/latex/amsfonts/umsa.fd
File: umsa.fd 2009/06/22 v3.00 AMS symbols A
)
LaTeX Font Info:    Try loading font information for U+msb on input line 50.

(/usr/share/texmf-texlive/tex/latex/amsfonts/umsb.fd
File: umsb.fd 2009/06/22 v3.00 AMS symbols B
)
LaTeX Font Info:    Try loading font information for U+lasy on input line 50.

(/usr/share/texmf-texlive/tex/latex/base/ulasy.fd
File: ulasy.fd 1998/08/17 v2.2e LaTeX symbol font definitions
) [5

]
\openout4 = `mfpresql.vrb'.

 (./mfpresql.vrb
\openout6 = `mfpresql.pyg'.

runsystem(pygmentize -l c++ -f latex -F tokenmerge             -P "verboptions=
 ,fontsize=\footnotesize " -o mfpresql.out.pyg mfpresql.pyg)...executed.


(./mfpresql.out.pyg)
runsystem(rm mfpresql.out.pyg)...executed.

runsystem(rm mfpresql.pyg)...executed.

\openout6 = `mfpresql.pyg'.

runsystem(pygmentize -l c++ -f latex -F tokenmerge             -P "verboptions=
 ,fontsize=\footnotesize " -o mfpresql.out.pyg mfpresql.pyg)...executed.

 (./mfpresql.out.pyg)
runsystem(rm mfpresql.out.pyg)...executed.

runsystem(rm mfpresql.pyg)...executed.

) [6

]
\openout4 = `mfpresql.vrb'.

 (./mfpresql.vrb
\openout6 = `mfpresql.pyg'.

runsystem(pygmentize -l c++ -f latex -F tokenmerge             -P "verboptions=
 ,fontsize=\footnotesize " -o mfpresql.out.pyg mfpresql.pyg)...executed.


(./mfpresql.out.pyg
LaTeX Font Info:    Font shape `OT1/cmtt/bx/n' in size <9> not available
(Font)              Font shape `OT1/cmtt/m/n' tried instead on input line 3.
)
runsystem(rm mfpresql.out.pyg)...executed.

runsystem(rm mfpresql.pyg)...executed.

\openout6 = `mfpresql.pyg'.

runsystem(pygmentize -l c++ -f latex -F tokenmerge             -P "verboptions=
 ,fontsize=\footnotesize " -o mfpresql.out.pyg mfpresql.pyg)...executed.

 (./mfpresql.out.pyg)
runsystem(rm mfpresql.out.pyg)...executed.

runsystem(rm mfpresql.pyg)...executed.

\openout6 = `mfpresql.pyg'.

runsystem(pygmentize -l c++ -f latex -F tokenmerge             -P "verboptions=
 ,fontsize=\footnotesize " -o mfpresql.out.pyg mfpresql.pyg)...executed.

 (./mfpresql.out.pyg)
runsystem(rm mfpresql.out.pyg)...executed.

runsystem(rm mfpresql.pyg)...executed.

) [7

]
\openout4 = `mfpresql.vrb'.


(./mfpresql.vrb
\openout6 = `mfpresql.pyg'.

runsystem(pygmentize -l c++ -f latex -F tokenmerge             -P "verboptions=
 ,fontsize=\footnotesize " -o mfpresql.out.pyg mfpresql.pyg)...executed.

 (./mfpresql.out.pyg)
runsystem(rm mfpresql.out.pyg)...executed.

runsystem(rm mfpresql.pyg)...executed.

\openout6 = `mfpresql.pyg'.

runsystem(pygmentize -l c++ -f latex -F tokenmerge             -P "verboptions=
 ,fontsize=\footnotesize " -o mfpresql.out.pyg mfpresql.pyg)...executed.

 (./mfpresql.out.pyg)
runsystem(rm mfpresql.out.pyg)...executed.

runsystem(rm mfpresql.pyg)...executed.

) [8

]
\openout4 = `mfpresql.vrb'.

 (./mfpresql.vrb
\openout6 = `mfpresql.pyg'.

runsystem(pygmentize -l c++ -f latex -F tokenmerge             -P "verboptions=
 ,fontsize=\footnotesize " -o mfpresql.out.pyg mfpresql.pyg)...executed.


(./mfpresql.out.pyg)
runsystem(rm mfpresql.out.pyg)...executed.

runsystem(rm mfpresql.pyg)...executed.

\openout6 = `mfpresql.pyg'.

runsystem(pygmentize -l c++ -f latex -F tokenmerge             -P "verboptions=
 ,fontsize=\footnotesize " -o mfpresql.out.pyg mfpresql.pyg)...executed.

 (./mfpresql.out.pyg)
runsystem(rm mfpresql.out.pyg)...executed.

runsystem(rm mfpresql.pyg)...executed.

) [9

]
\openout4 = `mfpresql.vrb'.

 (./mfpresql.vrb
\openout6 = `mfpresql.pyg'.

runsystem(pygmentize -l c++ -f latex -F tokenmerge             -P "verboptions=
 ,fontsize=\footnotesize " -o mfpresql.out.pyg mfpresql.pyg)...executed.


(./mfpresql.out.pyg)
runsystem(rm mfpresql.out.pyg)...executed.

runsystem(rm mfpresql.pyg)...executed.

\openout6 = `mfpresql.pyg'.

runsystem(pygmentize -l cpp -f latex -F tokenmerge             -P "verboptions=
 ,fontsize=\footnotesize " -o mfpresql.out.pyg mfpresql.pyg)...executed.

 (./mfpresql.out.pyg)
runsystem(rm mfpresql.out.pyg)...executed.

runsystem(rm mfpresql.pyg)...executed.

) [10

]
\openout4 = `mfpresql.vrb'.

 (./mfpresql.vrb
\openout6 = `mfpresql.pyg'.

runsystem(pygmentize -l c++ -f latex -F tokenmerge             -P "verboptions=
 ,fontsize=\footnotesize " -o mfpresql.out.pyg mfpresql.pyg)...executed.


(./mfpresql.out.pyg)
runsystem(rm mfpresql.out.pyg)...executed.

runsystem(rm mfpresql.pyg)...executed.

\openout6 = `mfpresql.pyg'.

runsystem(pygmentize -l c++ -f latex -F tokenmerge             -P "verboptions=
 ,fontsize=\footnotesize " -o mfpresql.out.pyg mfpresql.pyg)...executed.

 (./mfpresql.out.pyg)
runsystem(rm mfpresql.out.pyg)...executed.

runsystem(rm mfpresql.pyg)...executed.

\openout6 = `mfpresql.pyg'.

runsystem(pygmentize -l c++ -f latex -F tokenmerge             -P "verboptions=
 ,fontsize=\footnotesize " -o mfpresql.out.pyg mfpresql.pyg)...executed.

 (./mfpresql.out.pyg)
runsystem(rm mfpresql.out.pyg)...executed.

runsystem(rm mfpresql.pyg)...executed.

) [11

]
\openout4 = `mfpresql.vrb'.


(./mfpresql.vrb
\openout6 = `mfpresql.pyg'.

runsystem(pygmentize -l c++ -f latex -F tokenmerge             -P "verboptions=
 ,fontsize=\tiny " -o mfpresql.out.pyg mfpresql.pyg)...executed.

 (./mfpresql.out.pyg
LaTeX Font Info:    Font shape `OT1/cmtt/bx/n' in size <6> not available
(Font)              Font shape `OT1/cmtt/m/n' tried instead on input line 3.
)
runsystem(rm mfpresql.out.pyg)...executed.

runsystem(rm mfpresql.pyg)...executed.

) [12

]
\openout4 = `mfpresql.vrb'.

 (./mfpresql.vrb
\openout6 = `mfpresql.pyg'.

runsystem(pygmentize -l c++ -f latex -F tokenmerge             -P "verboptions=
 ,fontsize=\tiny " -o mfpresql.out.pyg mfpresql.pyg)...executed.

 (./mfpresql.out.pyg)
runsystem(rm mfpresql.out.pyg)...executed.

runsystem(rm mfpresql.pyg)...executed.

) [13

]
\openout4 = `mfpresql.vrb'.

 (./mfpresql.vrb
\openout6 = `mfpresql.pyg'.

runsystem(pygmentize -l c++ -f latex -F tokenmerge             -P "verboptions=
 ,fontsize=\tiny " -o mfpresql.out.pyg mfpresql.pyg)...executed.

 (./mfpresql.out.pyg)
runsystem(rm mfpresql.out.pyg)...executed.

runsystem(rm mfpresql.pyg)...executed.

) [14

]
\openout4 = `mfpresql.vrb'.

 (./mfpresql.vrb
\openout6 = `mfpresql.pyg'.

runsystem(pygmentize -l c++ -f latex -F tokenmerge             -P "verboptions=
 ,fontsize=\tiny " -o mfpresql.out.pyg mfpresql.pyg)...executed.


(./mfpresql.out.pyg)
runsystem(rm mfpresql.out.pyg)...executed.

runsystem(rm mfpresql.pyg)...executed.

) [15

]
\openout4 = `mfpresql.vrb'.

 (./mfpresql.vrb
\openout6 = `mfpresql.pyg'.

runsystem(pygmentize -l c++ -f latex -F tokenmerge             -P "verboptions=
 ,fontsize=\tiny " -o mfpresql.out.pyg mfpresql.pyg)...executed.

 (./mfpresql.out.pyg)
runsystem(rm mfpresql.out.pyg)...executed.

runsystem(rm mfpresql.pyg)...executed.

) [16

]
\openout4 = `mfpresql.vrb'.


(./mfpresql.vrb
\openout6 = `mfpresql.pyg'.

runsystem(pygmentize -l c++ -f latex -F tokenmerge             -P "verboptions=
 ,fontsize=\tiny " -o mfpresql.out.pyg mfpresql.pyg)...executed.

 (./mfpresql.out.pyg)
runsystem(rm mfpresql.out.pyg)...executed.

runsystem(rm mfpresql.pyg)...executed.

) [17

] [18

] [19

]
\openout4 = `mfpresql.vrb'.

 (./mfpresql.vrb
\openout6 = `mfpresql.pyg'.

runsystem(pygmentize -l c++ -f latex -F tokenmerge             -P "verboptions=
 ,fontsize=\tiny " -o mfpresql.out.pyg mfpresql.pyg)...executed.


(./mfpresql.out.pyg)
runsystem(rm mfpresql.out.pyg)...executed.

runsystem(rm mfpresql.pyg)...executed.

\openout6 = `mfpresql.pyg'.

runsystem(pygmentize -l c++ -f latex -F tokenmerge             -P "verboptions=
 ,fontsize=\tiny " -o mfpresql.out.pyg mfpresql.pyg)...executed.

 (./mfpresql.out.pyg)
runsystem(rm mfpresql.out.pyg)...executed.

runsystem(rm mfpresql.pyg)...executed.

\openout6 = `mfpresql.pyg'.

runsystem(pygmentize -l c++ -f latex -F tokenmerge             -P "verboptions=
 ,fontsize=\tiny " -o mfpresql.out.pyg mfpresql.pyg)...executed.

 (./mfpresql.out.pyg)
runsystem(rm mfpresql.out.pyg)...executed.

runsystem(rm mfpresql.pyg)...executed.

) [20

]
\openout4 = `mfpresql.vrb'.


(./mfpresql.vrb) [21

]
\openout4 = `mfpresql.vrb'.

 (./mfpresql.vrb
\openout6 = `mfpresql.pyg'.

runsystem(pygmentize -l c++ -f latex -F tokenmerge             -P "verboptions=
 ,fontsize=\tiny " -o mfpresql.out.pyg mfpresql.pyg)...executed.

 (./mfpresql.out.pyg)
runsystem(rm mfpresql.out.pyg)...executed.

runsystem(rm mfpresql.pyg)...executed.

) [22

]
\openout4 = `mfpresql.vrb'.


(./mfpresql.vrb (./sabrsmile1.tex
Package epstopdf Info: Source file: <sabrsmile1.eps>
(epstopdf)                    date: 2013-11-07 18:51:09
(epstopdf)                    size: 18469 bytes
(epstopdf)             Output file: <sabrsmile1-eps-converted-to.pdf>
(epstopdf)                    date: 2013-11-07 18:51:09
(epstopdf)                    size: 3416 bytes
(epstopdf)             Command: <epstopdf --outfile=sabrsmile1-eps-converted-to
.pdf sabrsmile1.eps>
(epstopdf)             \includegraphics on input line 113.
Package epstopdf Info: Output file is already uptodate.

<sabrsmile1-eps-converted-to.pdf, id=682, 361.35pt x 252.945pt>
File: sabrsmile1-eps-converted-to.pdf Graphic file (type pdf)

<use sabrsmile1-eps-converted-to.pdf>))
Overfull \vbox (4.26477pt too high) detected at line 440
 []

[23

 <./sabrsmile1-eps-converted-to.pdf>]
\openout4 = `mfpresql.vrb'.

 (./mfpresql.vrb
\openout6 = `mfpresql.pyg'.

runsystem(pygmentize -l c++ -f latex -F tokenmerge             -P "verboptions=
 ,fontsize=\footnotesize " -o mfpresql.out.pyg mfpresql.pyg)...executed.

 (./mfpresql.out.pyg)
runsystem(rm mfpresql.out.pyg)...executed.

runsystem(rm mfpresql.pyg)...executed.

)
[24

]
\openout4 = `mfpresql.vrb'.

 (./mfpresql.vrb
\openout6 = `mfpresql.pyg'.

runsystem(pygmentize -l c++ -f latex -F tokenmerge             -P "verboptions=
 ,fontsize=\footnotesize " -o mfpresql.out.pyg mfpresql.pyg)...executed.

 (./mfpresql.out.pyg)
runsystem(rm mfpresql.out.pyg)...executed.

runsystem(rm mfpresql.pyg)...executed.

) [25

]
\openout4 = `mfpresql.vrb'.

 (./mfpresql.vrb
\openout6 = `mfpresql.pyg'.

runsystem(pygmentize -l c++ -f latex -F tokenmerge             -P "verboptions=
 ,fontsize=\tiny " -o mfpresql.out.pyg mfpresql.pyg)...executed.


(./mfpresql.out.pyg)
runsystem(rm mfpresql.out.pyg)...executed.

runsystem(rm mfpresql.pyg)...executed.

 <office_modeltrace1.png, id=767, 811.03pt x 391.4625pt>
File: office_modeltrace1.png Graphic file (type png)

<use office_modeltrace1.png>) [26

 <./office_modeltrace1.png (PNG copy)>]
\openout4 = `mfpresql.vrb'.


(./mfpresql.vrb <office_modeltrace2.png, id=794, 1285.80376pt x 405.515pt>
File: office_modeltrace2.png Graphic file (type png)

<use office_modeltrace2.png>) [27

 <./office_modeltrace2.png (PNG copy)>]
[28

] [29

] [30

] [31

] [32

] [33

] [34

] [35

] [36

] [37

] [38

] [39

] [40

] [41

] [42

]
(./MF-gnuplottex-fig2.tex
Package epstopdf Info: Source file: <MF-gnuplottex-fig2.eps>
(epstopdf)                    date: 2013-11-07 18:51:09
(epstopdf)                    size: 20366 bytes
(epstopdf)             Output file: <MF-gnuplottex-fig2-eps-converted-to.pdf>
(epstopdf)                    date: 2013-11-07 18:51:09
(epstopdf)                    size: 3716 bytes
(epstopdf)             Command: <epstopdf --outfile=MF-gnuplottex-fig2-eps-conv
erted-to.pdf MF-gnuplottex-fig2.eps>
(epstopdf)             \includegraphics on input line 99.
Package epstopdf Info: Output file is already uptodate.

<MF-gnuplottex-fig2-eps-converted-to.pdf, id=1238, 361.35pt x 252.945pt>
File: MF-gnuplottex-fig2-eps-converted-to.pdf Graphic file (type pdf)

<use MF-gnuplottex-fig2-eps-converted-to.pdf>)
Overfull \vbox (15.19383pt too high) detected at line 732
 []

[43

 <./MF-gnuplottex-fig2-eps-converted-to.pdf>] (./MF-gnuplottex-fig3.tex
Package epstopdf Info: Source file: <MF-gnuplottex-fig3.eps>
(epstopdf)                    date: 2013-11-07 18:51:09
(epstopdf)                    size: 20606 bytes
(epstopdf)             Output file: <MF-gnuplottex-fig3-eps-converted-to.pdf>
(epstopdf)                    date: 2013-11-07 18:51:09
(epstopdf)                    size: 3993 bytes
(epstopdf)             Command: <epstopdf --outfile=MF-gnuplottex-fig3-eps-conv
erted-to.pdf MF-gnuplottex-fig3.eps>
(epstopdf)             \includegraphics on input line 97.
Package epstopdf Info: Output file is already uptodate.

<MF-gnuplottex-fig3-eps-converted-to.pdf, id=1269, 361.35pt x 252.945pt>
File: MF-gnuplottex-fig3-eps-converted-to.pdf Graphic file (type pdf)

<use MF-gnuplottex-fig3-eps-converted-to.pdf>)
Overfull \vbox (3.19383pt too high) detected at line 744
 []

[44

 <./MF-gnuplottex-fig3-eps-converted-to.pdf>] (./MF-gnuplottex-fig4.tex
Package epstopdf Info: Source file: <MF-gnuplottex-fig4.eps>
(epstopdf)                    date: 2013-11-07 18:51:09
(epstopdf)                    size: 20504 bytes
(epstopdf)             Output file: <MF-gnuplottex-fig4-eps-converted-to.pdf>
(epstopdf)                    date: 2013-11-07 18:51:09
(epstopdf)                    size: 3860 bytes
(epstopdf)             Command: <epstopdf --outfile=MF-gnuplottex-fig4-eps-conv
erted-to.pdf MF-gnuplottex-fig4.eps>
(epstopdf)             \includegraphics on input line 95.
Package epstopdf Info: Output file is already uptodate.

<MF-gnuplottex-fig4-eps-converted-to.pdf, id=1299, 361.35pt x 252.945pt>
File: MF-gnuplottex-fig4-eps-converted-to.pdf Graphic file (type pdf)

<use MF-gnuplottex-fig4-eps-converted-to.pdf>)
Overfull \vbox (3.19383pt too high) detected at line 756
 []

[45

 <./MF-gnuplottex-fig4-eps-converted-to.pdf>] (./MF-gnuplottex-fig5.tex
Package epstopdf Info: Source file: <MF-gnuplottex-fig5.eps>
(epstopdf)                    date: 2013-11-07 18:51:09
(epstopdf)                    size: 20293 bytes
(epstopdf)             Output file: <MF-gnuplottex-fig5-eps-converted-to.pdf>
(epstopdf)                    date: 2013-11-07 18:51:09
(epstopdf)                    size: 3711 bytes
(epstopdf)             Command: <epstopdf --outfile=MF-gnuplottex-fig5-eps-conv
erted-to.pdf MF-gnuplottex-fig5.eps>
(epstopdf)             \includegraphics on input line 94.
Package epstopdf Info: Output file is already uptodate.

<MF-gnuplottex-fig5-eps-converted-to.pdf, id=1328, 361.35pt x 252.945pt>
File: MF-gnuplottex-fig5-eps-converted-to.pdf Graphic file (type pdf)

<use MF-gnuplottex-fig5-eps-converted-to.pdf>)
Overfull \vbox (3.19383pt too high) detected at line 768
 []

[46

 <./MF-gnuplottex-fig5-eps-converted-to.pdf>] [47

] (./MF-gnuplottex-fig1.tex
Package epstopdf Info: Source file: <MF-gnuplottex-fig1.eps>
(epstopdf)                    date: 2013-11-07 18:51:09
(epstopdf)                    size: 54566 bytes
(epstopdf)             Output file: <MF-gnuplottex-fig1-eps-converted-to.pdf>
(epstopdf)                    date: 2013-11-07 18:51:09
(epstopdf)                    size: 34219 bytes
(epstopdf)             Command: <epstopdf --outfile=MF-gnuplottex-fig1-eps-conv
erted-to.pdf MF-gnuplottex-fig1.eps>
(epstopdf)             \includegraphics on input line 117.
Package epstopdf Info: Output file is already uptodate.
<MF-gnuplottex-fig1-eps-converted-to.pdf, id=1386, 361.35pt x 252.945pt>
File: MF-gnuplottex-fig1-eps-converted-to.pdf Graphic file (type pdf)

<use MF-gnuplottex-fig1-eps-converted-to.pdf>)
Overfull \vbox (0.69383pt too high) detected at line 797
 []

[48

 <./MF-gnuplottex-fig1-eps-converted-to.pdf>] [49

] [50

] [51

] [52

] [53

]
(./MF-gnuplottex-fig6.tex
Package epstopdf Info: Source file: <MF-gnuplottex-fig6.eps>
(epstopdf)                    date: 2013-11-07 18:51:09
(epstopdf)                    size: 29888 bytes
(epstopdf)             Output file: <MF-gnuplottex-fig6-eps-converted-to.pdf>
(epstopdf)                    date: 2013-11-07 18:51:09
(epstopdf)                    size: 5321 bytes
(epstopdf)             Command: <epstopdf --outfile=MF-gnuplottex-fig6-eps-conv
erted-to.pdf MF-gnuplottex-fig6.eps>
(epstopdf)             \includegraphics on input line 101.
Package epstopdf Info: Output file is already uptodate.

<MF-gnuplottex-fig6-eps-converted-to.pdf, id=1553, 361.35pt x 252.945pt>
File: MF-gnuplottex-fig6-eps-converted-to.pdf Graphic file (type pdf)

<use MF-gnuplottex-fig6-eps-converted-to.pdf>)
Overfull \vbox (1.86049pt too high) detected at line 868
 []

[54

 <./MF-gnuplottex-fig6-eps-converted-to.pdf>] [55

]
\openout4 = `mfpresql.vrb'.

 (./mfpresql.vrb
\openout6 = `mfpresql.pyg'.

runsystem(pygmentize -l c++ -f latex -F tokenmerge             -P "verboptions=
 ,fontsize=\footnotesize " -o mfpresql.out.pyg mfpresql.pyg)...executed.


(./mfpresql.out.pyg)
runsystem(rm mfpresql.out.pyg)...executed.

runsystem(rm mfpresql.pyg)...executed.

\openout6 = `mfpresql.pyg'.

runsystem(pygmentize -l c++ -f latex -F tokenmerge             -P "verboptions=
 ,fontsize=\footnotesize " -o mfpresql.out.pyg mfpresql.pyg)...executed.

 (./mfpresql.out.pyg)
runsystem(rm mfpresql.out.pyg)...executed.

runsystem(rm mfpresql.pyg)...executed.

) [56

] (./MF-gnuplottex-fig7.tex
Package epstopdf Info: Source file: <MF-gnuplottex-fig7.eps>
(epstopdf)                    date: 2013-11-07 18:51:09
(epstopdf)                    size: 29778 bytes
(epstopdf)             Output file: <MF-gnuplottex-fig7-eps-converted-to.pdf>
(epstopdf)                    date: 2013-11-07 18:51:09
(epstopdf)                    size: 6723 bytes
(epstopdf)             Command: <epstopdf --outfile=MF-gnuplottex-fig7-eps-conv
erted-to.pdf MF-gnuplottex-fig7.eps>
(epstopdf)             \includegraphics on input line 101.
Package epstopdf Info: Output file is already uptodate.

<MF-gnuplottex-fig7-eps-converted-to.pdf, id=1638, 361.35pt x 252.945pt>
File: MF-gnuplottex-fig7-eps-converted-to.pdf Graphic file (type pdf)

<use MF-gnuplottex-fig7-eps-converted-to.pdf>)
Overfull \vbox (1.86049pt too high) detected at line 907
 []

[57

 <./MF-gnuplottex-fig7-eps-converted-to.pdf>] [58

] [59

]
\openout4 = `mfpresql.vrb'.

 (./mfpresql.vrb)
[60

]
\openout4 = `mfpresql.vrb'.

 (./mfpresql.vrb) [61

]
\openout4 = `mfpresql.vrb'.

 (./mfpresql.vrb) [62

]
\openout4 = `mfpresql.vrb'.

 (./mfpresql.vrb) [63

]
\openout4 = `mfpresql.vrb'.


(./mfpresql.vrb) [64

]
\openout4 = `mfpresql.vrb'.

 (./mfpresql.vrb
(./representativeBasket-gnuplottex-fig1.tex
Package epstopdf Info: Source file: <representativeBasket-gnuplottex-fig1.eps>
(epstopdf)                    date: 2013-11-08 18:26:32
(epstopdf)                    size: 17916 bytes
(epstopdf)             Output file: <representativeBasket-gnuplottex-fig1-eps-c
onverted-to.pdf>
(epstopdf)                    date: 2013-11-08 18:26:32
(epstopdf)                    size: 3642 bytes
(epstopdf)             Command: <epstopdf --outfile=representativeBasket-gnuplo
ttex-fig1-eps-converted-to.pdf representativeBasket-gnuplottex-fig1.eps>
(epstopdf)             \includegraphics on input line 96.
Package epstopdf Info: Output file is already uptodate.

<representativeBasket-gnuplottex-fig1-eps-converted-to.pdf, id=1858, 361.35pt x
 252.945pt>
File: representativeBasket-gnuplottex-fig1-eps-converted-to.pdf Graphic file (t
ype pdf)
 <use representativeBasket-gnuplottex-fig1-eps-converted-to.pdf>))
Overfull \vbox (4.8731pt too high) detected at line 1027
 []

[65

 <./representativeBasket-gnuplottex-fig1-eps-converted-to.pdf>]
\openout4 = `mfpresql.vrb'.


(./mfpresql.vrb (./representativeBasket-gnuplottex-fig3.tex
Package epstopdf Info: Source file: <representativeBasket-gnuplottex-fig3.eps>
(epstopdf)                    date: 2013-11-08 18:26:32
(epstopdf)                    size: 16740 bytes
(epstopdf)             Output file: <representativeBasket-gnuplottex-fig3-eps-c
onverted-to.pdf>
(epstopdf)                    date: 2013-11-08 18:26:32
(epstopdf)                    size: 3089 bytes
(epstopdf)             Command: <epstopdf --outfile=representativeBasket-gnuplo
ttex-fig3-eps-converted-to.pdf representativeBasket-gnuplottex-fig3.eps>
(epstopdf)             \includegraphics on input line 96.
Package epstopdf Info: Output file is already uptodate.

<representativeBasket-gnuplottex-fig3-eps-converted-to.pdf, id=1888, 361.35pt x
 252.945pt>
File: representativeBasket-gnuplottex-fig3-eps-converted-to.pdf Graphic file (t
ype pdf)
 <use representativeBasket-gnuplottex-fig3-eps-converted-to.pdf>))
Overfull \vbox (4.8731pt too high) detected at line 1040
 []

[66

 <./representativeBasket-gnuplottex-fig3-eps-converted-to.pdf>]
\openout4 = `mfpresql.vrb'.


(./mfpresql.vrb (./representativeBasket-gnuplottex-fig4.tex
Package epstopdf Info: Source file: <representativeBasket-gnuplottex-fig4.eps>
(epstopdf)                    date: 2013-11-08 18:26:32
(epstopdf)                    size: 16724 bytes
(epstopdf)             Output file: <representativeBasket-gnuplottex-fig4-eps-c
onverted-to.pdf>
(epstopdf)                    date: 2013-11-08 18:26:32
(epstopdf)                    size: 3091 bytes
(epstopdf)             Command: <epstopdf --outfile=representativeBasket-gnuplo
ttex-fig4-eps-converted-to.pdf representativeBasket-gnuplottex-fig4.eps>
(epstopdf)             \includegraphics on input line 96.
Package epstopdf Info: Output file is already uptodate.

<representativeBasket-gnuplottex-fig4-eps-converted-to.pdf, id=1918, 361.35pt x
 252.945pt>
File: representativeBasket-gnuplottex-fig4-eps-converted-to.pdf Graphic file (t
ype pdf)
 <use representativeBasket-gnuplottex-fig4-eps-converted-to.pdf>))
Overfull \vbox (4.8731pt too high) detected at line 1052
 []

[67

 <./representativeBasket-gnuplottex-fig4-eps-converted-to.pdf>]
\openout4 = `mfpresql.vrb'.


(./mfpresql.vrb) [68

] [69

] [70

] [71

] [72

]
\tf@nav=\write9
\openout9 = `mfpresql.nav'.

\tf@toc=\write10
\openout10 = `mfpresql.toc'.

\tf@snm=\write11
\openout11 = `mfpresql.snm'.

 (./mfpresql.aux)

LaTeX Font Warning: Size substitutions with differences
(Font)              up to 1.0pt have occurred.

 ) 
Here is how much of TeX's memory you used:
 16332 strings out of 495061
 301270 string characters out of 1182621
 366766 words of memory out of 3000000
 18719 multiletter control sequences out of 15000+50000
 15592 words of font info for 66 fonts, out of 3000000 for 9000
 28 hyphenation exceptions out of 8191
 49i,17n,60p,523b,623s stack positions out of 5000i,500n,10000p,200000b,50000s
</usr/share/texmf-texlive/fonts/type1/public/amsfonts/cm/cmex10.pfb></usr/sha
re/texmf-texlive/fonts/type1/public/amsfonts/cm/cmitt10.pfb></usr/share/texmf-t
exlive/fonts/type1/public/amsfonts/cm/cmmi10.pfb></usr/share/texmf-texlive/font
s/type1/public/amsfonts/cm/cmmi8.pfb></usr/share/texmf-texlive/fonts/type1/publ
ic/amsfonts/cm/cmr10.pfb></usr/share/texmf-texlive/fonts/type1/public/amsfonts/
cm/cmr6.pfb></usr/share/texmf-texlive/fonts/type1/public/amsfonts/cm/cmr8.pfb><
/usr/share/texmf-texlive/fonts/type1/public/amsfonts/cm/cmss10.pfb></usr/share/
texmf-texlive/fonts/type1/public/amsfonts/cm/cmss12.pfb></usr/share/texmf-texli
ve/fonts/type1/public/amsfonts/cm/cmss8.pfb></usr/share/texmf-texlive/fonts/typ
e1/public/amsfonts/cm/cmss9.pfb></usr/share/texmf-texlive/fonts/type1/public/am
sfonts/cm/cmssi10.pfb></usr/share/texmf-texlive/fonts/type1/public/amsfonts/cm/
cmsy10.pfb></usr/share/texmf-texlive/fonts/type1/public/amsfonts/cm/cmsy6.pfb><
/usr/share/texmf-texlive/fonts/type1/public/amsfonts/cm/cmsy8.pfb></usr/share/t
exmf-texlive/fonts/type1/public/amsfonts/cm/cmtt10.pfb></usr/share/texmf-texliv
e/fonts/type1/public/amsfonts/cm/cmtt8.pfb></usr/share/texmf-texlive/fonts/type
1/public/amsfonts/cm/cmtt9.pfb>
Output written on mfpresql.pdf (72 pages, 907233 bytes).
PDF statistics:
 2172 PDF objects out of 2487 (max. 8388607)
 158 named destinations out of 1000 (max. 500000)
 200 words of extra memory for PDF output out of 10000 (max. 10000000)

