This is pdfTeX, Version 3.1415926-1.40.10 (TeX Live 2009/Debian) (format=pdflatex 2013.5.29)  1 NOV 2013 16:02
entering extended mode
 \write18 enabled.
 %&-line parsing enabled.
**\input sabrsmile1.tex
(./sabrsmile1.tex

! Package graphicx or graphics not loaded.

See the gnuplot documentation for explanation.
Type  H <return>  for immediate help.
 ...                                              
                                                  
l.96     \put(0,0){\includegraphics{sabrsmile1}}
                                                %
The gnuplot epslatex terminal needs graphicx.sty or graphics.sty.


! LaTeX Error: Missing \begin{document}.

See the LaTeX manual or LaTeX Companion for explanation.
Type  H <return>  for immediate help.
 ...                                              
                                                  
l.98   \end{picture}
                    %
You're in trouble here.  Try typing  <return>  to proceed.
If that doesn't work, type  X <return>  to quit.

)
! Emergency stop.
<*> \input sabrsmile1.tex
                         
*** (job aborted, no legal \end found)

 
Here is how much of TeX's memory you used:
 21 strings out of 495061
 326 string characters out of 1182621
 45108 words of memory out of 3000000
 3298 multiletter control sequences out of 15000+50000
 3640 words of font info for 14 fonts, out of 3000000 for 9000
 28 hyphenation exceptions out of 8191
 9i,2n,9p,106b,91s stack positions out of 5000i,500n,10000p,200000b,50000s
!  ==> Fatal error occurred, no output PDF file produced!
