This is pdfTeX, Version 3.1415926-1.40.10 (TeX Live 2009/Debian) (format=prv_representativeBasket 2013.7.10)  10 JUL 2013 19:19
entering extended mode
 %&-line parsing enabled.
**&prv_representativeBasket _region_.tex
(./_region_.tex
LaTeX2e <2009/09/24>
Babel <v3.8l> and hyphenation patterns for english, usenglishmax, dumylang, noh
yphenation, loaded.
CUSTOMISED FORMAT. Preloaded files:
        .
  amsart.cls    2009/07/02 v2.20.1
 amsmath.sty    2000/07/18 v2.13 AMS math features
 amstext.sty    2000/06/29 v2.01
  amsgen.sty    1999/11/30 v2.0
  amsbsy.sty    1999/11/29 v1.2d
  amsopn.sty    1999/12/14 v2.01 operator names
    umsa.fd    2009/06/22 v3.00 AMS symbols A
amsfonts.sty    2009/06/22 v3.00 Basic AMSFonts support
 amssymb.sty    2009/06/22 v3.00
graphicx.sty    1999/02/16 v1.0f Enhanced LaTeX Graphics (DPC,SPQR)
  keyval.sty    1999/03/16 v1.13 key=value parser (DPC)
graphics.sty    2009/02/05 v1.0o Standard LaTeX Graphics (DPC,SPQR)
    trig.sty    1999/03/16 v1.09 sin cos tan (DPC)
graphics.cfg    2009/08/28 v1.8 graphics configuration of TeX Live
  pdftex.def    2010/03/12 v0.04p Graphics/color for pdfTeX
gnuplottex.sty    2013/06/03 v0.5 gnuplot graphs in LaTeX
latexsym.sty    1998/08/17 v2.2e Standard LaTeX package (lasy symbols)
moreverb.sty    2008/06/03 v2.3a `more' verbatim facilities
verbatim.sty    2003/08/22 v1.5q LaTeX2e package for verbatim enhancements
  ifthen.sty    2001/05/26 v1.1c Standard LaTeX ifthen package (DPC)
epstopdf.sty    2009/10/17 v2.4 Conversion with epstopdf on the fly (HO)
epstopdf-base.sty    2009/10/17 v2.4 Base part for package epstopdf
infwarerr.sty    2007/09/09 v1.2 Providing info/warning/message (HO)
  grfext.sty    2007/09/30 v1.0 Managing graphics extensions (HO)
kvoptions.sty    2009/08/13 v3.4 Keyval support for LaTeX options (HO)
kvsetkeys.sty    2009/07/30 v1.5 Key value parser with default handler support 
(HO)
etexcmds.sty    2007/12/12 v1.2 Prefix for e-TeX command names (HO)
pdftexcmds.sty    2009/09/23 v0.6 LuaTeX support for pdfTeX utility functions (
HO)
ifluatex.sty    2009/04/17 v1.2 Provides the ifluatex switch (HO)
 ltxcmds.sty    2009/08/05 v1.0 Some LaTeX kernel commands for general use (HO)

epstopdf-sys.cfg    2009/10/26 v1.1 Configuration of epstopdf for TeX Live
    umsa.fd    2009/06/22 v3.00 AMS symbols A
    umsb.fd    2009/06/22 v3.00 AMS symbols B
   ulasy.fd    1998/08/17 v2.2e LaTeX symbol font definitions
        .
No file _region_.aux.
LaTeX Font Info:    Checking defaults for OML/cmm/m/it on input line 73.
LaTeX Font Info:    ... okay on input line 73.
LaTeX Font Info:    Checking defaults for T1/cmr/m/n on input line 73.
LaTeX Font Info:    ... okay on input line 73.
LaTeX Font Info:    Checking defaults for OT1/cmr/m/n on input line 73.
LaTeX Font Info:    ... okay on input line 73.
LaTeX Font Info:    Checking defaults for OMS/cmsy/m/n on input line 73.
LaTeX Font Info:    ... okay on input line 73.
LaTeX Font Info:    Checking defaults for OMX/cmex/m/n on input line 73.
LaTeX Font Info:    ... okay on input line 73.
LaTeX Font Info:    Checking defaults for U/cmr/m/n on input line 73.
LaTeX Font Info:    ... okay on input line 73.
(/usr/local/share/texmf/tex/latex/preview/preview.sty
Package: preview 2010/02/14 11.87 (AUCTeX/preview-latex)

(/usr/local/share/texmf/tex/latex/preview/prtightpage.def
\PreviewBorder=\dimen116
)
(/usr/local/share/texmf/tex/latex/preview/prauctex.def
No auxiliary output files.


\hbadness=\count125
\hfuzz=\dimen117
(/usr/local/share/texmf/tex/latex/preview/prauctex.cfg))
(/usr/local/share/texmf/tex/latex/preview/prfootnotes.def)
\pr@snippet=\count126
\pr@box=\box29
\pr@output=\toks28

Preview: Fontsize 10pt
Preview: PDFoutput 1
) (/usr/share/texmf-texlive/tex/context/base/supp-pdf.mkii
[Loading MPS to PDF converter (version 2006.09.02).]
\scratchcounter=\count127
\scratchdimen=\dimen118
\scratchbox=\box30
\nofMPsegments=\count128
\nofMParguments=\count129
\everyMPshowfont=\toks29
\MPscratchCnt=\count130
\MPscratchDim=\dimen119
\MPnumerator=\count131
\everyMPtoPDFconversion=\toks30
)  !name(representativeBasket.tex) !offset(183) 

LaTeX Warning: Reference `amortizingBermudanSwaptionModelCal2' on page 1 undefi
ned on input line 77.

 !name(representativeBasket.tex) !offset(323) 
\newlabel{tocindent-1}{0pt}
\newlabel{tocindent0}{0pt}
\newlabel{tocindent1}{0pt}
\newlabel{tocindent2}{0pt}
\newlabel{tocindent3}{0pt}

LaTeX Warning: There were undefined references.

 ) 
Here is how much of TeX's memory you used:
 491 strings out of 492462
 6571 string characters out of 1150110
 88845 words of memory out of 3000000
 6032 multiletter control sequences out of 15000+50000
 10755 words of font info for 45 fonts, out of 3000000 for 9000
 189 hyphenation exceptions out of 8191
 22i,4n,22p,177b,173s stack positions out of 5000i,500n,10000p,200000b,50000s

No pages of output.
PDF statistics:
 0 PDF objects out of 1000 (max. 8388607)
 0 named destinations out of 1000 (max. 500000)
 1 words of extra memory for PDF output out of 10000 (max. 10000000)

