This is pdfTeX, Version 3.1415926-1.40.10 (TeX Live 2009/Debian) (format=pdflatex 2013.5.29)  7 NOV 2013 18:38
entering extended mode
 \write18 enabled.
 %&-line parsing enabled.
**\input representativeBasket.tex
(./representativeBasket.tex
(/usr/share/texmf-texlive/tex/latex/amscls/amsart.cls
Document Class: amsart 2009/07/02 v2.20.1
\linespacing=\dimen102
\normalparindent=\dimen103
\normaltopskip=\skip41
(/usr/share/texmf-texlive/tex/latex/amsmath/amsmath.sty
Package: amsmath 2000/07/18 v2.13 AMS math features
\@mathmargin=\skip42

For additional information on amsmath, use the `?' option.
(/usr/share/texmf-texlive/tex/latex/amsmath/amstext.sty
Package: amstext 2000/06/29 v2.01

(/usr/share/texmf-texlive/tex/latex/amsmath/amsgen.sty
File: amsgen.sty 1999/11/30 v2.0
\@emptytoks=\toks14
\ex@=\dimen104
))
(/usr/share/texmf-texlive/tex/latex/amsmath/amsbsy.sty
Package: amsbsy 1999/11/29 v1.2d
\pmbraise@=\dimen105
)
(/usr/share/texmf-texlive/tex/latex/amsmath/amsopn.sty
Package: amsopn 1999/12/14 v2.01 operator names
)
\inf@bad=\count79
LaTeX Info: Redefining \frac on input line 211.
\uproot@=\count80
\leftroot@=\count81
LaTeX Info: Redefining \overline on input line 307.
\classnum@=\count82
\DOTSCASE@=\count83
LaTeX Info: Redefining \ldots on input line 379.
LaTeX Info: Redefining \dots on input line 382.
LaTeX Info: Redefining \cdots on input line 467.
\Mathstrutbox@=\box26
\strutbox@=\box27
\big@size=\dimen106
LaTeX Font Info:    Redeclaring font encoding OML on input line 567.
LaTeX Font Info:    Redeclaring font encoding OMS on input line 568.
\macc@depth=\count84
\c@MaxMatrixCols=\count85
\dotsspace@=\muskip10
\c@parentequation=\count86
\dspbrk@lvl=\count87
\tag@help=\toks15
\row@=\count88
\column@=\count89
\maxfields@=\count90
\andhelp@=\toks16
\eqnshift@=\dimen107
\alignsep@=\dimen108
\tagshift@=\dimen109
\tagwidth@=\dimen110
\totwidth@=\dimen111
\lineht@=\dimen112
\@envbody=\toks17
\multlinegap=\skip43
\multlinetaggap=\skip44
\mathdisplay@stack=\toks18
LaTeX Info: Redefining \[ on input line 2666.
LaTeX Info: Redefining \] on input line 2667.
)
LaTeX Font Info:    Try loading font information for U+msa on input line 388.

(/usr/share/texmf-texlive/tex/latex/amsfonts/umsa.fd
File: umsa.fd 2009/06/22 v3.00 AMS symbols A
)
(/usr/share/texmf-texlive/tex/latex/amsfonts/amsfonts.sty
Package: amsfonts 2009/06/22 v3.00 Basic AMSFonts support
\symAMSa=\mathgroup4
\symAMSb=\mathgroup5
LaTeX Font Info:    Overwriting math alphabet `\mathfrak' in version `bold'
(Font)                  U/euf/m/n --> U/euf/b/n on input line 96.
)
\copyins=\insert233
\abstractbox=\box28
\listisep=\skip45
\c@part=\count91
\c@section=\count92
\c@subsection=\count93
\c@subsubsection=\count94
\c@paragraph=\count95
\c@subparagraph=\count96
\c@figure=\count97
\c@table=\count98
\abovecaptionskip=\skip46
\belowcaptionskip=\skip47
\captionindent=\dimen113
\thm@style=\toks19
\thm@bodyfont=\toks20
\thm@headfont=\toks21
\thm@notefont=\toks22
\thm@headpunct=\toks23
\thm@preskip=\skip48
\thm@postskip=\skip49
\thm@headsep=\skip50
\dth@everypar=\toks24
)
(/usr/share/texmf-texlive/tex/latex/amsfonts/amssymb.sty
Package: amssymb 2009/06/22 v3.00
)
(/usr/share/texmf-texlive/tex/latex/graphics/graphicx.sty
Package: graphicx 1999/02/16 v1.0f Enhanced LaTeX Graphics (DPC,SPQR)

(/usr/share/texmf-texlive/tex/latex/graphics/keyval.sty
Package: keyval 1999/03/16 v1.13 key=value parser (DPC)
\KV@toks@=\toks25
)
(/usr/share/texmf-texlive/tex/latex/graphics/graphics.sty
Package: graphics 2009/02/05 v1.0o Standard LaTeX Graphics (DPC,SPQR)

(/usr/share/texmf-texlive/tex/latex/graphics/trig.sty
Package: trig 1999/03/16 v1.09 sin cos tan (DPC)
)
(/etc/texmf/tex/latex/config/graphics.cfg
File: graphics.cfg 2009/08/28 v1.8 graphics configuration of TeX Live
)
Package graphics Info: Driver file: pdftex.def on input line 91.

(/usr/share/texmf-texlive/tex/latex/pdftex-def/pdftex.def
File: pdftex.def 2010/03/12 v0.04p Graphics/color for pdfTeX
\Gread@gobject=\count99
))
\Gin@req@height=\dimen114
\Gin@req@width=\dimen115
)
(/usr/share/texmf/tex/latex/gnuplottex/gnuplottex.sty
Package: gnuplottex 2013/06/03 v0.5 gnuplot graphs in LaTeX

(/usr/share/texmf-texlive/tex/latex/base/latexsym.sty
Package: latexsym 1998/08/17 v2.2e Standard LaTeX package (lasy symbols)
\symlasy=\mathgroup6
LaTeX Font Info:    Overwriting symbol font `lasy' in version `bold'
(Font)                  U/lasy/m/n --> U/lasy/b/n on input line 47.
)
(/usr/share/texmf/tex/latex/moreverb/moreverb.sty
Package: moreverb 2008/06/03 v2.3a `more' verbatim facilities

(/usr/share/texmf-texlive/tex/latex/tools/verbatim.sty
Package: verbatim 2003/08/22 v1.5q LaTeX2e package for verbatim enhancements
\every@verbatim=\toks26
\verbatim@line=\toks27
\verbatim@in@stream=\read1
)
\tab@position=\count100
\tab@size=\count101
\listing@line=\count102
)
(/usr/share/texmf-texlive/tex/latex/base/ifthen.sty
Package: ifthen 2001/05/26 v1.1c Standard LaTeX ifthen package (DPC)
)
\verbatim@out=\write3
runsystem(touch /tmp/w18-test-20131171118.tex)...executed.

runsystem(rm -f /tmp/w18-test-20131171118.tex)...executed.

Package gnuplottex Info: Automatically converting gnuplot files. on input line 
77.
\c@fignum=\count103
)
(/usr/share/texmf-texlive/tex/latex/oberdiek/epstopdf.sty
Package: epstopdf 2009/10/17 v2.4 Conversion with epstopdf on the fly (HO)

(/usr/share/texmf-texlive/tex/latex/oberdiek/epstopdf-base.sty
Package: epstopdf-base 2009/10/17 v2.4 Base part for package epstopdf

(/usr/share/texmf-texlive/tex/generic/oberdiek/infwarerr.sty
Package: infwarerr 2007/09/09 v1.2 Providing info/warning/message (HO)
)
(/usr/share/texmf-texlive/tex/latex/oberdiek/grfext.sty
Package: grfext 2007/09/30 v1.0 Managing graphics extensions (HO)
)
(/usr/share/texmf-texlive/tex/latex/oberdiek/kvoptions.sty
Package: kvoptions 2009/08/13 v3.4 Keyval support for LaTeX options (HO)

(/usr/share/texmf-texlive/tex/generic/oberdiek/kvsetkeys.sty
Package: kvsetkeys 2009/07/30 v1.5 Key value parser with default handler suppor
t (HO)

(/usr/share/texmf-texlive/tex/generic/oberdiek/etexcmds.sty
Package: etexcmds 2007/12/12 v1.2 Prefix for e-TeX command names (HO)
Package etexcmds Info: Could not find \expanded.
(etexcmds)             That can mean that you are not using pdfTeX 1.50 or
(etexcmds)             that some package has redefined \expanded.
(etexcmds)             In the latter case, load this package earlier.
)))
(/usr/share/texmf-texlive/tex/generic/oberdiek/pdftexcmds.sty
Package: pdftexcmds 2009/09/23 v0.6 LuaTeX support for pdfTeX utility functions
 (HO)

(/usr/share/texmf-texlive/tex/generic/oberdiek/ifluatex.sty
Package: ifluatex 2009/04/17 v1.2 Provides the ifluatex switch (HO)
Package ifluatex Info: LuaTeX not detected.
)
(/usr/share/texmf-texlive/tex/generic/oberdiek/ltxcmds.sty
Package: ltxcmds 2009/08/05 v1.0 Some LaTeX kernel commands for general use (HO
)
)
Package pdftexcmds Info: LuaTeX not detected.
Package pdftexcmds Info: \pdf@primitive is available.
Package pdftexcmds Info: \pdf@ifprimitive is available.
)
Package grfext Info: Graphics extension search list:
(grfext)             [.png,.pdf,.jpg,.mps,.jpeg,.jbig2,.jb2,.PNG,.PDF,.JPG,.JPE
G,.JBIG2,.JB2,.eps]
(grfext)             \AppendGraphicsExtensions on input line 433.

(/usr/share/texmf-texlive/tex/latex/latexconfig/epstopdf-sys.cfg
File: epstopdf-sys.cfg 2009/10/26 v1.1 Configuration of epstopdf for TeX Live
)))
\c@theorem=\count104
\c@acknowledgement=\count105
\c@algorithm=\count106
\c@axiom=\count107
\c@case=\count108
\c@claim=\count109
\c@conclusion=\count110
\c@condition=\count111
\c@conjecture=\count112
\c@corollary=\count113
\c@criterion=\count114
\c@definition=\count115
\c@example=\count116
\c@exercise=\count117
\c@lemma=\count118
\c@notation=\count119
\c@problem=\count120
\c@proposition=\count121
\c@remark=\count122
\c@solution=\count123
\c@summary=\count124

(./representativeBasket.aux)
\openout1 = `representativeBasket.aux'.

LaTeX Font Info:    Checking defaults for OML/cmm/m/it on input line 73.
LaTeX Font Info:    ... okay on input line 73.
LaTeX Font Info:    Checking defaults for T1/cmr/m/n on input line 73.
LaTeX Font Info:    ... okay on input line 73.
LaTeX Font Info:    Checking defaults for OT1/cmr/m/n on input line 73.
LaTeX Font Info:    ... okay on input line 73.
LaTeX Font Info:    Checking defaults for OMS/cmsy/m/n on input line 73.
LaTeX Font Info:    ... okay on input line 73.
LaTeX Font Info:    Checking defaults for OMX/cmex/m/n on input line 73.
LaTeX Font Info:    ... okay on input line 73.
LaTeX Font Info:    Checking defaults for U/cmr/m/n on input line 73.
LaTeX Font Info:    ... okay on input line 73.
LaTeX Font Info:    Try loading font information for U+msa on input line 73.

(/usr/share/texmf-texlive/tex/latex/amsfonts/umsa.fd
File: umsa.fd 2009/06/22 v3.00 AMS symbols A
)
LaTeX Font Info:    Try loading font information for U+msb on input line 73.

(/usr/share/texmf-texlive/tex/latex/amsfonts/umsb.fd
File: umsb.fd 2009/06/22 v3.00 AMS symbols B
)
LaTeX Font Info:    Try loading font information for U+lasy on input line 73.

(/usr/share/texmf-texlive/tex/latex/base/ulasy.fd
File: ulasy.fd 1998/08/17 v2.2e LaTeX symbol font definitions
)
(/usr/share/texmf-texlive/tex/context/base/supp-pdf.mkii
[Loading MPS to PDF converter (version 2006.09.02).]
\scratchcounter=\count125
\scratchdimen=\dimen116
\scratchbox=\box29
\nofMPsegments=\count126
\nofMParguments=\count127
\everyMPshowfont=\toks28
\MPscratchCnt=\count128
\MPscratchDim=\dimen117
\MPnumerator=\count129
\everyMPtoPDFconversion=\toks29
) [1{/var/lib/texmf/fonts/map/pdftex/updmap/pdftex.map}]
Overfull \hbox (24.47311pt too wide) in paragraph at lines 149--162
 [][] 
 []

[2]
Overfull \hbox (43.30646pt too wide) in paragraph at lines 207--220
 [][] 
 []

[3]
Overfull \hbox (36.52869pt too wide) in paragraph at lines 244--257
 [][] 
 []

[4]
\openout3 = `representativeBasket-gnuplottex-fig1.gnuplot'.

 Opening gnuplot stream representativeBasket-gnuplottex-fig1.gnuplot
runsystem(gnuplot representativeBasket-gnuplottex-fig1.gnuplot)...executed.

Package gnuplottex Info: representativeBasket-gnuplottex-fig1.gnuplot converted
 on input line 320.

(./representativeBasket-gnuplottex-fig1.tex
Package epstopdf Info: Source file: <representativeBasket-gnuplottex-fig1.eps>
(epstopdf)                    date: 2013-11-07 18:38:13
(epstopdf)                    size: 17916 bytes
(epstopdf)             Output file: <representativeBasket-gnuplottex-fig1-eps-c
onverted-to.pdf>
(epstopdf)                    date: 2013-11-07 17:41:00
(epstopdf)                    size: 3642 bytes
(epstopdf)             Command: <epstopdf --outfile=representativeBasket-gnuplo
ttex-fig1-eps-converted-to.pdf representativeBasket-gnuplottex-fig1.eps>
(epstopdf)             \includegraphics on input line 96.
runsystem(epstopdf --outfile=representativeBasket-gnuplottex-fig1-eps-converted
-to.pdf representativeBasket-gnuplottex-fig1.eps)...executed.

Package epstopdf Info: Result file: <representativeBasket-gnuplottex-fig1-eps-c
onverted-to.pdf>
(epstopdf)                    date: 2013-11-07 18:38:13
(epstopdf)                    size: 3642 bytes.

<representativeBasket-gnuplottex-fig1-eps-converted-to.pdf, id=23, 361.35pt x 2
52.945pt>
File: representativeBasket-gnuplottex-fig1-eps-converted-to.pdf Graphic file (t
ype pdf)
 <use representativeBasket-gnuplottex-fig1-eps-converted-to.pdf>)
Overfull \hbox (1.34033pt too wide) in paragraph at lines 320--321
 [][] 
 []


Overfull \hbox (24.47311pt too wide) in paragraph at lines 334--347
 [][] 
 []

[5]
Overfull \hbox (21.30644pt too wide) in paragraph at lines 381--394
 [][] 
 []

[6 <./representativeBasket-gnuplottex-fig1-eps-converted-to.pdf>] [7]
Overfull \hbox (18.58418pt too wide) in paragraph at lines 452--459
 [][] 
 []


Overfull \hbox (3.38976pt too wide) in paragraph at lines 478--491
 [][] 
 []


Overfull \hbox (1.16753pt too wide) in paragraph at lines 495--508
 [][] 
 []


Overfull \hbox (3.38976pt too wide) in paragraph at lines 512--525
 [][] 
 []

\openout3 = `representativeBasket-gnuplottex-fig2.gnuplot'.

Opening gnuplot stream representativeBasket-gnuplottex-fig2.gnuplot
runsystem(gnuplot representativeBasket-gnuplottex-fig2.gnuplot)...executed.

Package gnuplottex Info: representativeBasket-gnuplottex-fig2.gnuplot converted
 on input line 538.

(./representativeBasket-gnuplottex-fig2.tex
Package epstopdf Info: Source file: <representativeBasket-gnuplottex-fig2.eps>
(epstopdf)                    date: 2013-11-07 18:38:13
(epstopdf)                    size: 18069 bytes
(epstopdf)             Output file: <representativeBasket-gnuplottex-fig2-eps-c
onverted-to.pdf>
(epstopdf)                    date: 2013-11-07 17:41:00
(epstopdf)                    size: 3778 bytes
(epstopdf)             Command: <epstopdf --outfile=representativeBasket-gnuplo
ttex-fig2-eps-converted-to.pdf representativeBasket-gnuplottex-fig2.eps>
(epstopdf)             \includegraphics on input line 100.
runsystem(epstopdf --outfile=representativeBasket-gnuplottex-fig2-eps-converted
-to.pdf representativeBasket-gnuplottex-fig2.eps)...executed.

Package epstopdf Info: Result file: <representativeBasket-gnuplottex-fig2-eps-c
onverted-to.pdf>
(epstopdf)                    date: 2013-11-07 18:38:13
(epstopdf)                    size: 3778 bytes.

<representativeBasket-gnuplottex-fig2-eps-converted-to.pdf, id=36, 361.35pt x 2
52.945pt>
File: representativeBasket-gnuplottex-fig2-eps-converted-to.pdf Graphic file (t
ype pdf)
 <use representativeBasket-gnuplottex-fig2-eps-converted-to.pdf>)
Overfull \hbox (1.34033pt too wide) in paragraph at lines 538--539
 [][] 
 []

[8]
\openout3 = `representativeBasket-gnuplottex-fig3.gnuplot'.

 Opening gnuplot stream representativeBasket-gnuplottex-fig3.gnuplot
runsystem(gnuplot representativeBasket-gnuplottex-fig3.gnuplot)...executed.

Package gnuplottex Info: representativeBasket-gnuplottex-fig3.gnuplot converted
 on input line 563.

(./representativeBasket-gnuplottex-fig3.tex
Package epstopdf Info: Source file: <representativeBasket-gnuplottex-fig3.eps>
(epstopdf)                    date: 2013-11-07 18:38:13
(epstopdf)                    size: 16740 bytes
(epstopdf)             Output file: <representativeBasket-gnuplottex-fig3-eps-c
onverted-to.pdf>
(epstopdf)                    date: 2013-11-07 17:41:00
(epstopdf)                    size: 3089 bytes
(epstopdf)             Command: <epstopdf --outfile=representativeBasket-gnuplo
ttex-fig3-eps-converted-to.pdf representativeBasket-gnuplottex-fig3.eps>
(epstopdf)             \includegraphics on input line 96.
runsystem(epstopdf --outfile=representativeBasket-gnuplottex-fig3-eps-converted
-to.pdf representativeBasket-gnuplottex-fig3.eps)...executed.

Package epstopdf Info: Result file: <representativeBasket-gnuplottex-fig3-eps-c
onverted-to.pdf>
(epstopdf)                    date: 2013-11-07 18:38:13
(epstopdf)                    size: 3089 bytes.

<representativeBasket-gnuplottex-fig3-eps-converted-to.pdf, id=41, 361.35pt x 2
52.945pt>
File: representativeBasket-gnuplottex-fig3-eps-converted-to.pdf Graphic file (t
ype pdf)
 <use representativeBasket-gnuplottex-fig3-eps-converted-to.pdf>)
Overfull \hbox (1.34033pt too wide) in paragraph at lines 563--564
 [][] 
 []

\openout3 = `representativeBasket-gnuplottex-fig4.gnuplot'.

Opening gnuplot stream representativeBasket-gnuplottex-fig4.gnuplot
runsystem(gnuplot representativeBasket-gnuplottex-fig4.gnuplot)...executed.

Package gnuplottex Info: representativeBasket-gnuplottex-fig4.gnuplot converted
 on input line 578.

(./representativeBasket-gnuplottex-fig4.tex
Package epstopdf Info: Source file: <representativeBasket-gnuplottex-fig4.eps>
(epstopdf)                    date: 2013-11-07 18:38:13
(epstopdf)                    size: 16724 bytes
(epstopdf)             Output file: <representativeBasket-gnuplottex-fig4-eps-c
onverted-to.pdf>
(epstopdf)                    date: 2013-11-07 17:41:00
(epstopdf)                    size: 3091 bytes
(epstopdf)             Command: <epstopdf --outfile=representativeBasket-gnuplo
ttex-fig4-eps-converted-to.pdf representativeBasket-gnuplottex-fig4.eps>
(epstopdf)             \includegraphics on input line 96.
runsystem(epstopdf --outfile=representativeBasket-gnuplottex-fig4-eps-converted
-to.pdf representativeBasket-gnuplottex-fig4.eps)...executed.

Package epstopdf Info: Result file: <representativeBasket-gnuplottex-fig4-eps-c
onverted-to.pdf>
(epstopdf)                    date: 2013-11-07 18:38:13
(epstopdf)                    size: 3091 bytes.

<representativeBasket-gnuplottex-fig4-eps-converted-to.pdf, id=42, 361.35pt x 2
52.945pt>
File: representativeBasket-gnuplottex-fig4-eps-converted-to.pdf Graphic file (t
ype pdf)
 <use representativeBasket-gnuplottex-fig4-eps-converted-to.pdf>)
Overfull \hbox (1.34033pt too wide) in paragraph at lines 578--579
 [][] 
 []

[9] [10 <./representativeBasket-gnuplottex-fig2-eps-converted-to.pdf>] [11 <./r
epresentativeBasket-gnuplottex-fig3-eps-converted-to.pdf>] [12 <./representativ
eBasket-gnuplottex-fig4-eps-converted-to.pdf>] (./representativeBasket.aux) ) 
Here is how much of TeX's memory you used:
 2992 strings out of 495061
 38542 string characters out of 1182621
 105264 words of memory out of 3000000
 5933 multiletter control sequences out of 15000+50000
 10745 words of font info for 45 fonts, out of 3000000 for 9000
 189 hyphenation exceptions out of 8191
 41i,9n,31p,798b,321s stack positions out of 5000i,500n,10000p,200000b,50000s
</
usr/share/texmf-texlive/fonts/type1/public/amsfonts/cm/cmbx10.pfb></usr/share/t
exmf-texlive/fonts/type1/public/amsfonts/cm/cmcsc10.pfb></usr/share/texmf-texli
ve/fonts/type1/public/amsfonts/cm/cmmi10.pfb></usr/share/texmf-texlive/fonts/ty
pe1/public/amsfonts/cm/cmmi7.pfb></usr/share/texmf-texlive/fonts/type1/public/a
msfonts/cm/cmr10.pfb></usr/share/texmf-texlive/fonts/type1/public/amsfonts/cm/c
mr7.pfb></usr/share/texmf-texlive/fonts/type1/public/amsfonts/cm/cmr8.pfb></usr
/share/texmf-texlive/fonts/type1/public/amsfonts/cm/cmsy10.pfb></usr/share/texm
f-texlive/fonts/type1/public/amsfonts/cm/cmti10.pfb></usr/share/texmf-texlive/f
onts/type1/public/amsfonts/cm/cmti8.pfb></usr/share/texmf-texlive/fonts/type1/p
ublic/amsfonts/cm/cmtt8.pfb>
Output written on representativeBasket.pdf (12 pages, 184661 bytes).
PDF statistics:
 97 PDF objects out of 1000 (max. 8388607)
 0 named destinations out of 1000 (max. 500000)
 21 words of extra memory for PDF output out of 10000 (max. 10000000)

