This is pdfTeX, Version 3.1415926-1.40.10 (TeX Live 2009/Debian) (format=pdflatex 2013.5.29)  15 JUN 2013 19:07
entering extended mode
 \write18 enabled.
 %&-line parsing enabled.
**\nonstopmode\nofiles\PassOptionsToPackage{active,tightpage,auctex}{preview}\A
tBeginDocument{\ifx\ifPreview\undefined\RequirePackage[displaymath,floats,graph
ics,textmath,sections,footnotes]{preview}[2004/11/05]\fi} \input _region_.tex
(./_region_.tex  !name(GSR.tex)
(/usr/share/texmf-texlive/tex/latex/amscls/amsart.cls
Document Class: amsart 2009/07/02 v2.20.1
\linespacing=\dimen102
\normalparindent=\dimen103
\normaltopskip=\skip41
(/usr/share/texmf-texlive/tex/latex/amsmath/amsmath.sty
Package: amsmath 2000/07/18 v2.13 AMS math features
\@mathmargin=\skip42

For additional information on amsmath, use the `?' option.
(/usr/share/texmf-texlive/tex/latex/amsmath/amstext.sty
Package: amstext 2000/06/29 v2.01

(/usr/share/texmf-texlive/tex/latex/amsmath/amsgen.sty
File: amsgen.sty 1999/11/30 v2.0
\@emptytoks=\toks14
\ex@=\dimen104
))
(/usr/share/texmf-texlive/tex/latex/amsmath/amsbsy.sty
Package: amsbsy 1999/11/29 v1.2d
\pmbraise@=\dimen105
)
(/usr/share/texmf-texlive/tex/latex/amsmath/amsopn.sty
Package: amsopn 1999/12/14 v2.01 operator names
)
\inf@bad=\count79
LaTeX Info: Redefining \frac on input line 211.
\uproot@=\count80
\leftroot@=\count81
LaTeX Info: Redefining \overline on input line 307.
\classnum@=\count82
\DOTSCASE@=\count83
LaTeX Info: Redefining \ldots on input line 379.
LaTeX Info: Redefining \dots on input line 382.
LaTeX Info: Redefining \cdots on input line 467.
\Mathstrutbox@=\box26
\strutbox@=\box27
\big@size=\dimen106
LaTeX Font Info:    Redeclaring font encoding OML on input line 567.
LaTeX Font Info:    Redeclaring font encoding OMS on input line 568.
\macc@depth=\count84
\c@MaxMatrixCols=\count85
\dotsspace@=\muskip10
\c@parentequation=\count86
\dspbrk@lvl=\count87
\tag@help=\toks15
\row@=\count88
\column@=\count89
\maxfields@=\count90
\andhelp@=\toks16
\eqnshift@=\dimen107
\alignsep@=\dimen108
\tagshift@=\dimen109
\tagwidth@=\dimen110
\totwidth@=\dimen111
\lineht@=\dimen112
\@envbody=\toks17
\multlinegap=\skip43
\multlinetaggap=\skip44
\mathdisplay@stack=\toks18
LaTeX Info: Redefining \[ on input line 2666.
LaTeX Info: Redefining \] on input line 2667.
)
LaTeX Font Info:    Try loading font information for U+msa on input line 388.

(/usr/share/texmf-texlive/tex/latex/amsfonts/umsa.fd
File: umsa.fd 2009/06/22 v3.00 AMS symbols A
)
(/usr/share/texmf-texlive/tex/latex/amsfonts/amsfonts.sty
Package: amsfonts 2009/06/22 v3.00 Basic AMSFonts support
\symAMSa=\mathgroup4
\symAMSb=\mathgroup5
LaTeX Font Info:    Overwriting math alphabet `\mathfrak' in version `bold'
(Font)                  U/euf/m/n --> U/euf/b/n on input line 96.
)
\copyins=\insert233
\abstractbox=\box28
\listisep=\skip45
\c@part=\count91
\c@section=\count92
\c@subsection=\count93
\c@subsubsection=\count94
\c@paragraph=\count95
\c@subparagraph=\count96
\c@figure=\count97
\c@table=\count98
\abovecaptionskip=\skip46
\belowcaptionskip=\skip47
\captionindent=\dimen113
\thm@style=\toks19
\thm@bodyfont=\toks20
\thm@headfont=\toks21
\thm@notefont=\toks22
\thm@headpunct=\toks23
\thm@preskip=\skip48
\thm@postskip=\skip49
\thm@headsep=\skip50
\dth@everypar=\toks24
)
(/usr/share/texmf-texlive/tex/latex/amsfonts/amssymb.sty
Package: amssymb 2009/06/22 v3.00
)
(/usr/share/texmf-texlive/tex/latex/graphics/graphicx.sty
Package: graphicx 1999/02/16 v1.0f Enhanced LaTeX Graphics (DPC,SPQR)

(/usr/share/texmf-texlive/tex/latex/graphics/keyval.sty
Package: keyval 1999/03/16 v1.13 key=value parser (DPC)
\KV@toks@=\toks25
)
(/usr/share/texmf-texlive/tex/latex/graphics/graphics.sty
Package: graphics 2009/02/05 v1.0o Standard LaTeX Graphics (DPC,SPQR)

(/usr/share/texmf-texlive/tex/latex/graphics/trig.sty
Package: trig 1999/03/16 v1.09 sin cos tan (DPC)
)
(/etc/texmf/tex/latex/config/graphics.cfg
File: graphics.cfg 2009/08/28 v1.8 graphics configuration of TeX Live
)
Package graphics Info: Driver file: pdftex.def on input line 91.

(/usr/share/texmf-texlive/tex/latex/pdftex-def/pdftex.def
File: pdftex.def 2010/03/12 v0.04p Graphics/color for pdfTeX
\Gread@gobject=\count99
))
\Gin@req@height=\dimen114
\Gin@req@width=\dimen115
)
\c@theorem=\count100
\c@acknowledgement=\count101
\c@algorithm=\count102
\c@axiom=\count103
\c@case=\count104
\c@claim=\count105
\c@conclusion=\count106
\c@condition=\count107
\c@conjecture=\count108
\c@corollary=\count109
\c@criterion=\count110
\c@definition=\count111
\c@example=\count112
\c@exercise=\count113
\c@lemma=\count114
\c@notation=\count115
\c@problem=\count116
\c@proposition=\count117
\c@remark=\count118
\c@solution=\count119
\c@summary=\count120

No file _region_.aux.
LaTeX Font Info:    Checking defaults for OML/cmm/m/it on input line 70.
LaTeX Font Info:    ... okay on input line 70.
LaTeX Font Info:    Checking defaults for T1/cmr/m/n on input line 70.
LaTeX Font Info:    ... okay on input line 70.
LaTeX Font Info:    Checking defaults for OT1/cmr/m/n on input line 70.
LaTeX Font Info:    ... okay on input line 70.
LaTeX Font Info:    Checking defaults for OMS/cmsy/m/n on input line 70.
LaTeX Font Info:    ... okay on input line 70.
LaTeX Font Info:    Checking defaults for OMX/cmex/m/n on input line 70.
LaTeX Font Info:    ... okay on input line 70.
LaTeX Font Info:    Checking defaults for U/cmr/m/n on input line 70.
LaTeX Font Info:    ... okay on input line 70.
(/usr/local/share/texmf/tex/latex/preview/preview.sty
Package: preview 2010/02/14 11.87 (AUCTeX/preview-latex)

(/usr/local/share/texmf/tex/latex/preview/prtightpage.def
\PreviewBorder=\dimen116
)
(/usr/local/share/texmf/tex/latex/preview/prauctex.def
No auxiliary output files.


\hbadness=\count121
\hfuzz=\dimen117
(/usr/local/share/texmf/tex/latex/preview/prauctex.cfg))
(/usr/local/share/texmf/tex/latex/preview/prfootnotes.def)
\pr@snippet=\count122
\pr@box=\box29
\pr@output=\toks26

Preview: Fontsize 10pt
Preview: PDFoutput 1
)
LaTeX Font Info:    Try loading font information for U+msa on input line 70.
 (/usr/share/texmf-texlive/tex/latex/amsfonts/umsa.fd
File: umsa.fd 2009/06/22 v3.00 AMS symbols A
)
LaTeX Font Info:    Try loading font information for U+msb on input line 70.

(/usr/share/texmf-texlive/tex/latex/amsfonts/umsb.fd
File: umsb.fd 2009/06/22 v3.00 AMS symbols B
)
(/usr/share/texmf-texlive/tex/context/base/supp-pdf.mkii
[Loading MPS to PDF converter (version 2006.09.02).]
\scratchcounter=\count123
\scratchdimen=\dimen118
\scratchbox=\box30
\nofMPsegments=\count124
\nofMParguments=\count125
\everyMPshowfont=\toks27
\MPscratchCnt=\count126
\MPscratchDim=\dimen119
\MPnumerator=\count127
\everyMPtoPDFconversion=\toks28
)  !name(GSR.tex) !offset(-3) 
! Preview: Snippet 1 started.
<-><->
      
l.87 \section
             {model}
Not a real error.

Preview: Tightpage -32891 -32891 32891 32891
! Preview: Snippet 1 ended.(422343+0x23592960).
<-><->
      
l.87 \section{model}
                    
Not a real error.

[1{/var/lib/texmf/fonts/map/pdftex/updmap/pdftex.map}

]
! Preview: Snippet 2 started.
<-><->
      
l.90 \begin{equation}
                     
Not a real error.

! Preview: Snippet 2 ended.(655360+0x17511310).
<-><->
      
l.92 \end{equation}
                   
Not a real error.

[2]
! Preview: Snippet 3 started.
<-><->
      
l.94 under the risk neutral measure. $
                                      \kappa, \sigma_r$ are piecewise consta...

Not a real error.

! Preview: Snippet 3 ended.(282168+127431x1333551).
<-><->
      
l.94 ...e risk neutral measure. $\kappa, \sigma_r$
                                                   are piecewise constant. S...

Not a real error.

[3]
! Preview: Snippet 4 started.
<-><->
      
l.94 ...sigma_r$ are piecewise constant. Setting $
                                                  x(t) := r(t) - f(0,t)$ wit...

Not a real error.

! Preview: Snippet 4 ended.(491520+163840x5794773).
<-><->
      
l.94 ... constant. Setting $x(t) := r(t) - f(0,t)$
                                                   with $f(t,T)$ denoting
Not a real error.

[4]
! Preview: Snippet 5 started.
<-><->
      
l.94 ...nt. Setting $x(t) := r(t) - f(0,t)$ with $
                                                  f(t,T)$ denoting
Not a real error.

! Preview: Snippet 5 ended.(491520+163840x1903050).
<-><->
      
l.94 ...ting $x(t) := r(t) - f(0,t)$ with $f(t,T)$
                                                   denoting
Not a real error.

[5]
! Preview: Snippet 6 started.
<-><->
      
l.95 the instanteous forward rate observed at $
                                               t$ for $T>t$, the dynamics ca...

Not a real error.

! Preview: Snippet 6 ended.(403098+0x236658).
<-><->
      
l.95 the instanteous forward rate observed at $t$
                                                  for $T>t$, the dynamics ca...

Not a real error.

[6]
! Preview: Snippet 7 started.
<-><->
      
l.95 ...anteous forward rate observed at $t$ for $
                                                  T>t$, the dynamics can be ...

Not a real error.

! Preview: Snippet 7 ended.(447828+25623x1584463).
<-><->
      
l.95 ...ous forward rate observed at $t$ for $T>t$
                                                  , the dynamics can be rewr...

Not a real error.

[7]
! Preview: Snippet 8 started.
<-><->
      
l.97 \begin{equation}
                     
Not a real error.

! Preview: Snippet 8 ended.(655360+0x17581472).
<-><->
      
l.99 \end{equation}
                   
Not a real error.

[8]
! Preview: Snippet 9 started.
<-><->
      
l.103 \begin{equation}
                      \label{smallY}
Not a real error.

! Preview: Snippet 9 ended.(1609289+0x16177756).
<-><->
      
l.105 \end{equation}
                    
Not a real error.

[9

]
! Preview: Snippet 10 started.
<-><->
      
l.107 In the $
              T-$forward measure the dynamics becomes
Not a real error.

! Preview: Snippet 10 ended.(447828+54613x983725).
<-><->
      
l.107 In the $T-$
                 forward measure the dynamics becomes
Not a real error.

[10]
! Preview: Snippet 11 started.
<-><->
      
l.109 \begin{equation}
                      
Not a real error.

! Preview: Snippet 11 ended.(747914+0x20054397).
<-><->
      
l.111 \end{equation}
                    
Not a real error.

[11]
! Preview: Snippet 12 started.
<-><->
      
l.115 \begin{equation}
                      \label{bigG}
Not a real error.

! Preview: Snippet 12 ended.(1706939+0x15701372).
<-><->
      
l.117 \end{equation}
                    
Not a real error.

[12

]

LaTeX Warning: Reference `generalSDE' on page 1 undefined on input line 119.

! Preview: Snippet 13 started.
<-><->
      
l.121 \begin{eqnarray}
                      
Not a real error.

! Preview: Snippet 13 ended.(2630617+0x23592960).
<-><->
      
l.125 \end{eqnarray}
                    
Not a real error.

[13]
! Preview: Snippet 14 started.
<-><->
      
l.129 \begin{equation}
                      
Not a real error.

! Preview: Snippet 14 ended.(1549429+0x17667867).
<-><->
      
l.131 \end{equation}
                    
Not a real error.

[14]
! Preview: Snippet 15 started.
<-><->
      
l.133 \section
              {Basic SDE Integration}
Not a real error.

! Preview: Snippet 15 ended.(447828+0x23592960).
<-><->
      
l.133 \section{Basic SDE Integration}
                                     
Not a real error.

[15

]
! Preview: Snippet 16 started.
<-><->
      
l.136 \begin{equation}
                      \label{generalSDE}
Not a real error.

! Preview: Snippet 16 ended.(655360+0x17343561).
<-><->
      
l.138 \end{equation}
                    
Not a real error.

[16

]
! Preview: Snippet 17 started.
<-><->
      
l.140 with deterministic scalar functions $
                                           a, b, c$. The following is an exp...

Not a real error.

! Preview: Snippet 17 ended.(455111+127431x1493823).
<-><->
      
l.140 ... deterministic scalar functions $a, b, c$
                                                  . The following is an expl...

Not a real error.

[17]

LaTeX Warning: Reference `generalSDE' on page 1 undefined on input line 140.

! Preview: Snippet 18 started.
<-><->
      
l.142 \begin{equation}
                      
Not a real error.

! Preview: Snippet 18 ended.(1634776+0x23174969).
<-><->
      
l.144 \end{equation}
                    
Not a real error.

[18]
! Preview: Snippet 19 started.
<-><->
      
l.146 That means that for $
                           w<t$ $x(t)$ conditional on $x(w)$ is normally dis...

Not a real error.

! Preview: Snippet 19 ended.(403098+25623x1597282).
<-><->
      
l.146 That means that for $w<t$
                                $x(t)$ conditional on $x(w)$ is normally dis...

Not a real error.

[19]
! Preview: Snippet 20 started.
<-><->
      
l.146 That means that for $w<t$ $
                                 x(t)$ conditional on $x(w)$ is normally dis...

Not a real error.

! Preview: Snippet 20 ended.(491520+163840x1120940).
<-><->
      
l.146 That means that for $w<t$ $x(t)$
                                       conditional on $x(w)$ is normally dis...

Not a real error.

[20]
! Preview: Snippet 21 started.
<-><->
      
l.146 ...ns that for $w<t$ $x(t)$ conditional on $
                                                  x(w)$ is normally distribu...

Not a real error.

! Preview: Snippet 21 ended.(491520+163840x1371100).
<-><->
      
l.146 ...at for $w<t$ $x(t)$ conditional on $x(w)$
                                                   is normally distributed w...

Not a real error.

[21]
! Preview: Snippet 22 started.
<-><->
      
l.148 \begin{eqnarray}
                      \label{condExpectationVariance}
Not a real error.

! Preview: Snippet 22 ended.(3480722+0x23592960).
<-><->
      
l.151 \end{eqnarray}
                    
Not a real error.

[22

]
! Preview: Snippet 23 started.
<-><->
      
l.155 \begin{equation}
                      
Not a real error.

! Preview: Snippet 23 ended.(843514+0x14443805).
<-><->
      
l.157 \end{equation}
                    
Not a real error.

[23]
! Preview: Snippet 24 started.
<-><->
      
l.159 \section
              {Formulas for the piecewise constant case}
Not a real error.

! Preview: Snippet 24 ended.(447828+0x23592960).
<-><->
      
l.159 ...Formulas for the piecewise constant case}
                                                  
Not a real error.

[24

]
! Preview: Snippet 25 started.
<-><->
      
l.161 Under the assumption of piecewise constant $
                                                  \kappa, \sigma_r$ we are l...

Not a real error.

! Preview: Snippet 25 ended.(282168+127431x1333551).
<-><->
      
l.161 ... of piecewise constant $\kappa, \sigma_r$
                                                   we are left with the comp...

Not a real error.

[25]
! Preview: Snippet 26 started.
<-><->
      
l.162 closed form formulas here. We fix a grid $
                                                0=t_0 < t_1 < ... < t_n =T$ ...

Not a real error.

! Preview: Snippet 26 ended.(447828+98303x7371559).
<-><->
      
l.162 ...e fix a grid $0=t_0 < t_1 < ... < t_n =T$
                                                   such that $\kappa$ and $\...

Not a real error.

[26]
! Preview: Snippet 27 started.
<-><->
      
l.162 ... $0=t_0 < t_1 < ... < t_n =T$ such that $
                                                  \kappa$ and $\sigma_r$ are...

Not a real error.

! Preview: Snippet 27 ended.(282168+0x377591).
<-><->
      
l.162 ... < t_1 < ... < t_n =T$ such that $\kappa$
                                                   and $\sigma_r$ are consta...

Not a real error.

[27]
! Preview: Snippet 28 started.
<-><->
      
l.162 ... < ... < t_n =T$ such that $\kappa$ and $
                                                  \sigma_r$ are constant on ...

Not a real error.

! Preview: Snippet 28 ended.(282168+98303x664691).
<-><->
      
l.162 ...t_n =T$ such that $\kappa$ and $\sigma_r$
                                                   are constant on each inte...

Not a real error.

[28]
! Preview: Snippet 29 started.
<-><->
      
l.162 ...\sigma_r$ are constant on each interval $
                                                  [t_i,t_{i+1})$ and equal t...

Not a real error.

! Preview: Snippet 29 ended.(491520+163840x2301424).
<-><->
      
l.162 ...constant on each interval $[t_i,t_{i+1})$
                                                   and equal to $\kappa_i, \...

Not a real error.

[29]
! Preview: Snippet 30 started.
<-><->
      
l.162 ...h interval $[t_i,t_{i+1})$ and equal to $
                                                  \kappa_i, \sigma_{r,i}$. W...

Not a real error.

! Preview: Snippet 30 ended.(282168+187504x1864590).
<-><->
      
l.162 ...})$ and equal to $\kappa_i, \sigma_{r,i}$
                                                  . We introduce the followi...

Not a real error.

[30]
! Preview: Snippet 31 started.
<-><->
      
l.162 ...$. We introduce the following notation: $
                                                  l(t)$ denotes the largest ...

Not a real error.

! Preview: Snippet 31 ended.(491520+163840x954826).
<-><->
      
l.162 ... introduce the following notation: $l(t)$
                                                   denotes the largest index...

Not a real error.

[31]
! Preview: Snippet 32 started.
<-><->
      
l.162 ...t)$ denotes the largest index such that $
                                                  t_{l(t)} \leq t$. Likewise...

Not a real error.

! Preview: Snippet 32 ended.(416790+233018x2155858).
<-><->
      
l.162 ...largest index such that $t_{l(t)} \leq t$
                                                  . Likewise $h(t)$ denotes ...

Not a real error.

[32]
! Preview: Snippet 33 started.
<-><->
      
l.162 ...x such that $t_{l(t)} \leq t$. Likewise $
                                                  h(t)$ denotes the smallest...

Not a real error.

! Preview: Snippet 33 ended.(491520+163840x1123975).
<-><->
      
l.162 ...h that $t_{l(t)} \leq t$. Likewise $h(t)$
                                                   denotes the smallest inde...

Not a real error.

[33]
! Preview: Snippet 34 started.
<-><->
      
l.162 ...)$ denotes the smallest index such that $
                                                  t_{h(t)}\geq t$. Moreover ...

Not a real error.

! Preview: Snippet 34 ended.(416790+233018x2294289).
<-><->
      
l.162 ...smallest index such that $t_{h(t)}\geq t$
                                                  . Moreover we set $t_{i,s}...

Not a real error.

[34]
! Preview: Snippet 35 started.
<-><->
      
l.162 ... that $t_{h(t)}\geq t$. Moreover we set $
                                                  t_{i,s} := \max( t_i, s )$...

Not a real error.

! Preview: Snippet 35 ended.(491520+187504x4696442).
<-><->
      
l.162 ...reover we set $t_{i,s} := \max( t_i, s )$
                                                   and $t_{s,i} := \min( t_i...

Not a real error.

[35]
! Preview: Snippet 36 started.
<-><->
      
l.162 ... we set $t_{i,s} := \max( t_i, s )$ and $
                                                  t_{s,i} := \min( t_i, s)$.
Not a real error.

! Preview: Snippet 36 ended.(491520+187504x4569010).
<-><->
      
l.162 ... t_i, s )$ and $t_{s,i} := \min( t_i, s)$
                                                  .
Not a real error.

[36]
! Preview: Snippet 37 started.
<-><->
      
l.164 \subsection
                 {Formula for $G(t,t')$}
Not a real error.

! Preview: Snippet 37 ended.(492688+163840x7650033).
<-><->
      
l.164 \subsection{Formula for $G(t,t')$}
                                        
Not a real error.

[37

]

LaTeX Warning: Reference `bigG' on page 1 undefined on input line 166.

! Preview: Snippet 38 started.
<-><->
      
l.166 We start with \ref{bigG}, the formula for $
                                                 G(t,t')$. The integrand is
Not a real error.

! Preview: Snippet 38 ended.(492688+163840x1973452).
<-><->
      
l.166 ...ith \ref{bigG}, the formula for $G(t,t')$
                                                  . The integrand is
Not a real error.

[38]
! Preview: Snippet 39 started.
<-><->
      
l.168 \begin{equation}
                      
Not a real error.

! Preview: Snippet 39 ended.(2279204+0x19983980).
<-><->
      
l.170 \end{equation}
                    
Not a real error.

[39]
! Preview: Snippet 40 started.
<-><->
      
l.174 \begin{equation}
                      
Not a real error.

! Preview: Snippet 40 ended.(2359318+0x20548751).
<-><->
      
l.176 \end{equation}
                    
Not a real error.

[40]
! Preview: Snippet 41 started.
<-><->
      
l.180 \begin{equation}
                      
Not a real error.

! Preview: Snippet 41 ended.(2314959+0x18801746).
<-><->
      
l.182 \end{equation}
                    
Not a real error.

[41]
! Preview: Snippet 42 started.
<-><->
      
l.186 \begin{equation}
                      
Not a real error.

! Preview: Snippet 42 ended.(2314959+0x15555543).
<-><->
      
l.188 \end{equation}
                    
Not a real error.

[42]
! Preview: Snippet 43 started.
<-><->
      
l.190 $
       \gamma_j$ is dependent on $t$ if and only if $j=l(t)$. In this case $...

Not a real error.

! Preview: Snippet 43 ended.(282168+187504x615440).
<-><->
      
l.190 $\gamma_j$
                 is dependent on $t$ if and only if $j=l(t)$. In this case $...

Not a real error.

[43]
! Preview: Snippet 44 started.
<-><->
      
l.190 $\gamma_j$ is dependent on $
                                  t$ if and only if $j=l(t)$. In this case $...

Not a real error.

! Preview: Snippet 44 ended.(403098+0x236658).
<-><->
      
l.190 $\gamma_j$ is dependent on $t$
                                     if and only if $j=l(t)$. In this case $...

Not a real error.

[44]
! Preview: Snippet 45 started.
<-><->
      
l.190 ...a_j$ is dependent on $t$ if and only if $
                                                  j=l(t)$. In this case $i>l...

Not a real error.

! Preview: Snippet 45 ended.(491520+163840x2136028).
<-><->
      
l.190 ... dependent on $t$ if and only if $j=l(t)$
                                                  . In this case $i>l(t)$ ne...

Not a real error.

[45]
! Preview: Snippet 46 started.
<-><->
      
l.190 ...$ if and only if $j=l(t)$. In this case $
                                                  i>l(t)$ necessarily. $\eta...

Not a real error.

! Preview: Snippet 46 ended.(491520+163840x2054412).
<-><->
      
l.190 ...d only if $j=l(t)$. In this case $i>l(t)$
                                                   necessarily. $\eta_i$ is ...

Not a real error.

[46]
! Preview: Snippet 47 started.
<-><->
      
l.190 ...t)$. In this case $i>l(t)$ necessarily. $
                                                  \eta_i$ is dependent on $t...

Not a real error.

! Preview: Snippet 47 ended.(282168+127431x543594).
<-><->
      
l.190 ... this case $i>l(t)$ necessarily. $\eta_i$
                                                   is dependent on $t$ if an...

Not a real error.

[47]
! Preview: Snippet 48 started.
<-><->
      
l.190 ...$ necessarily. $\eta_i$ is dependent on $
                                                  t$ if and only if $i=l(t)$...

Not a real error.

! Preview: Snippet 48 ended.(403098+0x236658).
<-><->
      
l.190 ...necessarily. $\eta_i$ is dependent on $t$
                                                   if and only if $i=l(t)$. ...

Not a real error.

[48]
! Preview: Snippet 49 started.
<-><->
      
l.190 ...a_i$ is dependent on $t$ if and only if $
                                                  i=l(t)$. In these cases
Not a real error.

! Preview: Snippet 49 ended.(491520+163840x2054412).
<-><->
      
l.190 ... dependent on $t$ if and only if $i=l(t)$
                                                  . In these cases
Not a real error.

[49]
! Preview: Snippet 50 started.
<-><->
      
l.192 \begin{eqnarray}
                      
Not a real error.

! Preview: Snippet 50 ended.(3598851+0x23592960).
<-><->
      
l.195 \end{eqnarray}
                    
Not a real error.

[50]
! Preview: Snippet 51 started.
<-><->
      
l.197 If $
          j>l(t)$ resp. $i>l(t)$ these integrals can be computed trivially b...

Not a real error.

! Preview: Snippet 51 ended.(491520+163840x2136028).
<-><->
      
l.197 If $j>l(t)$
                  resp. $i>l(t)$ these integrals can be computed trivially b...

Not a real error.

[51]
! Preview: Snippet 52 started.
<-><->
      
l.197 If $j>l(t)$ resp. $
                         i>l(t)$ these integrals can be computed trivially b...

Not a real error.

! Preview: Snippet 52 ended.(491520+163840x2054412).
<-><->
      
l.197 If $j>l(t)$ resp. $i>l(t)$
                                 these integrals can be computed trivially b...

Not a real error.

[52]
! Preview: Snippet 53 started.
<-><->
      
l.197 ...an be computed trivially by multiplying $
                                                  \gamma_j$ resp. $\eta_i$ b...

Not a real error.

! Preview: Snippet 53 ended.(282168+187504x615440).
<-><->
      
l.197 ...puted trivially by multiplying $\gamma_j$
                                                   resp. $\eta_i$ by the int...

Not a real error.

[53]
! Preview: Snippet 54 started.
<-><->
      
l.197 ...ivially by multiplying $\gamma_j$ resp. $
                                                  \eta_i$ by the interval le...

Not a real error.

! Preview: Snippet 54 ended.(282168+127431x543594).
<-><->
      
l.197 ... by multiplying $\gamma_j$ resp. $\eta_i$
                                                   by the interval length ov...

Not a real error.

[54]
! Preview: Snippet 55 started.
<-><->
      
l.199 \subsection
                 {Formula for $y(t)$}
Not a real error.

! Preview: Snippet 55 ended.(491520+163840x6767789).
<-><->
      
l.199 \subsection{Formula for $y(t)$}
                                     
Not a real error.

[55

]

LaTeX Warning: Reference `smallY' on page 1 undefined on input line 201.

! Preview: Snippet 56 started.
<-><->
      
l.203 \begin{equation}
                      
Not a real error.

! Preview: Snippet 56 ended.(2279204+0x18350189).
<-><->
      
l.205 \end{equation}
                    
Not a real error.

[56]
! Preview: Snippet 57 started.
<-><->
      
l.209 \begin{equation}
                      
Not a real error.

! Preview: Snippet 57 ended.(2359318+0x21810586).
<-><->
      
l.211 \end{equation}
                    
Not a real error.

[57]
! Preview: Snippet 58 started.
<-><->
      
l.215 \begin{equation}
                      \label{explicitY}
Not a real error.

! Preview: Snippet 58 ended.(2359318+0x19718907).
<-><->
      
l.217 \end{equation}
                    
Not a real error.

[58

]
! Preview: Snippet 59 started.
<-><->
      
l.221 \begin{equation}
                      
Not a real error.

! Preview: Snippet 59 ended.(2359318+0x15743624).
<-><->
      
l.223 \end{equation}
                    
Not a real error.

[59]
! Preview: Snippet 60 started.
<-><->
      
l.225 $
       \alpha_i$ resp. $\beta_j$ is dependent on $t$ if and only if $i=h(t)-...

Not a real error.

! Preview: Snippet 60 ended.(282168+98303x637423).
<-><->
      
l.225 $\alpha_i$
                 resp. $\beta_j$ is dependent on $t$ if and only if $i=h(t)-...

Not a real error.

[60]
! Preview: Snippet 61 started.
<-><->
      
l.225 $\alpha_i$ resp. $
                        \beta_j$ is dependent on $t$ if and only if $i=h(t)-...

Not a real error.

! Preview: Snippet 61 ended.(455111+187504x646828).
<-><->
      
l.225 $\alpha_i$ resp. $\beta_j$
                                 is dependent on $t$ if and only if $i=h(t)-...

Not a real error.

[61]
! Preview: Snippet 62 started.
<-><->
      
l.225 $\alpha_i$ resp. $\beta_j$ is dependent on $
                                                  t$ if and only if $i=h(t)-...

Not a real error.

! Preview: Snippet 62 ended.(403098+0x236658).
<-><->
      
l.225 ...ha_i$ resp. $\beta_j$ is dependent on $t$
                                                   if and only if $i=h(t)-1$...

Not a real error.

[62]
! Preview: Snippet 63 started.
<-><->
      
l.225 ...a_j$ is dependent on $t$ if and only if $
                                                  i=h(t)-1$ resp. $j=h(t)-1$...

Not a real error.

! Preview: Snippet 63 ended.(491520+163840x3352232).
<-><->
      
l.225 ...ependent on $t$ if and only if $i=h(t)-1$
                                                   resp. $j=h(t)-1$. In the ...

Not a real error.

[63]
! Preview: Snippet 64 started.
<-><->
      
l.225 ... on $t$ if and only if $i=h(t)-1$ resp. $
                                                  j=h(t)-1$. In the latter c...

Not a real error.

! Preview: Snippet 64 ended.(491520+163840x3433848).
<-><->
      
l.225 ...f and only if $i=h(t)-1$ resp. $j=h(t)-1$
                                                  . In the latter case $i<h(...

Not a real error.

[64]
! Preview: Snippet 65 started.
<-><->
      
l.225 ...1$ resp. $j=h(t)-1$. In the latter case $
                                                  i<h(t)-1$ necessarily. In ...

Not a real error.

! Preview: Snippet 65 ended.(491520+163840x3352232).
<-><->
      
l.225 ...$j=h(t)-1$. In the latter case $i<h(t)-1$
                                                   necessarily. In these cases
Not a real error.

[65]
! Preview: Snippet 66 started.
<-><->
      
l.227 \begin{eqnarray}
                      
Not a real error.

! Preview: Snippet 66 ended.(3653920+0x23592960).
<-><->
      
l.230 \end{eqnarray}
                    
Not a real error.

[66]
! Preview: Snippet 67 started.
<-><->
      
l.232 If $
          i<h(t)-1$ resp. $j<h(t)-1$ these integrals can trivially computed ...

Not a real error.

! Preview: Snippet 67 ended.(491520+163840x3352232).
<-><->
      
l.232 If $i<h(t)-1$
                    resp. $j<h(t)-1$ these integrals can trivially computed ...

Not a real error.

[67]
! Preview: Snippet 68 started.
<-><->
      
l.232 If $i<h(t)-1$ resp. $
                           j<h(t)-1$ these integrals can trivially computed ...

Not a real error.

! Preview: Snippet 68 ended.(491520+163840x3433848).
<-><->
      
l.232 If $i<h(t)-1$ resp. $j<h(t)-1$
                                     these integrals can trivially computed ...

Not a real error.

[68]
! Preview: Snippet 69 started.
<-><->
      
l.232 ...s can trivially computed by multiplying $
                                                  \alpha_i$ resp. $\beta_j$ ...

Not a real error.

! Preview: Snippet 69 ended.(282168+98303x637423).
<-><->
      
l.232 ...vially computed by multiplying $\alpha_i$
                                                   resp. $\beta_j$ by the in...

Not a real error.

[69]
! Preview: Snippet 70 started.
<-><->
      
l.232 ...omputed by multiplying $\alpha_i$ resp. $
                                                  \beta_j$ by the interval l...

Not a real error.

! Preview: Snippet 70 ended.(455111+187504x646828).
<-><->
      
l.232 ...by multiplying $\alpha_i$ resp. $\beta_j$
                                                   by the interval length ov...

Not a real error.

[70]
! Preview: Snippet 71 started.
<-><->
      
l.235 \subsection
                 {Formula for $A(s,t)$}
Not a real error.

! Preview: Snippet 71 ended.(491520+163840x7512955).
<-><->
      
l.235 \subsection{Formula for $A(s,t)$}
                                       
Not a real error.

[71

]

LaTeX Warning: Reference `condExpectationVariance' on page 1 undefined on input
 line 237.

! Preview: Snippet 72 started.
<-><->
      
l.239 \begin{equation}
                      
Not a real error.

! Preview: Snippet 72 ended.(2279204+0x17613779).
<-><->
      
l.241 \end{equation}
                    
Not a real error.

[72]
! Preview: Snippet 73 started.
<-><->
      
l.243 $
       \zeta_i$ is dependent on $s$ if and only if $i=l(s)$. In this case
Not a real error.

! Preview: Snippet 73 ended.(455111+127431x504909).
<-><->
      
l.243 $\zeta_i$
                is dependent on $s$ if and only if $i=l(s)$. In this case
Not a real error.

[73]
! Preview: Snippet 74 started.
<-><->
      
l.243 $\zeta_i$ is dependent on $
                                 s$ if and only if $i=l(s)$. In this case
Not a real error.

! Preview: Snippet 74 ended.(282168+0x307200).
<-><->
      
l.243 $\zeta_i$ is dependent on $s$
                                    if and only if $i=l(s)$. In this case
Not a real error.

[74]
! Preview: Snippet 75 started.
<-><->
      
l.243 ...a_i$ is dependent on $s$ if and only if $
                                                  i=l(s)$. In this case
Not a real error.

! Preview: Snippet 75 ended.(491520+163840x2124954).
<-><->
      
l.243 ... dependent on $s$ if and only if $i=l(s)$
                                                  . In this case
Not a real error.

[75]
! Preview: Snippet 76 started.
<-><->
      
l.245 \begin{equation}
                      
Not a real error.

! Preview: Snippet 76 ended.(1456371+0x15383204).
<-><->
      
l.247 \end{equation}
                    
Not a real error.

[76]
! Preview: Snippet 77 started.
<-><->
      
l.249 If $
          i>l(s)$ the integral can be computed trivially by multiplying $\ze...

Not a real error.

! Preview: Snippet 77 ended.(491520+163840x2124954).
<-><->
      
l.249 If $i>l(s)$
                  the integral can be computed trivially by multiplying $\ze...

Not a real error.

[77]
! Preview: Snippet 78 started.
<-><->
      
l.249 ...an be computed trivially by multiplying $
                                                  \zeta_i$ by the interval l...

Not a real error.

! Preview: Snippet 78 ended.(455111+127431x504909).
<-><->
      
l.249 ...mputed trivially by multiplying $\zeta_i$
                                                   by the interval length ov...

Not a real error.

[78]
! Preview: Snippet 79 started.
<-><->
      
l.251 \subsection
                 {Formula for $E(x(t)|x(w))$}
Not a real error.

! Preview: Snippet 79 ended.(491520+163840x9381948).
<-><->
      
l.251 \subsection{Formula for $E(x(t)|x(w))$}
                                             
Not a real error.

[79

]
! Preview: Snippet 80 started.
<-><->
      
l.253 \subsubsection
                    {The easy part}
Not a real error.

! Preview: Snippet 80 ended.(455111+127431x5951734).
<-><->
      
l.253 \subsubsection{The easy part}
                                   
Not a real error.

[80

]
! Preview: Snippet 81 started.
<-><->
      
l.255 The first term $
                      A(w,t) x(w)$ in the conditional expectation can easily...

Not a real error.

! Preview: Snippet 81 ended.(491520+163840x3387092).
<-><->
      
l.255 The first term $A(w,t) x(w)$
                                   in the conditional expectation can easily...

Not a real error.

[81]
! Preview: Snippet 82 started.
<-><->
      
l.257 \begin{equation}
                      
Not a real error.

! Preview: Snippet 82 ended.(1609289+0x16709261).
<-><->
      
l.259 \end{equation}
                    
Not a real error.

[82]
! Preview: Snippet 83 started.
<-><->
      
l.261 \subsubsection
                    {First not so easy part of the integral}
Not a real error.

! Preview: Snippet 83 ended.(455111+127431x12425549).
<-><->
      
l.261 ...n{First not so easy part of the integral}
                                                  
Not a real error.

[83

]
! Preview: Snippet 84 started.
<-><->
      
l.263 Let's start with the integral over $
                                          A(s,t)y(s)$, which is
Not a real error.

! Preview: Snippet 84 ended.(491520+163840x2998124).
<-><->
      
l.263 ...start with the integral over $A(s,t)y(s)$
                                                  , which is
Not a real error.

[84]
! Preview: Snippet 85 started.
<-><->
      
l.265 \begin{equation}
                      
Not a real error.

! Preview: Snippet 85 ended.(2359318+0x17886164).
<-><->
      
l.267 \end{equation}
                    
Not a real error.

[85]
! Preview: Snippet 86 started.
<-><->
      
l.269 ...egrate each single summand, i.e. we fix $
                                                  k$ and $l$. $\zeta_i$ depe...

Not a real error.

! Preview: Snippet 86 ended.(455111+0x361814).
<-><->
      
l.269 ...rate each single summand, i.e. we fix $k$
                                                   and $l$. $\zeta_i$ depend...

Not a real error.

[86]
! Preview: Snippet 87 started.
<-><->
      
l.269 ...ach single summand, i.e. we fix $k$ and $
                                                  l$. $\zeta_i$ depends on $...

Not a real error.

! Preview: Snippet 87 ended.(455111+0x208442).
<-><->
      
l.269 ...h single summand, i.e. we fix $k$ and $l$
                                                  . $\zeta_i$ depends on $s$...

Not a real error.

[87]
! Preview: Snippet 88 started.
<-><->
      
l.269 ...ingle summand, i.e. we fix $k$ and $l$. $
                                                  \zeta_i$ depends on $s$ if...

Not a real error.

! Preview: Snippet 88 ended.(455111+127431x504909).
<-><->
      
l.269 ...mmand, i.e. we fix $k$ and $l$. $\zeta_i$
                                                   depends on $s$ iff $i=k$....

Not a real error.

[88]
! Preview: Snippet 89 started.
<-><->
      
l.269 ...e fix $k$ and $l$. $\zeta_i$ depends on $
                                                  s$ iff $i=k$. $beta$ depen...

Not a real error.

! Preview: Snippet 89 ended.(282168+0x307200).
<-><->
      
l.269 ...fix $k$ and $l$. $\zeta_i$ depends on $s$
                                                   iff $i=k$. $beta$ depends...

Not a real error.

[89]
! Preview: Snippet 90 started.
<-><->
      
l.269 ...$ and $l$. $\zeta_i$ depends on $s$ iff $
                                                  i=k$. $beta$ depends on $s...

Not a real error.

! Preview: Snippet 90 ended.(455111+0x1461400).
<-><->
      
l.269 ...d $l$. $\zeta_i$ depends on $s$ iff $i=k$
                                                  . $beta$ depends on $s$ if...

Not a real error.

[90]
! Preview: Snippet 91 started.
<-><->
      
l.269 ...l$. $\zeta_i$ depends on $s$ iff $i=k$. $
                                                  beta$ depends on $s$ iff $...

Not a real error.

! Preview: Snippet 91 ended.(455111+0x1169485).
<-><->
      
l.269 ...\zeta_i$ depends on $s$ iff $i=k$. $beta$
                                                   depends on $s$ iff $j=k$....

Not a real error.

[91]
! Preview: Snippet 92 started.
<-><->
      
l.269 ...nds on $s$ iff $i=k$. $beta$ depends on $
                                                  s$ iff $j=k$. $\alpha_l$ d...

Not a real error.

! Preview: Snippet 92 ended.(282168+0x307200).
<-><->
      
l.269 ...s on $s$ iff $i=k$. $beta$ depends on $s$
                                                   iff $j=k$. $\alpha_l$ dep...

Not a real error.

[92]
! Preview: Snippet 93 started.
<-><->
      
l.269 ...s$ iff $i=k$. $beta$ depends on $s$ iff $
                                                  j=k$. $\alpha_l$ depends
Not a real error.

! Preview: Snippet 93 ended.(455111+127431x1543016).
<-><->
      
l.269 ...ff $i=k$. $beta$ depends on $s$ iff $j=k$
                                                  . $\alpha_l$ depends
Not a real error.

[93]
! Preview: Snippet 94 started.
<-><->
      
l.269 ...$i=k$. $beta$ depends on $s$ iff $j=k$. $
                                                  \alpha_l$ depends
Not a real error.

! Preview: Snippet 94 ended.(282168+98303x620395).
<-><->
      
l.269 ...eta$ depends on $s$ iff $j=k$. $\alpha_l$
                                                   depends
Not a real error.

[94]
! Preview: Snippet 95 started.
<-><->
      
l.270 on $
          s$ iff $l=k$.
Not a real error.

! Preview: Snippet 95 ended.(282168+0x307200).
<-><->
      
l.270 on $s$
             iff $l=k$.
Not a real error.

[95]
! Preview: Snippet 96 started.
<-><->
      
l.270 on $s$ iff $
                  l=k$.
Not a real error.

! Preview: Snippet 96 ended.(455111+0x1444062).
<-><->
      
l.270 on $s$ iff $l=k$
                      .
Not a real error.

[96]
! Preview: Snippet 97 started.
<-><->
      
l.272 Consider the case $
                         l<k$ first. Then $\alpha_l$ does not depend on $s$....

Not a real error.

! Preview: Snippet 97 ended.(455111+25623x1444062).
<-><->
      
l.272 Consider the case $l<k$
                              first. Then $\alpha_l$ does not depend on $s$....

Not a real error.

[97]
! Preview: Snippet 98 started.
<-><->
      
l.272 Consider the case $l<k$ first. Then $
                                           \alpha_l$ does not depend on $s$....

Not a real error.

! Preview: Snippet 98 ended.(282168+98303x620395).
<-><->
      
l.272 ...der the case $l<k$ first. Then $\alpha_l$
                                                   does not depend on $s$. A...

Not a real error.

[98]
! Preview: Snippet 99 started.
<-><->
      
l.272 ...rst. Then $\alpha_l$ does not depend on $
                                                  s$. Amongst the factors in...

Not a real error.

! Preview: Snippet 99 ended.(282168+0x307200).
<-><->
      
l.272 ...t. Then $\alpha_l$ does not depend on $s$
                                                  . Amongst the factors in r...

Not a real error.

[99]
! Preview: Snippet 100 started.
<-><->
      
l.272 ...t the factors in round brackets exactly $
                                                  \zeta_k$ and $\beta_k$ are...

Not a real error.

! Preview: Snippet 100 ended.(455111+127431x609169).
<-><->
      
l.272 ...ctors in round brackets exactly $\zeta_k$
                                                   and $\beta_k$ are dependi...

Not a real error.

[100]
! Preview: Snippet 101 started.
<-><->
      
l.272 ...in round brackets exactly $\zeta_k$ and $
                                                  \beta_k$ are depending on ...

Not a real error.

! Preview: Snippet 101 ended.(455111+127431x693136).
<-><->
      
l.272 ... brackets exactly $\zeta_k$ and $\beta_k$
                                                   are depending on $s$. In ...

Not a real error.

[101]
! Preview: Snippet 102 started.
<-><->
      
l.272 ...\zeta_k$ and $\beta_k$ are depending on $
                                                  s$. In essence we are left...

Not a real error.

! Preview: Snippet 102 ended.(282168+0x307200).
<-><->
      
l.272 ...eta_k$ and $\beta_k$ are depending on $s$
                                                  . In essence we are left w...

Not a real error.

[102]
! Preview: Snippet 103 started.
<-><->
      
l.274 \begin{equation}
                      
Not a real error.

! Preview: Snippet 103 ended.(1456371+0x13154078).
<-><->
      
l.276 \end{equation}
                    
Not a real error.

[103]
! Preview: Snippet 104 started.
<-><->
      
l.280 \begin{equation}
                      
Not a real error.

! Preview: Snippet 104 ended.(1456371+0x15972751).
<-><->
      
l.282 \end{equation}
                    
Not a real error.

[104]
! Preview: Snippet 105 started.
<-><->
      
l.286 \begin{equation}
                      
Not a real error.

! Preview: Snippet 105 ended.(1413547+0x15243952).
<-><->
      
l.288 \end{equation}
                    
Not a real error.

[105]
! Preview: Snippet 106 started.
<-><->
      
l.290 Now consider the case $
                             l=k$. In this case exactly the factors $alpha_k...

Not a real error.

! Preview: Snippet 106 ended.(455111+0x1444062).
<-><->
      
l.290 Now consider the case $l=k$
                                 . In this case exactly the factors $alpha_k...

Not a real error.

[106]
! Preview: Snippet 107 started.
<-><->
      
l.290 ...$l=k$. In this case exactly the factors $
                                                  alpha_k$ and $\zeta_k$ dep...

Not a real error.

! Preview: Snippet 107 ended.(455111+127431x1931041).
<-><->
      
l.290 ...n this case exactly the factors $alpha_k$
                                                   and $\zeta_k$ depend on $...

Not a real error.

[107]
! Preview: Snippet 108 started.
<-><->
      
l.290 ... case exactly the factors $alpha_k$ and $
                                                  \zeta_k$ depend on $s$. No...

Not a real error.

! Preview: Snippet 108 ended.(455111+127431x609169).
<-><->
      
l.290 ...actly the factors $alpha_k$ and $\zeta_k$
                                                   depend on $s$. Note that ...

Not a real error.

[108]
! Preview: Snippet 109 started.
<-><->
      
l.290 ...ctors $alpha_k$ and $\zeta_k$ depend on $
                                                  s$. Note that $\beta_k$ do...

Not a real error.

! Preview: Snippet 109 ended.(282168+0x307200).
<-><->
      
l.290 ...ors $alpha_k$ and $\zeta_k$ depend on $s$
                                                  . Note that $\beta_k$ does...

Not a real error.

[109]
! Preview: Snippet 110 started.
<-><->
      
l.290 ... and $\zeta_k$ depend on $s$. Note that $
                                                  \beta_k$ does not occur in...

Not a real error.

! Preview: Snippet 110 ended.(455111+127431x693136).
<-><->
      
l.290 ...eta_k$ depend on $s$. Note that $\beta_k$
                                                   does not occur in the pro...

Not a real error.

[110]
! Preview: Snippet 111 started.
<-><->
      
l.292 \begin{equation}
                      
Not a real error.

! Preview: Snippet 111 ended.(1628202+0x19394105).
<-><->
      
l.294 \end{equation}
                    
Not a real error.

[111]
! Preview: Snippet 112 started.
<-><->
      
l.298 \begin{equation}
                      
Not a real error.

! Preview: Snippet 112 ended.(1628202+0x18234798).
<-><->
      
l.300 \end{equation}
                    
Not a real error.

[112]
! Preview: Snippet 113 started.
<-><->
      
l.304 \begin{equation}
                      
Not a real error.

! Preview: Snippet 113 ended.(1711096+0x17919749).
<-><->
      
l.306 \end{equation}
                    
Not a real error.

[113]
! Preview: Snippet 114 started.
<-><->
      
l.308 \subsubsection
                    {Second not so easy part of the integral}
Not a real error.

! Preview: Snippet 114 ended.(455111+127431x12977504).
<-><->
      
l.308 ...{Second not so easy part of the integral}
                                                  
Not a real error.

[114

]
! Preview: Snippet 115 started.
<-><->
      
l.310 Similarly the integral over $
                                   -A(s,t)\sigma_r(s)^2G(s,T)$ can be written
Not a real error.

! Preview: Snippet 115 ended.(533465+163840x6219190).
<-><->
      
l.310 ...ntegral over $-A(s,t)\sigma_r(s)^2G(s,T)$
                                                   can be written
Not a real error.

[115]
! Preview: Snippet 116 started.
<-><->
      
l.312 \begin{equation}
                      
Not a real error.

! Preview: Snippet 116 ended.(2359318+0x18675331).
<-><->
      
l.315 \end{equation}
                    
Not a real error.

[116]
! Preview: Snippet 117 started.
<-><->
      
l.317 As above, fix $
                     k$ and $l$. $\eta_l$ is dependent on $s$ iff $l=k$, $\z...

Not a real error.

! Preview: Snippet 117 ended.(455111+0x361814).
<-><->
      
l.317 As above, fix $k$
                        and $l$. $\eta_l$ is dependent on $s$ iff $l=k$, $\z...

Not a real error.

[117]
! Preview: Snippet 118 started.
<-><->
      
l.317 As above, fix $k$ and $
                             l$. $\eta_l$ is dependent on $s$ iff $l=k$, $\z...

Not a real error.

! Preview: Snippet 118 ended.(455111+0x208442).
<-><->
      
l.317 As above, fix $k$ and $l$
                               . $\eta_l$ is dependent on $s$ iff $l=k$, $\z...

Not a real error.

[118]
! Preview: Snippet 119 started.
<-><->
      
l.317 As above, fix $k$ and $l$. $
                                  \eta_l$ is dependent on $s$ iff $l=k$, $\z...

Not a real error.

! Preview: Snippet 119 ended.(282168+127431x526566).
<-><->
      
l.317 As above, fix $k$ and $l$. $\eta_l$
                                          is dependent on $s$ iff $l=k$, $\z...

Not a real error.

[119]
! Preview: Snippet 120 started.
<-><->
      
l.317 ...x $k$ and $l$. $\eta_l$ is dependent on $
                                                  s$ iff $l=k$, $\zeta_i$ is...

Not a real error.

! Preview: Snippet 120 ended.(282168+0x307200).
<-><->
      
l.317 ...$k$ and $l$. $\eta_l$ is dependent on $s$
                                                   iff $l=k$, $\zeta_i$ is d...

Not a real error.

[120]
! Preview: Snippet 121 started.
<-><->
      
l.317 ...d $l$. $\eta_l$ is dependent on $s$ iff $
                                                  l=k$, $\zeta_i$ is depende...

Not a real error.

! Preview: Snippet 121 ended.(455111+0x1444062).
<-><->
      
l.317 ...$. $\eta_l$ is dependent on $s$ iff $l=k$
                                                  , $\zeta_i$ is dependent o...

Not a real error.

[121]
! Preview: Snippet 122 started.
<-><->
      
l.317 ...$\eta_l$ is dependent on $s$ iff $l=k$, $
                                                  \zeta_i$ is dependent on $...

Not a real error.

! Preview: Snippet 122 ended.(455111+127431x504909).
<-><->
      
l.317 ... is dependent on $s$ iff $l=k$, $\zeta_i$
                                                   is dependent on $s$ iff $...

Not a real error.

[122]
! Preview: Snippet 123 started.
<-><->
      
l.317 ...s$ iff $l=k$, $\zeta_i$ is dependent on $
                                                  s$ iff $i=k$, $\gamma_j$ i...

Not a real error.

! Preview: Snippet 123 ended.(282168+0x307200).
<-><->
      
l.317 ... iff $l=k$, $\zeta_i$ is dependent on $s$
                                                   iff $i=k$, $\gamma_j$ is ...

Not a real error.

[123]
! Preview: Snippet 124 started.
<-><->
      
l.317 ...l=k$, $\zeta_i$ is dependent on $s$ iff $
                                                  i=k$, $\gamma_j$ is depend...

Not a real error.

! Preview: Snippet 124 ended.(455111+0x1461400).
<-><->
      
l.317 ..., $\zeta_i$ is dependent on $s$ iff $i=k$
                                                  , $\gamma_j$ is dependent ...

Not a real error.

[124]
! Preview: Snippet 125 started.
<-><->
      
l.317 ...\zeta_i$ is dependent on $s$ iff $i=k$, $
                                                  \gamma_j$ is dependent on ...

Not a real error.

! Preview: Snippet 125 ended.(282168+187504x615440).
<-><->
      
l.317 ...is dependent on $s$ iff $i=k$, $\gamma_j$
                                                   is dependent on $s$ iff $...

Not a real error.

[125]
! Preview: Snippet 126 started.
<-><->
      
l.317 ...$ iff $i=k$, $\gamma_j$ is dependent on $
                                                  s$ iff $j=k$.
Not a real error.

! Preview: Snippet 126 ended.(282168+0x307200).
<-><->
      
l.317 ...iff $i=k$, $\gamma_j$ is dependent on $s$
                                                   iff $j=k$.
Not a real error.

[126]
! Preview: Snippet 127 started.
<-><->
      
l.317 ...=k$, $\gamma_j$ is dependent on $s$ iff $
                                                  j=k$.
Not a real error.

! Preview: Snippet 127 ended.(455111+127431x1543016).
<-><->
      
l.317 ... $\gamma_j$ is dependent on $s$ iff $j=k$
                                                  .
Not a real error.

[127]
! Preview: Snippet 128 started.
<-><->
      
l.319 Again we start wit the case $
                                   l>k$. As above we are left with $\int \ze...

Not a real error.

! Preview: Snippet 128 ended.(455111+25623x1444062).
<-><->
      
l.319 Again we start wit the case $l>k$
                                       . As above we are left with $\int \ze...

Not a real error.

[128]
! Preview: Snippet 129 started.
<-><->
      
l.319 ...e case $l>k$. As above we are left with $
                                                  \int \zeta_k \gamma_k$, wh...

Not a real error.

! Preview: Snippet 129 ended.(527932+200253x1817048).
<-><->
      
l.319 ... we are left with $\int \zeta_k \gamma_k$
                                                  , which is
Not a real error.

[129]
! Preview: Snippet 130 started.
<-><->
      
l.321 \begin{equation}
                      
Not a real error.

! Preview: Snippet 130 ended.(1456371+0x16122032).
<-><->
      
l.323 \end{equation}
                    
Not a real error.

[130]
! Preview: Snippet 131 started.
<-><->
      
l.327 \begin{equation}
                      
Not a real error.

! Preview: Snippet 131 ended.(1573093+0x14714167).
<-><->
      
l.329 \end{equation}
                    
Not a real error.

[131]
! Preview: Snippet 132 started.
<-><->
      
l.331 If on the other hand $
                            l=k$, we face $\int \eta_k\zeta_k$ which can be ...

Not a real error.

! Preview: Snippet 132 ended.(455111+0x1444062).
<-><->
      
l.331 If on the other hand $l=k$
                                , we face $\int \eta_k\zeta_k$ which can be ...

Not a real error.

[132]
! Preview: Snippet 133 started.
<-><->
      
l.331 If on the other hand $l=k$, we face $
                                           \int \eta_k\zeta_k$ which can be ...

Not a real error.

! Preview: Snippet 133 ended.(527932+200253x1803154).
<-><->
      
l.331 ... hand $l=k$, we face $\int \eta_k\zeta_k$
                                                   which can be computed as
Not a real error.

[133]
! Preview: Snippet 134 started.
<-><->
      
l.333 \begin{equation}
                      
Not a real error.

! Preview: Snippet 134 ended.(1647845+0x17585180).
<-><->
      
l.335 \end{equation}
                    
Not a real error.

[134]
! Preview: Snippet 135 started.
<-><->
      
l.339 \begin{equation}
                      
Not a real error.

! Preview: Snippet 135 ended.(1672485+0x17400303).
<-><->
      
l.341 \end{equation}
                    
Not a real error.

[135]
! Preview: Snippet 136 started.
<-><->
      
l.343 \subsection
                 {Formula for $\textnormal{Var}(x(t) | x(w)) $}
Not a real error.

! Preview: Snippet 136 ended.(491520+163840x9881663).
<-><->
      
l.343 ...ula for $\textnormal{Var}(x(t) | x(w)) $}
                                                  
Not a real error.

[136

]
! Preview: Snippet 137 started.
<-><->
      
l.346 \begin{equation}
                      
Not a real error.

! Preview: Snippet 137 ended.(1609289+0x14536024).
<-><->
      
l.348 \end{equation}
                    
Not a real error.

[137]
! Preview: Snippet 138 started.
<-><->
      
l.352 \begin{equation}
                      
Not a real error.

! Preview: Snippet 138 ended.(2279204+0x15851514).
<-><->
      
l.354 \end{equation}
                    
Not a real error.

[138]
! Preview: Snippet 139 started.
<-><->
      
l.356 For fixed $
                 k$ the term not covered yet is $\int \zeta_k^2 ds$, which is
Not a real error.

! Preview: Snippet 139 ended.(455111+0x361814).
<-><->
      
l.356 For fixed $k$
                    the term not covered yet is $\int \zeta_k^2 ds$, which is
Not a real error.

[139]
! Preview: Snippet 140 started.
<-><->
      
l.356 For fixed $k$ the term not covered yet is $
                                                 \int \zeta_k^2 ds$, which is
Not a real error.

! Preview: Snippet 140 ended.(533465+200253x1823516).
<-><->
      
l.356 ...rm not covered yet is $\int \zeta_k^2 ds$
                                                  , which is
Not a real error.

[140]
! Preview: Snippet 141 started.
<-><->
      
l.358 \begin{equation}
                      
Not a real error.

! Preview: Snippet 141 ended.(1589591+0x16861457).
<-><->
      
l.360 \end{equation}
                    
Not a real error.

[141]
\newlabel{tocindent-1}{0pt}
\newlabel{tocindent0}{0pt}
\newlabel{tocindent1}{17.77782pt}
\newlabel{tocindent2}{29.38873pt}
\newlabel{tocindent3}{0pt}

LaTeX Warning: There were undefined references.

 ) 
Here is how much of TeX's memory you used:
 2545 strings out of 495061
 29353 string characters out of 1182621
 83276 words of memory out of 3000000
 5560 multiletter control sequences out of 15000+50000
 10834 words of font info for 42 fonts, out of 3000000 for 9000
 189 hyphenation exceptions out of 8191
 34i,10n,32p,680b,217s stack positions out of 5000i,500n,10000p,200000b,50000s
</usr/share/texmf-texlive/fonts/type1/public/amsfonts/cm/cmbx10.pfb></usr/sha
re/texmf-texlive/fonts/type1/public/amsfonts/cm/cmcsc10.pfb></usr/share/texmf-t
exlive/fonts/type1/public/amsfonts/cm/cmex10.pfb></usr/share/texmf-texlive/font
s/type1/public/amsfonts/cmextra/cmex7.pfb></usr/share/texmf-texlive/fonts/type1
/public/amsfonts/cm/cmmi10.pfb></usr/share/texmf-texlive/fonts/type1/public/ams
fonts/cm/cmmi5.pfb></usr/share/texmf-texlive/fonts/type1/public/amsfonts/cm/cmm
i7.pfb></usr/share/texmf-texlive/fonts/type1/public/amsfonts/cm/cmr10.pfb></usr
/share/texmf-texlive/fonts/type1/public/amsfonts/cm/cmr5.pfb></usr/share/texmf-
texlive/fonts/type1/public/amsfonts/cm/cmr7.pfb></usr/share/texmf-texlive/fonts
/type1/public/amsfonts/cm/cmsy10.pfb></usr/share/texmf-texlive/fonts/type1/publ
ic/amsfonts/cm/cmsy5.pfb></usr/share/texmf-texlive/fonts/type1/public/amsfonts/
cm/cmsy7.pfb></usr/share/texmf-texlive/fonts/type1/public/amsfonts/cm/cmti10.pf
b>
Output written on _region_.pdf (141 pages, 225166 bytes).
PDF statistics:
 510 PDF objects out of 1000 (max. 8388607)
 0 named destinations out of 1000 (max. 500000)
 1 words of extra memory for PDF output out of 10000 (max. 10000000)

