This is pdfTeX, Version 3.1415926-2.3-1.40.12 (MiKTeX 2.9 64-bit) (preloaded format=pdflatex 2012.6.10)  16 APR 2013 10:02
entering extended mode
**C:/Users/Peter/Google*Drive/_doc/MF/MF.tex
("C:/Users/Peter/Google Drive/_doc/MF/MF.tex"
LaTeX2e <2011/06/27>
Babel <v3.8m> and hyphenation patterns for english, afrikaans, ancientgreek, ar
abic, armenian, assamese, basque, bengali, bokmal, bulgarian, catalan, coptic, 
croatian, czech, danish, dutch, esperanto, estonian, farsi, finnish, french, ga
lician, german, german-x-2009-06-19, greek, gujarati, hindi, hungarian, iceland
ic, indonesian, interlingua, irish, italian, kannada, kurmanji, lao, latin, lat
vian, lithuanian, malayalam, marathi, mongolian, mongolianlmc, monogreek, ngerm
an, ngerman-x-2009-06-19, nynorsk, oriya, panjabi, pinyin, polish, portuguese, 
romanian, russian, sanskrit, serbian, slovak, slovenian, spanish, swedish, swis
sgerman, tamil, telugu, turkish, turkmen, ukenglish, ukrainian, uppersorbian, u
senglishmax, welsh, loaded.
("C:\Program Files\MiKTeX 2.9\tex\latex\ams\classes\amsart.cls"
Document Class: amsart 2009/07/02 v2.20.1
\linespacing=\dimen102
\normalparindent=\dimen103
\normaltopskip=\skip41
("C:\Program Files\MiKTeX 2.9\tex\latex\ams\math\amsmath.sty"
Package: amsmath 2000/07/18 v2.13 AMS math features
\@mathmargin=\skip42

For additional information on amsmath, use the `?' option.
("C:\Program Files\MiKTeX 2.9\tex\latex\ams\math\amstext.sty"
Package: amstext 2000/06/29 v2.01

("C:\Program Files\MiKTeX 2.9\tex\latex\ams\math\amsgen.sty"
File: amsgen.sty 1999/11/30 v2.0
\@emptytoks=\toks14
\ex@=\dimen104
))
("C:\Program Files\MiKTeX 2.9\tex\latex\ams\math\amsbsy.sty"
Package: amsbsy 1999/11/29 v1.2d
\pmbraise@=\dimen105
)
("C:\Program Files\MiKTeX 2.9\tex\latex\ams\math\amsopn.sty"
Package: amsopn 1999/12/14 v2.01 operator names
)
\inf@bad=\count79
LaTeX Info: Redefining \frac on input line 211.
\uproot@=\count80
\leftroot@=\count81
LaTeX Info: Redefining \overline on input line 307.
\classnum@=\count82
\DOTSCASE@=\count83
LaTeX Info: Redefining \ldots on input line 379.
LaTeX Info: Redefining \dots on input line 382.
LaTeX Info: Redefining \cdots on input line 467.
\Mathstrutbox@=\box26
\strutbox@=\box27
\big@size=\dimen106
LaTeX Font Info:    Redeclaring font encoding OML on input line 567.
LaTeX Font Info:    Redeclaring font encoding OMS on input line 568.
\macc@depth=\count84
\c@MaxMatrixCols=\count85
\dotsspace@=\muskip10
\c@parentequation=\count86
\dspbrk@lvl=\count87
\tag@help=\toks15
\row@=\count88
\column@=\count89
\maxfields@=\count90
\andhelp@=\toks16
\eqnshift@=\dimen107
\alignsep@=\dimen108
\tagshift@=\dimen109
\tagwidth@=\dimen110
\totwidth@=\dimen111
\lineht@=\dimen112
\@envbody=\toks17
\multlinegap=\skip43
\multlinetaggap=\skip44
\mathdisplay@stack=\toks18
LaTeX Info: Redefining \[ on input line 2666.
LaTeX Info: Redefining \] on input line 2667.
)
LaTeX Font Info:    Try loading font information for U+msa on input line 388.

("C:\Program Files\MiKTeX 2.9\tex\latex\amsfonts\umsa.fd"
File: umsa.fd 2009/06/22 v3.00 AMS symbols A
)
("C:\Program Files\MiKTeX 2.9\tex\latex\amsfonts\amsfonts.sty"
Package: amsfonts 2009/06/22 v3.00 Basic AMSFonts support
\symAMSa=\mathgroup4
\symAMSb=\mathgroup5
LaTeX Font Info:    Overwriting math alphabet `\mathfrak' in version `bold'
(Font)                  U/euf/m/n --> U/euf/b/n on input line 96.
)
\copyins=\insert233
\abstractbox=\box28
\listisep=\skip45
\c@part=\count91
\c@section=\count92
\c@subsection=\count93
\c@subsubsection=\count94
\c@paragraph=\count95
\c@subparagraph=\count96
\c@figure=\count97
\c@table=\count98
\abovecaptionskip=\skip46
\belowcaptionskip=\skip47
\captionindent=\dimen113
\thm@style=\toks19
\thm@bodyfont=\toks20
\thm@headfont=\toks21
\thm@notefont=\toks22
\thm@headpunct=\toks23
\thm@preskip=\skip48
\thm@postskip=\skip49
\thm@headsep=\skip50
\dth@everypar=\toks24
)
("C:\Program Files\MiKTeX 2.9\tex\latex\amsfonts\amssymb.sty"
Package: amssymb 2009/06/22 v3.00
)
("C:\Program Files\MiKTeX 2.9\tex\latex\graphics\graphicx.sty"
Package: graphicx 1999/02/16 v1.0f Enhanced LaTeX Graphics (DPC,SPQR)

("C:\Program Files\MiKTeX 2.9\tex\latex\graphics\keyval.sty"
Package: keyval 1999/03/16 v1.13 key=value parser (DPC)
\KV@toks@=\toks25
)
("C:\Program Files\MiKTeX 2.9\tex\latex\graphics\graphics.sty"
Package: graphics 2009/02/05 v1.0o Standard LaTeX Graphics (DPC,SPQR)

("C:\Program Files\MiKTeX 2.9\tex\latex\graphics\trig.sty"
Package: trig 1999/03/16 v1.09 sin cos tan (DPC)
)
("C:\Program Files\MiKTeX 2.9\tex\latex\00miktex\graphics.cfg"
File: graphics.cfg 2007/01/18 v1.5 graphics configuration of teTeX/TeXLive
)
Package graphics Info: Driver file: pdftex.def on input line 91.

("C:\Program Files\MiKTeX 2.9\tex\latex\pdftex-def\pdftex.def"
File: pdftex.def 2011/05/27 v0.06d Graphics/color for pdfTeX

("C:\Program Files\MiKTeX 2.9\tex\generic\oberdiek\infwarerr.sty"
Package: infwarerr 2010/04/08 v1.3 Providing info/warning/message (HO)
)
("C:\Program Files\MiKTeX 2.9\tex\generic\oberdiek\ltxcmds.sty"
Package: ltxcmds 2011/04/18 v1.20 LaTeX kernel commands for general use (HO)
)
\Gread@gobject=\count99
))
\Gin@req@height=\dimen114
\Gin@req@width=\dimen115
)
(C:\Users\Peter\AppData\Roaming\MiKTeX\2.9\tex\latex\gnuplottex\gnuplottex.sty
Package: gnuplottex 2011/09/12 v0.4.4 gnuplot graphs in LaTeX

("C:\Program Files\MiKTeX 2.9\tex\latex\base\latexsym.sty"
Package: latexsym 1998/08/17 v2.2e Standard LaTeX package (lasy symbols)
\symlasy=\mathgroup6
LaTeX Font Info:    Overwriting symbol font `lasy' in version `bold'
(Font)                  U/lasy/m/n --> U/lasy/b/n on input line 47.
)
("C:\Program Files\MiKTeX 2.9\tex\latex\moreverb\moreverb.sty"
Package: moreverb 2008/06/03 v2.3a `more' verbatim facilities

("C:\Program Files\MiKTeX 2.9\tex\latex\tools\verbatim.sty"
Package: verbatim 2003/08/22 v1.5q LaTeX2e package for verbatim enhancements
\every@verbatim=\toks26
\verbatim@line=\toks27
\verbatim@in@stream=\read1
)
\tab@position=\count100
\tab@size=\count101
\listing@line=\count102
)
("C:\Program Files\MiKTeX 2.9\tex\latex\base\ifthen.sty"
Package: ifthen 2001/05/26 v1.1c Standard LaTeX ifthen package (DPC)
)
\verbatim@out=\write3
runsystem(echo t > "w18-test-2013416602")...disabled (restricted).

runsystem(del "w18-test-2013416602")...disabled (restricted).



Package gnuplottex Warning: Shell escape not enabled.
(gnuplottex)                You'll need to convert the graphs yourself..

\c@fignum=\count103
) ("C:\Program Files\MiKTeX 2.9\tex\latex\oberdiek\epstopdf.sty"
Package: epstopdf 2010/02/09 v2.5 Conversion with epstopdf on the fly (HO)

("C:\Program Files\MiKTeX 2.9\tex\latex\oberdiek\epstopdf-base.sty"
Package: epstopdf-base 2010/02/09 v2.5 Base part for package epstopdf

("C:\Program Files\MiKTeX 2.9\tex\latex\oberdiek\grfext.sty"
Package: grfext 2010/08/19 v1.1 Managing graphics extensions (HO)

("C:\Program Files\MiKTeX 2.9\tex\generic\oberdiek\kvdefinekeys.sty"
Package: kvdefinekeys 2011/04/07 v1.3 Defining keys (HO)
))
("C:\Program Files\MiKTeX 2.9\tex\latex\oberdiek\kvoptions.sty"
Package: kvoptions 2010/12/23 v3.10 Keyval support for LaTeX options (HO)

("C:\Program Files\MiKTeX 2.9\tex\generic\oberdiek\kvsetkeys.sty"
Package: kvsetkeys 2011/04/07 v1.13 Key value parser (HO)

("C:\Program Files\MiKTeX 2.9\tex\generic\oberdiek\etexcmds.sty"
Package: etexcmds 2011/02/16 v1.5 Prefix for e-TeX command names (HO)

("C:\Program Files\MiKTeX 2.9\tex\generic\oberdiek\ifluatex.sty"
Package: ifluatex 2010/03/01 v1.3 Provides the ifluatex switch (HO)
Package ifluatex Info: LuaTeX not detected.
)
Package etexcmds Info: Could not find \expanded.
(etexcmds)             That can mean that you are not using pdfTeX 1.50 or
(etexcmds)             that some package has redefined \expanded.
(etexcmds)             In the latter case, load this package earlier.
)))
("C:\Program Files\MiKTeX 2.9\tex\generic\oberdiek\pdftexcmds.sty"
Package: pdftexcmds 2011/04/22 v0.16 Utilities of pdfTeX for LuaTeX (HO)

("C:\Program Files\MiKTeX 2.9\tex\generic\oberdiek\ifpdf.sty"
Package: ifpdf 2011/01/30 v2.3 Provides the ifpdf switch (HO)
Package ifpdf Info: pdfTeX in PDF mode is detected.
)
Package pdftexcmds Info: LuaTeX not detected.
Package pdftexcmds Info: \pdf@primitive is available.
Package pdftexcmds Info: \pdf@ifprimitive is available.
Package pdftexcmds Info: \pdfdraftmode found.
)
Package grfext Info: Graphics extension search list:
(grfext)             [.png,.pdf,.jpg,.mps,.jpeg,.jbig2,.jb2,.PNG,.PDF,.JPG,.JPE
G,.JBIG2,.JB2,.eps]
(grfext)             \AppendGraphicsExtensions on input line 452.
))
\c@theorem=\count104
\c@acknowledgement=\count105
\c@algorithm=\count106
\c@axiom=\count107
\c@case=\count108
\c@claim=\count109
\c@conclusion=\count110
\c@condition=\count111
\c@conjecture=\count112
\c@corollary=\count113
\c@criterion=\count114
\c@definition=\count115
\c@example=\count116
\c@exercise=\count117
\c@lemma=\count118
\c@notation=\count119
\c@problem=\count120
\c@proposition=\count121
\c@remark=\count122
\c@solution=\count123
\c@summary=\count124

("C:\Users\Peter\Google Drive\_doc\MF\MF.aux")
LaTeX Font Info:    Checking defaults for OML/cmm/m/it on input line 74.
LaTeX Font Info:    ... okay on input line 74.
LaTeX Font Info:    Checking defaults for T1/cmr/m/n on input line 74.
LaTeX Font Info:    ... okay on input line 74.
LaTeX Font Info:    Checking defaults for OT1/cmr/m/n on input line 74.
LaTeX Font Info:    ... okay on input line 74.
LaTeX Font Info:    Checking defaults for OMS/cmsy/m/n on input line 74.
LaTeX Font Info:    ... okay on input line 74.
LaTeX Font Info:    Checking defaults for OMX/cmex/m/n on input line 74.
LaTeX Font Info:    ... okay on input line 74.
LaTeX Font Info:    Checking defaults for U/cmr/m/n on input line 74.
LaTeX Font Info:    ... okay on input line 74.
LaTeX Font Info:    Try loading font information for U+msa on input line 74.

("C:\Program Files\MiKTeX 2.9\tex\latex\amsfonts\umsa.fd"
File: umsa.fd 2009/06/22 v3.00 AMS symbols A
)
LaTeX Font Info:    Try loading font information for U+msb on input line 74.

("C:\Program Files\MiKTeX 2.9\tex\latex\amsfonts\umsb.fd"
File: umsb.fd 2009/06/22 v3.00 AMS symbols B
)
LaTeX Font Info:    Try loading font information for U+lasy on input line 74.

("C:\Program Files\MiKTeX 2.9\tex\latex\base\ulasy.fd"
File: ulasy.fd 1998/08/17 v2.2e LaTeX symbol font definitions
)
("C:\Program Files\MiKTeX 2.9\tex\context\base\supp-pdf.mkii"
[Loading MPS to PDF converter (version 2006.09.02).]
\scratchcounter=\count125
\scratchdimen=\dimen116
\scratchbox=\box29
\nofMPsegments=\count126
\nofMParguments=\count127
\everyMPshowfont=\toks28
\MPscratchCnt=\count128
\MPscratchDim=\dimen117
\MPnumerator=\count129
\makeMPintoPDFobject=\count130
\everyMPtoPDFconversion=\toks29
) [1{C:/Users/Peter/AppData/Local/MiKTeX/2.9/pdftex/config/pdftex.map}]
[2] [3] [4] [5] [6] Opening gnuplot stream MF-gnuplottex-fig1.gnuplot
("C:\Users\Peter\Google Drive\_doc\MF\MF-gnuplottex-fig1.tex"
Package epstopdf Info: Source file: <MF-gnuplottex-fig1.eps>
(epstopdf)                    date: 2013-04-14 19:22:04
(epstopdf)                    size: 54566 bytes
(epstopdf)             Output file: <MF-gnuplottex-fig1-eps-converted-to.pdf>
(epstopdf)                    date: 2013-04-14 19:22:06
(epstopdf)                    size: 34219 bytes
(epstopdf)             Command: <epstopdf --outfile=MF-gnuplottex-fig1-eps-conv
erted-to.pdf MF-gnuplottex-fig1.eps>
(epstopdf)             \includegraphics on input line 117.
Package epstopdf Info: Output file is already uptodate.

<MF-gnuplottex-fig1-eps-converted-to.pdf, id=35, 361.35pt x 252.945pt>
File: MF-gnuplottex-fig1-eps-converted-to.pdf Graphic file (type pdf)

<use MF-gnuplottex-fig1-eps-converted-to.pdf>
Package pdftex.def Info: MF-gnuplottex-fig1-eps-converted-to.pdf used on input 
line 117.
(pdftex.def)             Requested size: 361.34912pt x 252.94438pt.
)
Overfull \hbox (1.34033pt too wide) in paragraph at lines 356--357
 [][] 
 []

[7]

LaTeX Warning: Float too large for page by 62.28888pt on input line 434.

[8 <C:/Users/Peter/Google Drive/_doc/MF/MF-gnuplottex-fig1-eps-converted-to.pdf
>] Opening gnuplot stream MF-gnuplottex-fig2.gnuplot
("C:\Users\Peter\Google Drive\_doc\MF\MF-gnuplottex-fig2.tex"
Package epstopdf Info: Source file: <MF-gnuplottex-fig2.eps>
(epstopdf)                    date: 2013-04-14 19:22:06
(epstopdf)                    size: 20366 bytes
(epstopdf)             Output file: <MF-gnuplottex-fig2-eps-converted-to.pdf>
(epstopdf)                    date: 2013-04-14 19:22:06
(epstopdf)                    size: 3716 bytes
(epstopdf)             Command: <epstopdf --outfile=MF-gnuplottex-fig2-eps-conv
erted-to.pdf MF-gnuplottex-fig2.eps>
(epstopdf)             \includegraphics on input line 99.
Package epstopdf Info: Output file is already uptodate.

<MF-gnuplottex-fig2-eps-converted-to.pdf, id=46, 361.35pt x 252.945pt>
File: MF-gnuplottex-fig2-eps-converted-to.pdf Graphic file (type pdf)

<use MF-gnuplottex-fig2-eps-converted-to.pdf>
Package pdftex.def Info: MF-gnuplottex-fig2-eps-converted-to.pdf used on input 
line 99.
(pdftex.def)             Requested size: 361.34912pt x 252.94438pt.
)
Overfull \hbox (1.34033pt too wide) in paragraph at lines 485--486
 [][] 
 []

[9] Opening gnuplot stream MF-gnuplottex-fig3.gnuplot
("C:\Users\Peter\Google Drive\_doc\MF\MF-gnuplottex-fig3.tex"
Package epstopdf Info: Source file: <MF-gnuplottex-fig3.eps>
(epstopdf)                    date: 2013-04-14 19:22:06
(epstopdf)                    size: 20606 bytes
(epstopdf)             Output file: <MF-gnuplottex-fig3-eps-converted-to.pdf>
(epstopdf)                    date: 2013-04-14 19:22:07
(epstopdf)                    size: 3993 bytes
(epstopdf)             Command: <epstopdf --outfile=MF-gnuplottex-fig3-eps-conv
erted-to.pdf MF-gnuplottex-fig3.eps>
(epstopdf)             \includegraphics on input line 97.
Package epstopdf Info: Output file is already uptodate.

<MF-gnuplottex-fig3-eps-converted-to.pdf, id=50, 361.35pt x 252.945pt>
File: MF-gnuplottex-fig3-eps-converted-to.pdf Graphic file (type pdf)

<use MF-gnuplottex-fig3-eps-converted-to.pdf>
Package pdftex.def Info: MF-gnuplottex-fig3-eps-converted-to.pdf used on input 
line 97.
(pdftex.def)             Requested size: 361.34912pt x 252.94438pt.
)
Overfull \hbox (1.34033pt too wide) in paragraph at lines 499--500
 [][] 
 []

Opening gnuplot stream MF-gnuplottex-fig4.gnuplot
("C:\Users\Peter\Google Drive\_doc\MF\MF-gnuplottex-fig4.tex"
Package epstopdf Info: Source file: <MF-gnuplottex-fig4.eps>
(epstopdf)                    date: 2013-04-14 19:22:07
(epstopdf)                    size: 20504 bytes
(epstopdf)             Output file: <MF-gnuplottex-fig4-eps-converted-to.pdf>
(epstopdf)                    date: 2013-04-14 19:22:07
(epstopdf)                    size: 3860 bytes
(epstopdf)             Command: <epstopdf --outfile=MF-gnuplottex-fig4-eps-conv
erted-to.pdf MF-gnuplottex-fig4.eps>
(epstopdf)             \includegraphics on input line 95.
Package epstopdf Info: Output file is already uptodate.

<MF-gnuplottex-fig4-eps-converted-to.pdf, id=51, 361.35pt x 252.945pt>
File: MF-gnuplottex-fig4-eps-converted-to.pdf Graphic file (type pdf)

<use MF-gnuplottex-fig4-eps-converted-to.pdf>
Package pdftex.def Info: MF-gnuplottex-fig4-eps-converted-to.pdf used on input 
line 95.
(pdftex.def)             Requested size: 361.34912pt x 252.94438pt.
)
Overfull \hbox (1.34033pt too wide) in paragraph at lines 513--514
 [][] 
 []

Opening gnuplot stream MF-gnuplottex-fig5.gnuplot
("C:\Users\Peter\Google Drive\_doc\MF\MF-gnuplottex-fig5.tex"
Package epstopdf Info: Source file: <MF-gnuplottex-fig5.eps>
(epstopdf)                    date: 2013-04-14 19:22:08
(epstopdf)                    size: 20293 bytes
(epstopdf)             Output file: <MF-gnuplottex-fig5-eps-converted-to.pdf>
(epstopdf)                    date: 2013-04-14 19:22:08
(epstopdf)                    size: 3711 bytes
(epstopdf)             Command: <epstopdf --outfile=MF-gnuplottex-fig5-eps-conv
erted-to.pdf MF-gnuplottex-fig5.eps>
(epstopdf)             \includegraphics on input line 94.
Package epstopdf Info: Output file is already uptodate.

<MF-gnuplottex-fig5-eps-converted-to.pdf, id=52, 361.35pt x 252.945pt>
File: MF-gnuplottex-fig5-eps-converted-to.pdf Graphic file (type pdf)

<use MF-gnuplottex-fig5-eps-converted-to.pdf>
Package pdftex.def Info: MF-gnuplottex-fig5-eps-converted-to.pdf used on input 
line 94.
(pdftex.def)             Requested size: 361.34912pt x 252.94438pt.
)
Overfull \hbox (1.34033pt too wide) in paragraph at lines 527--528
 [][] 
 []

[10 <C:/Users/Peter/Google Drive/_doc/MF/MF-gnuplottex-fig2-eps-converted-to.pd
f>] [11 <C:/Users/Peter/Google Drive/_doc/MF/MF-gnuplottex-fig3-eps-converted-t
o.pdf>]
Overfull \hbox (7.43828pt too wide) in paragraph at lines 570--571
 \OT1/cmr/m/n/10 5.4.2.\OT1/cmr/m/it/10 MarkovFunctionalCapFloorEngine.[] \OT1/
cmr/m/n/10 This en-gine prices plain vanilla caps, floors
 []

[12 <C:/Users/Peter/Google Drive/_doc/MF/MF-gnuplottex-fig4-eps-converted-to.pd
f>] [13 <C:/Users/Peter/Google Drive/_doc/MF/MF-gnuplottex-fig5-eps-converted-t
o.pdf>] Opening gnuplot stream MF-gnuplottex-fig6.gnuplot
("C:\Users\Peter\Google Drive\_doc\MF\MF-gnuplottex-fig6.tex"
Package epstopdf Info: Source file: <MF-gnuplottex-fig6.eps>
(epstopdf)                    date: 2013-04-14 19:22:08
(epstopdf)                    size: 29888 bytes
(epstopdf)             Output file: <MF-gnuplottex-fig6-eps-converted-to.pdf>
(epstopdf)                    date: 2013-04-14 19:22:08
(epstopdf)                    size: 5321 bytes
(epstopdf)             Command: <epstopdf --outfile=MF-gnuplottex-fig6-eps-conv
erted-to.pdf MF-gnuplottex-fig6.eps>
(epstopdf)             \includegraphics on input line 101.
Package epstopdf Info: Output file is already uptodate.

<MF-gnuplottex-fig6-eps-converted-to.pdf, id=74, 361.35pt x 252.945pt>
File: MF-gnuplottex-fig6-eps-converted-to.pdf Graphic file (type pdf)

<use MF-gnuplottex-fig6-eps-converted-to.pdf>
Package pdftex.def Info: MF-gnuplottex-fig6-eps-converted-to.pdf used on input 
line 101.
(pdftex.def)             Requested size: 361.34912pt x 252.94438pt.
)
Overfull \hbox (1.34033pt too wide) in paragraph at lines 598--599
 [][] 
 []

Opening gnuplot stream MF-gnuplottex-fig7.gnuplot
("C:\Users\Peter\Google Drive\_doc\MF\MF-gnuplottex-fig7.tex"
Package epstopdf Info: Source file: <MF-gnuplottex-fig7.eps>
(epstopdf)                    date: 2013-04-14 19:22:09
(epstopdf)                    size: 29778 bytes
(epstopdf)             Output file: <MF-gnuplottex-fig7-eps-converted-to.pdf>
(epstopdf)                    date: 2013-04-14 19:22:09
(epstopdf)                    size: 6723 bytes
(epstopdf)             Command: <epstopdf --outfile=MF-gnuplottex-fig7-eps-conv
erted-to.pdf MF-gnuplottex-fig7.eps>
(epstopdf)             \includegraphics on input line 101.
Package epstopdf Info: Output file is already uptodate.

<MF-gnuplottex-fig7-eps-converted-to.pdf, id=75, 361.35pt x 252.945pt>
File: MF-gnuplottex-fig7-eps-converted-to.pdf Graphic file (type pdf)

<use MF-gnuplottex-fig7-eps-converted-to.pdf>
Package pdftex.def Info: MF-gnuplottex-fig7-eps-converted-to.pdf used on input 
line 101.
(pdftex.def)             Requested size: 361.34912pt x 252.94438pt.
)
Overfull \hbox (1.34033pt too wide) in paragraph at lines 612--613
 [][] 
 []


Underfull \hbox (badness 5331) in paragraph at lines 618--620
[]\OT1/cmr/m/n/8 Kahale, Nabil: An ar-bi-trage free in-ter-po-la-tion of volati
l-i-ties, Risk May 2004,
 []


Underfull \hbox (badness 10000) in paragraph at lines 618--620
\OT1/cmr/m/n/8 http://www.risk.net/data/Pay[]per[]view/risk/technical/2004/0504
[]tech[]option2.pdf or
 []

[14 <C:/Users/Peter/Google Drive/_doc/MF/MF-gnuplottex-fig6-eps-converted-to.pd
f>] [15 <C:/Users/Peter/Google Drive/_doc/MF/MF-gnuplottex-fig7-eps-converted-t
o.pdf>] [16] ("C:\Users\Peter\Google Drive\_doc\MF\MF.aux") ) 
Here is how much of TeX's memory you used:
 3230 strings out of 494045
 42669 string characters out of 3148387
 108295 words of memory out of 3000000
 6273 multiletter control sequences out of 15000+200000
 10913 words of font info for 46 fonts, out of 3000000 for 9000
 876 hyphenation exceptions out of 8191
 42i,9n,32p,881b,331s stack positions out of 5000i,500n,10000p,200000b,50000s
<C:/Program Files/
MiKTeX 2.9/fonts/type1/public/amsfonts/cm/cmbx10.pfb><C:/Program Files/MiKTeX 2
.9/fonts/type1/public/amsfonts/cm/cmcsc10.pfb><C:/Program Files/MiKTeX 2.9/font
s/type1/public/amsfonts/cm/cmex10.pfb><C:/Program Files/MiKTeX 2.9/fonts/type1/
public/amsfonts/cm/cmmi10.pfb><C:/Program Files/MiKTeX 2.9/fonts/type1/public/a
msfonts/cm/cmmi5.pfb><C:/Program Files/MiKTeX 2.9/fonts/type1/public/amsfonts/c
m/cmmi7.pfb><C:/Program Files/MiKTeX 2.9/fonts/type1/public/amsfonts/cm/cmr10.p
fb><C:/Program Files/MiKTeX 2.9/fonts/type1/public/amsfonts/cm/cmr5.pfb><C:/Pro
gram Files/MiKTeX 2.9/fonts/type1/public/amsfonts/cm/cmr7.pfb><C:/Program Files
/MiKTeX 2.9/fonts/type1/public/amsfonts/cm/cmr8.pfb><C:/Program Files/MiKTeX 2.
9/fonts/type1/public/amsfonts/cm/cmsy10.pfb><C:/Program Files/MiKTeX 2.9/fonts/
type1/public/amsfonts/cm/cmsy5.pfb><C:/Program Files/MiKTeX 2.9/fonts/type1/pub
lic/amsfonts/cm/cmsy7.pfb><C:/Program Files/MiKTeX 2.9/fonts/type1/public/amsfo
nts/cm/cmti10.pfb><C:/Program Files/MiKTeX 2.9/fonts/type1/public/amsfonts/cm/c
mti8.pfb><C:/Program Files/MiKTeX 2.9/fonts/type1/public/amsfonts/cm/cmtt10.pfb
><C:/Program Files/MiKTeX 2.9/fonts/type1/public/amsfonts/cm/cmtt8.pfb>
Output written on MF.pdf (16 pages, 323897 bytes).
PDF statistics:
 143 PDF objects out of 1000 (max. 8388607)
 0 named destinations out of 1000 (max. 500000)
 36 words of extra memory for PDF output out of 10000 (max. 10000000)

